
*** Running vivado
    with args -log system_rst_ps7_0_100M_0.vds -m64 -product Vivado -mode batch -messageDb vivado.pb -notrace -source system_rst_ps7_0_100M_0.tcl


****** Vivado v2017.2 (64-bit)
  **** SW Build 1909853 on Thu Jun 15 18:39:10 MDT 2017
  **** IP Build 1909766 on Thu Jun 15 19:58:00 MDT 2017
    ** Copyright 1986-2017 Xilinx, Inc. All Rights Reserved.

source system_rst_ps7_0_100M_0.tcl -notrace
Starting RTL Elaboration : Time (s): cpu = 00:00:05 ; elapsed = 00:00:05 . Memory (MB): peak = 1153.629 ; gain = 54.996 ; free physical = 1047 ; free virtual = 11866
INFO: [Synth 8-638] synthesizing module 'system_rst_ps7_0_100M_0' [/media/mitsuaki/Data/UNSW/18s1/cs4601/WavletVHDL/imagecompression/imagecompression.srcs/sources_1/bd/system/ip/system_rst_ps7_0_100M_0/synth/system_rst_ps7_0_100M_0.vhd:74]
INFO: [Synth 8-638] synthesizing module 'proc_sys_reset' [/media/mitsuaki/Data/UNSW/18s1/cs4601/WavletVHDL/imagecompression/imagecompression.srcs/sources_1/bd/system/ipshared/5db7/hdl/proc_sys_reset_v5_0_vh_rfs.vhd:1323]
INFO: [Synth 8-638] synthesizing module 'lpf' [/media/mitsuaki/Data/UNSW/18s1/cs4601/WavletVHDL/imagecompression/imagecompression.srcs/sources_1/bd/system/ipshared/5db7/hdl/proc_sys_reset_v5_0_vh_rfs.vhd:816]
INFO: [Synth 8-638] synthesizing module 'SRL16' [/opt/Xilinx/Vivado/2017.2/scripts/rt/data/unisim_comp.v:43657]
INFO: [Synth 8-256] done synthesizing module 'SRL16' (1#1) [/opt/Xilinx/Vivado/2017.2/scripts/rt/data/unisim_comp.v:43657]
INFO: [Synth 8-638] synthesizing module 'cdc_sync' [/media/mitsuaki/Data/UNSW/18s1/cs4601/WavletVHDL/imagecompression/imagecompression.srcs/sources_1/bd/system/ipshared/52cb/hdl/lib_cdc_v1_0_rfs.vhd:106]
INFO: [Synth 8-256] done synthesizing module 'cdc_sync' (2#1) [/media/mitsuaki/Data/UNSW/18s1/cs4601/WavletVHDL/imagecompression/imagecompression.srcs/sources_1/bd/system/ipshared/52cb/hdl/lib_cdc_v1_0_rfs.vhd:106]
INFO: [Synth 8-256] done synthesizing module 'lpf' (3#1) [/media/mitsuaki/Data/UNSW/18s1/cs4601/WavletVHDL/imagecompression/imagecompression.srcs/sources_1/bd/system/ipshared/5db7/hdl/proc_sys_reset_v5_0_vh_rfs.vhd:816]
INFO: [Synth 8-638] synthesizing module 'sequence_psr' [/media/mitsuaki/Data/UNSW/18s1/cs4601/WavletVHDL/imagecompression/imagecompression.srcs/sources_1/bd/system/ipshared/5db7/hdl/proc_sys_reset_v5_0_vh_rfs.vhd:301]
INFO: [Synth 8-638] synthesizing module 'upcnt_n' [/media/mitsuaki/Data/UNSW/18s1/cs4601/WavletVHDL/imagecompression/imagecompression.srcs/sources_1/bd/system/ipshared/5db7/hdl/proc_sys_reset_v5_0_vh_rfs.vhd:125]
INFO: [Synth 8-256] done synthesizing module 'upcnt_n' (4#1) [/media/mitsuaki/Data/UNSW/18s1/cs4601/WavletVHDL/imagecompression/imagecompression.srcs/sources_1/bd/system/ipshared/5db7/hdl/proc_sys_reset_v5_0_vh_rfs.vhd:125]
INFO: [Synth 8-256] done synthesizing module 'sequence_psr' (5#1) [/media/mitsuaki/Data/UNSW/18s1/cs4601/WavletVHDL/imagecompression/imagecompression.srcs/sources_1/bd/system/ipshared/5db7/hdl/proc_sys_reset_v5_0_vh_rfs.vhd:301]
INFO: [Synth 8-256] done synthesizing module 'proc_sys_reset' (6#1) [/media/mitsuaki/Data/UNSW/18s1/cs4601/WavletVHDL/imagecompression/imagecompression.srcs/sources_1/bd/system/ipshared/5db7/hdl/proc_sys_reset_v5_0_vh_rfs.vhd:1323]
INFO: [Synth 8-256] done synthesizing module 'system_rst_ps7_0_100M_0' (7#1) [/media/mitsuaki/Data/UNSW/18s1/cs4601/WavletVHDL/imagecompression/imagecompression.srcs/sources_1/bd/system/ip/system_rst_ps7_0_100M_0/synth/system_rst_ps7_0_100M_0.vhd:74]
Finished RTL Elaboration : Time (s): cpu = 00:00:06 ; elapsed = 00:00:06 . Memory (MB): peak = 1195.129 ; gain = 96.496 ; free physical = 1046 ; free virtual = 11866
Finished RTL Optimization Phase 1 : Time (s): cpu = 00:00:06 ; elapsed = 00:00:06 . Memory (MB): peak = 1195.129 ; gain = 96.496 ; free physical = 1043 ; free virtual = 11863
INFO: [Device 21-403] Loading part xc7z020clg484-1
Constraint Validation Runtime : Time (s): cpu = 00:00:00.03 ; elapsed = 00:00:00.02 . Memory (MB): peak = 1530.137 ; gain = 0.000 ; free physical = 657 ; free virtual = 11483
Finished Constraint Validation : Time (s): cpu = 00:00:18 ; elapsed = 00:00:18 . Memory (MB): peak = 1530.137 ; gain = 431.504 ; free physical = 705 ; free virtual = 11532
Finished Loading Part and Timing Information : Time (s): cpu = 00:00:18 ; elapsed = 00:00:18 . Memory (MB): peak = 1530.137 ; gain = 431.504 ; free physical = 705 ; free virtual = 11532
Finished applying 'set_property' XDC Constraints : Time (s): cpu = 00:00:18 ; elapsed = 00:00:18 . Memory (MB): peak = 1530.137 ; gain = 431.504 ; free physical = 707 ; free virtual = 11533
Finished RTL Optimization Phase 2 : Time (s): cpu = 00:00:18 ; elapsed = 00:00:18 . Memory (MB): peak = 1530.137 ; gain = 431.504 ; free physical = 699 ; free virtual = 11526
Finished Cross Boundary and Area Optimization : Time (s): cpu = 00:00:18 ; elapsed = 00:00:19 . Memory (MB): peak = 1530.137 ; gain = 431.504 ; free physical = 689 ; free virtual = 11516
Finished Applying XDC Timing Constraints : Time (s): cpu = 00:00:26 ; elapsed = 00:00:27 . Memory (MB): peak = 1530.137 ; gain = 431.504 ; free physical = 561 ; free virtual = 11387
Finished Timing Optimization : Time (s): cpu = 00:00:26 ; elapsed = 00:00:27 . Memory (MB): peak = 1530.137 ; gain = 431.504 ; free physical = 561 ; free virtual = 11387
Finished Technology Mapping : Time (s): cpu = 00:00:26 ; elapsed = 00:00:27 . Memory (MB): peak = 1530.137 ; gain = 431.504 ; free physical = 559 ; free virtual = 11386
Finished IO Insertion : Time (s): cpu = 00:00:26 ; elapsed = 00:00:27 . Memory (MB): peak = 1530.137 ; gain = 431.504 ; free physical = 560 ; free virtual = 11386
Finished Renaming Generated Instances : Time (s): cpu = 00:00:26 ; elapsed = 00:00:27 . Memory (MB): peak = 1530.137 ; gain = 431.504 ; free physical = 560 ; free virtual = 11386
Finished Rebuilding User Hierarchy : Time (s): cpu = 00:00:26 ; elapsed = 00:00:27 . Memory (MB): peak = 1530.137 ; gain = 431.504 ; free physical = 560 ; free virtual = 11386
Finished Renaming Generated Ports : Time (s): cpu = 00:00:26 ; elapsed = 00:00:27 . Memory (MB): peak = 1530.137 ; gain = 431.504 ; free physical = 560 ; free virtual = 11386
Finished Handling Custom Attributes : Time (s): cpu = 00:00:26 ; elapsed = 00:00:27 . Memory (MB): peak = 1530.137 ; gain = 431.504 ; free physical = 560 ; free virtual = 11386
Finished Renaming Generated Nets : Time (s): cpu = 00:00:26 ; elapsed = 00:00:27 . Memory (MB): peak = 1530.137 ; gain = 431.504 ; free physical = 560 ; free virtual = 11386

Report Cell Usage: 
+------+------+------+
|      |Cell  |Count |
+------+------+------+
|1     |LUT1  |     5|
|2     |LUT2  |     9|
|3     |LUT3  |     1|
|4     |LUT4  |     6|
|5     |LUT5  |     3|
|6     |LUT6  |     1|
|7     |SRL16 |     1|
|8     |FDR   |     8|
|9     |FDRE  |    28|
|10    |FDSE  |     4|
+------+------+------+
Finished Writing Synthesis Report : Time (s): cpu = 00:00:26 ; elapsed = 00:00:27 . Memory (MB): peak = 1530.137 ; gain = 431.504 ; free physical = 560 ; free virtual = 11386
synth_design: Time (s): cpu = 00:00:28 ; elapsed = 00:00:29 . Memory (MB): peak = 1530.145 ; gain = 444.098 ; free physical = 585 ; free virtual = 11411
