Copyright 1986-2017 Xilinx, Inc. All Rights Reserved.
------------------------------------------------------------------------------------
| Tool Version : Vivado v.2017.2 (win64) Build 1909853 Thu Jun 15 18:39:09 MDT 2017
| Date         : Wed May 23 18:02:16 2018
| Host         : RYAN-HP running 64-bit major release  (build 9200)
| Command      : upgrade_ip
| Device       : xc7z020clg484-1
------------------------------------------------------------------------------------

Upgrade Log for IP 'system_axi_ip_demo_0_0'

1. Summary
----------

SUCCESS in the upgrade of system_axi_ip_demo_0_0 from user.org:user:axi_ip_demo:4.0 (Rev. 1) to user.org:user:axi_ip_demo:5.0 (Rev. 1)






Copyright 1986-2017 Xilinx, Inc. All Rights Reserved.
------------------------------------------------------------------------------------
| Tool Version : Vivado v.2017.2 (lin64) Build 1909853 Thu Jun 15 18:39:10 MDT 2017
| Date         : Wed May 23 17:47:05 2018
| Host         : mitsuaki-X550LD running 64-bit Ubuntu 16.04.4 LTS
| Command      : upgrade_ip
| Device       : xc7z020clg484-1
------------------------------------------------------------------------------------

Upgrade Log for IP 'system_axi_ip_demo_0_0'

1. Summary
----------

SUCCESS in the upgrade of system_axi_ip_demo_0_0 from user.org:user:axi_ip_demo:3.7 (Rev. 3) to user.org:user:axi_ip_demo:4.0 (Rev. 1)






Copyright 1986-2017 Xilinx, Inc. All Rights Reserved.
------------------------------------------------------------------------------------
| Tool Version : Vivado v.2017.2 (lin64) Build 1909853 Thu Jun 15 18:39:10 MDT 2017
| Date         : Wed May 23 15:22:43 2018
| Host         : mitsuaki-X550LD running 64-bit Ubuntu 16.04.4 LTS
| Command      : upgrade_ip
| Device       : xc7z020clg484-1
------------------------------------------------------------------------------------

Upgrade Log for IP 'system_axi_ip_demo_0_0'

1. Summary
----------

SUCCESS in the upgrade of system_axi_ip_demo_0_0 (user.org:user:axi_ip_demo:3.7) from (Rev. 2) to (Rev. 3)






Copyright 1986-2017 Xilinx, Inc. All Rights Reserved.
------------------------------------------------------------------------------------
| Tool Version : Vivado v.2017.2 (lin64) Build 1909853 Thu Jun 15 18:39:10 MDT 2017
| Date         : Wed May 23 13:15:27 2018
| Host         : mitsuaki-X550LD running 64-bit Ubuntu 16.04.4 LTS
| Command      : upgrade_ip
| Device       : xc7z020clg484-1
------------------------------------------------------------------------------------

Upgrade Log for IP 'system_axi_ip_demo_0_0'

1. Summary
----------

SUCCESS in the upgrade of system_axi_ip_demo_0_0 (user.org:user:axi_ip_demo:3.7) from (Rev. 1) to (Rev. 2)






Copyright 1986-2017 Xilinx, Inc. All Rights Reserved.
------------------------------------------------------------------------------------
| Tool Version : Vivado v.2017.2 (lin64) Build 1909853 Thu Jun 15 18:39:10 MDT 2017
| Date         : Tue May 22 20:35:26 2018
| Host         : mitsuaki-X550LD running 64-bit Ubuntu 16.04.4 LTS
| Command      : upgrade_ip
| Device       : xc7z020clg484-1
------------------------------------------------------------------------------------

Upgrade Log for IP 'system_axi_ip_demo_0_0'

1. Summary
----------

SUCCESS in the upgrade of system_axi_ip_demo_0_0 from user.org:user:axi_ip_demo:3.5 (Rev. 1) to user.org:user:axi_ip_demo:3.7 (Rev. 1)






Copyright 1986-2017 Xilinx, Inc. All Rights Reserved.
------------------------------------------------------------------------------------
| Tool Version : Vivado v.2017.2 (lin64) Build 1909853 Thu Jun 15 18:39:10 MDT 2017
| Date         : Tue May 22 18:16:39 2018
| Host         : mitsuaki-X550LD running 64-bit Ubuntu 16.04.4 LTS
| Command      : upgrade_ip
| Device       : xc7z020clg484-1
------------------------------------------------------------------------------------

Upgrade Log for IP 'system_axi_ip_demo_0_0'

1. Summary
----------

SUCCESS in the upgrade of system_axi_ip_demo_0_0 from user.org:user:axi_ip_demo:3.0 (Rev. 1) to user.org:user:axi_ip_demo:3.5 (Rev. 1)






Copyright 1986-2017 Xilinx, Inc. All Rights Reserved.
------------------------------------------------------------------------------------
| Tool Version : Vivado v.2017.2 (lin64) Build 1909853 Thu Jun 15 18:39:10 MDT 2017
| Date         : Tue May 22 16:40:42 2018
| Host         : mitsuaki-X550LD running 64-bit Ubuntu 16.04.4 LTS
| Command      : upgrade_ip
| Device       : xc7z020clg484-1
------------------------------------------------------------------------------------

Upgrade Log for IP 'system_axi_ip_demo_0_0'

1. Summary
----------

SUCCESS in the upgrade of system_axi_ip_demo_0_0 from user.org:user:axi_ip_demo:2.0 (Rev. 1) to user.org:user:axi_ip_demo:3.0 (Rev. 1)






Copyright 1986-2017 Xilinx, Inc. All Rights Reserved.
------------------------------------------------------------------------------------
| Tool Version : Vivado v.2017.2 (lin64) Build 1909853 Thu Jun 15 18:39:10 MDT 2017
| Date         : Tue May 22 15:41:52 2018
| Host         : mitsuaki-X550LD running 64-bit Ubuntu 16.04.4 LTS
| Command      : upgrade_ip
| Device       : xc7z020clg484-1
------------------------------------------------------------------------------------

Upgrade Log for IP 'system_axi_ip_demo_0_0'

1. Summary
----------

CAUTION (success, with warnings) in the upgrade of system_axi_ip_demo_0_0 from user.org:user:axi_ip_demo:1.0 (Rev. 1) to user.org:user:axi_ip_demo:2.0 (Rev. 1)

2. Interface Information
------------------------

Detected external interface differences while upgrading 'system_axi_ip_demo_0_0'.


-Upgrade has removed interface 'S00_AXI_CLK'

-Upgrade has removed interface 'S00_AXI_RST'

-Upgrade has added interface 's00_axi_aclk' (xilinx.com:signal:clock:1.0)

-Upgrade has added interface 's00_axi_aresetn' (xilinx.com:signal:reset:1.0)


