#-----------------------------------------------------------
# Vivado v2017.2 (64-bit)
# SW Build 1909853 on Thu Jun 15 18:39:09 MDT 2017
# IP Build 1909766 on Thu Jun 15 19:58:00 MDT 2017
# Start of session at: Sun May 27 22:17:05 2018
# Process ID: 7376
# Current directory: C:/Users/Kevin/Documents/COMP4601/WavletVHDL/imagecompression
# Command line: vivado.exe -gui_launcher_event rodinguilauncherevent1308 C:\Users\Kevin\Documents\COMP4601\WavletVHDL\imagecompression\imagecompression.xpr
# Log file: C:/Users/Kevin/Documents/COMP4601/WavletVHDL/imagecompression/vivado.log
# Journal file: C:/Users/Kevin/Documents/COMP4601/WavletVHDL/imagecompression\vivado.jou
#-----------------------------------------------------------
start_gui
open_project C:/Users/Kevin/Documents/COMP4601/WavletVHDL/imagecompression/imagecompression.xpr
Scanning sources...
Finished scanning sources
INFO: [IP_Flow 19-234] Refreshing IP repositories
INFO: [IP_Flow 19-1700] Loaded user IP repository 'c:/Users/Kevin/Documents/COMP4601/WavletVHDL/ip_repo/axi_ip_demo_1.0'.
INFO: [IP_Flow 19-2313] Loaded Vivado IP repository 'C:/Xilinx/Vivado/2017.2/data/ip'.
WARNING: [IP_Flow 19-3664] IP 'system_axi_ip_demo_1_1' generated file not found 'c:/Users/Kevin/Documents/COMP4601/WavletVHDL/imagecompression/imagecompression.srcs/sources_1/bd/system/ip/system_axi_ip_demo_1_1/system_axi_ip_demo_1_1.dcp'. Please regenerate to continue.
WARNING: [IP_Flow 19-3664] IP 'system_axi_ip_demo_1_1' generated file not found 'c:/Users/Kevin/Documents/COMP4601/WavletVHDL/imagecompression/imagecompression.srcs/sources_1/bd/system/ip/system_axi_ip_demo_1_1/system_axi_ip_demo_1_1_stub.v'. Please regenerate to continue.
WARNING: [IP_Flow 19-3664] IP 'system_axi_ip_demo_1_1' generated file not found 'c:/Users/Kevin/Documents/COMP4601/WavletVHDL/imagecompression/imagecompression.srcs/sources_1/bd/system/ip/system_axi_ip_demo_1_1/system_axi_ip_demo_1_1_stub.vhdl'. Please regenerate to continue.
WARNING: [IP_Flow 19-3664] IP 'system_axi_ip_demo_1_1' generated file not found 'c:/Users/Kevin/Documents/COMP4601/WavletVHDL/imagecompression/imagecompression.srcs/sources_1/bd/system/ip/system_axi_ip_demo_1_1/system_axi_ip_demo_1_1_sim_netlist.v'. Please regenerate to continue.
WARNING: [IP_Flow 19-3664] IP 'system_axi_ip_demo_1_1' generated file not found 'c:/Users/Kevin/Documents/COMP4601/WavletVHDL/imagecompression/imagecompression.srcs/sources_1/bd/system/ip/system_axi_ip_demo_1_1/system_axi_ip_demo_1_1_sim_netlist.vhdl'. Please regenerate to continue.
WARNING: [IP_Flow 19-3664] IP 'floating_point_0' generated file not found 'c:/Users/Kevin/Documents/COMP4601/WavletVHDL/imagecompression/imagecompression.srcs/sources_1/bd/system/ip/system_axi_ip_demo_1_1/src/floating_point_0_1/hdl/xbip_utils_v3_0_vh_rfs.vhd'. Please regenerate to continue.
WARNING: [IP_Flow 19-3664] IP 'floating_point_0' generated file not found 'c:/Users/Kevin/Documents/COMP4601/WavletVHDL/imagecompression/imagecompression.srcs/sources_1/bd/system/ip/system_axi_ip_demo_1_1/src/floating_point_0_1/hdl/axi_utils_v2_0_vh_rfs.vhd'. Please regenerate to continue.
WARNING: [IP_Flow 19-3664] IP 'floating_point_0' generated file not found 'c:/Users/Kevin/Documents/COMP4601/WavletVHDL/imagecompression/imagecompression.srcs/sources_1/bd/system/ip/system_axi_ip_demo_1_1/src/floating_point_0_1/hdl/xbip_pipe_v3_0_vh_rfs.vhd'. Please regenerate to continue.
WARNING: [IP_Flow 19-3664] IP 'floating_point_0' generated file not found 'c:/Users/Kevin/Documents/COMP4601/WavletVHDL/imagecompression/imagecompression.srcs/sources_1/bd/system/ip/system_axi_ip_demo_1_1/src/floating_point_0_1/hdl/xbip_dsp48_wrapper_v3_0_vh_rfs.vhd'. Please regenerate to continue.
WARNING: [IP_Flow 19-3664] IP 'floating_point_0' generated file not found 'c:/Users/Kevin/Documents/COMP4601/WavletVHDL/imagecompression/imagecompression.srcs/sources_1/bd/system/ip/system_axi_ip_demo_1_1/src/floating_point_0_1/hdl/xbip_dsp48_addsub_v3_0_vh_rfs.vhd'. Please regenerate to continue.
WARNING: [IP_Flow 19-3664] IP 'floating_point_0' generated file not found 'c:/Users/Kevin/Documents/COMP4601/WavletVHDL/imagecompression/imagecompression.srcs/sources_1/bd/system/ip/system_axi_ip_demo_1_1/src/floating_point_0_1/hdl/xbip_dsp48_multadd_v3_0_vh_rfs.vhd'. Please regenerate to continue.
WARNING: [IP_Flow 19-3664] IP 'floating_point_0' generated file not found 'c:/Users/Kevin/Documents/COMP4601/WavletVHDL/imagecompression/imagecompression.srcs/sources_1/bd/system/ip/system_axi_ip_demo_1_1/src/floating_point_0_1/hdl/xbip_bram18k_v3_0_vh_rfs.vhd'. Please regenerate to continue.
WARNING: [IP_Flow 19-3664] IP 'floating_point_0' generated file not found 'c:/Users/Kevin/Documents/COMP4601/WavletVHDL/imagecompression/imagecompression.srcs/sources_1/bd/system/ip/system_axi_ip_demo_1_1/src/floating_point_0_1/hdl/mult_gen_v12_0_vh_rfs.vhd'. Please regenerate to continue.
WARNING: [IP_Flow 19-3664] IP 'floating_point_0' generated file not found 'c:/Users/Kevin/Documents/COMP4601/WavletVHDL/imagecompression/imagecompression.srcs/sources_1/bd/system/ip/system_axi_ip_demo_1_1/src/floating_point_0_1/hdl/floating_point_v7_1_vh_rfs.vhd'. Please regenerate to continue.
WARNING: [IP_Flow 19-3664] IP 'floating_point_0' generated file not found 'c:/Users/Kevin/Documents/COMP4601/WavletVHDL/imagecompression/imagecompression.srcs/sources_1/bd/system/ip/system_axi_ip_demo_1_1/src/floating_point_0_1/synth/floating_point_0.vhd'. Please regenerate to continue.
WARNING: [IP_Flow 19-3664] IP 'floating_point_0' generated file not found 'c:/Users/Kevin/Documents/COMP4601/WavletVHDL/imagecompression/imagecompression.srcs/sources_1/bd/system/ip/system_axi_ip_demo_1_1/src/floating_point_0_1/hdl/xbip_utils_v3_0_vh_rfs.vhd'. Please regenerate to continue.
WARNING: [IP_Flow 19-3664] IP 'floating_point_0' generated file not found 'c:/Users/Kevin/Documents/COMP4601/WavletVHDL/imagecompression/imagecompression.srcs/sources_1/bd/system/ip/system_axi_ip_demo_1_1/src/floating_point_0_1/hdl/axi_utils_v2_0_vh_rfs.vhd'. Please regenerate to continue.
WARNING: [IP_Flow 19-3664] IP 'floating_point_0' generated file not found 'c:/Users/Kevin/Documents/COMP4601/WavletVHDL/imagecompression/imagecompression.srcs/sources_1/bd/system/ip/system_axi_ip_demo_1_1/src/floating_point_0_1/hdl/xbip_pipe_v3_0_vh_rfs.vhd'. Please regenerate to continue.
WARNING: [IP_Flow 19-3664] IP 'floating_point_0' generated file not found 'c:/Users/Kevin/Documents/COMP4601/WavletVHDL/imagecompression/imagecompression.srcs/sources_1/bd/system/ip/system_axi_ip_demo_1_1/src/floating_point_0_1/hdl/xbip_dsp48_wrapper_v3_0_vh_rfs.vhd'. Please regenerate to continue.
WARNING: [IP_Flow 19-3664] IP 'floating_point_0' generated file not found 'c:/Users/Kevin/Documents/COMP4601/WavletVHDL/imagecompression/imagecompression.srcs/sources_1/bd/system/ip/system_axi_ip_demo_1_1/src/floating_point_0_1/hdl/xbip_dsp48_addsub_v3_0_vh_rfs.vhd'. Please regenerate to continue.
WARNING: [IP_Flow 19-3664] IP 'floating_point_0' generated file not found 'c:/Users/Kevin/Documents/COMP4601/WavletVHDL/imagecompression/imagecompression.srcs/sources_1/bd/system/ip/system_axi_ip_demo_1_1/src/floating_point_0_1/hdl/xbip_dsp48_multadd_v3_0_vh_rfs.vhd'. Please regenerate to continue.
WARNING: [IP_Flow 19-3664] IP 'floating_point_0' generated file not found 'c:/Users/Kevin/Documents/COMP4601/WavletVHDL/imagecompression/imagecompression.srcs/sources_1/bd/system/ip/system_axi_ip_demo_1_1/src/floating_point_0_1/hdl/xbip_bram18k_v3_0_vh_rfs.vhd'. Please regenerate to continue.
WARNING: [IP_Flow 19-3664] IP 'floating_point_0' generated file not found 'c:/Users/Kevin/Documents/COMP4601/WavletVHDL/imagecompression/imagecompression.srcs/sources_1/bd/system/ip/system_axi_ip_demo_1_1/src/floating_point_0_1/hdl/mult_gen_v12_0_vh_rfs.vhd'. Please regenerate to continue.
WARNING: [IP_Flow 19-3664] IP 'floating_point_0' generated file not found 'c:/Users/Kevin/Documents/COMP4601/WavletVHDL/imagecompression/imagecompression.srcs/sources_1/bd/system/ip/system_axi_ip_demo_1_1/src/floating_point_0_1/hdl/floating_point_v7_1_vh_rfs.vhd'. Please regenerate to continue.
WARNING: [IP_Flow 19-3664] IP 'floating_point_0' generated file not found 'c:/Users/Kevin/Documents/COMP4601/WavletVHDL/imagecompression/imagecompression.srcs/sources_1/bd/system/ip/system_axi_ip_demo_1_1/src/floating_point_0_1/sim/floating_point_0.vhd'. Please regenerate to continue.
WARNING: [IP_Flow 19-3664] IP 'floating_point_add' generated file not found 'c:/Users/Kevin/Documents/COMP4601/WavletVHDL/imagecompression/imagecompression.srcs/sources_1/bd/system/ip/system_axi_ip_demo_1_1/src/floating_point_add_1/hdl/xbip_utils_v3_0_vh_rfs.vhd'. Please regenerate to continue.
WARNING: [IP_Flow 19-3664] IP 'floating_point_add' generated file not found 'c:/Users/Kevin/Documents/COMP4601/WavletVHDL/imagecompression/imagecompression.srcs/sources_1/bd/system/ip/system_axi_ip_demo_1_1/src/floating_point_add_1/hdl/axi_utils_v2_0_vh_rfs.vhd'. Please regenerate to continue.
WARNING: [IP_Flow 19-3664] IP 'floating_point_add' generated file not found 'c:/Users/Kevin/Documents/COMP4601/WavletVHDL/imagecompression/imagecompression.srcs/sources_1/bd/system/ip/system_axi_ip_demo_1_1/src/floating_point_add_1/hdl/xbip_pipe_v3_0_vh_rfs.vhd'. Please regenerate to continue.
WARNING: [IP_Flow 19-3664] IP 'floating_point_add' generated file not found 'c:/Users/Kevin/Documents/COMP4601/WavletVHDL/imagecompression/imagecompression.srcs/sources_1/bd/system/ip/system_axi_ip_demo_1_1/src/floating_point_add_1/hdl/xbip_dsp48_wrapper_v3_0_vh_rfs.vhd'. Please regenerate to continue.
WARNING: [IP_Flow 19-3664] IP 'floating_point_add' generated file not found 'c:/Users/Kevin/Documents/COMP4601/WavletVHDL/imagecompression/imagecompression.srcs/sources_1/bd/system/ip/system_axi_ip_demo_1_1/src/floating_point_add_1/hdl/xbip_dsp48_addsub_v3_0_vh_rfs.vhd'. Please regenerate to continue.
WARNING: [IP_Flow 19-3664] IP 'floating_point_add' generated file not found 'c:/Users/Kevin/Documents/COMP4601/WavletVHDL/imagecompression/imagecompression.srcs/sources_1/bd/system/ip/system_axi_ip_demo_1_1/src/floating_point_add_1/hdl/xbip_dsp48_multadd_v3_0_vh_rfs.vhd'. Please regenerate to continue.
WARNING: [IP_Flow 19-3664] IP 'floating_point_add' generated file not found 'c:/Users/Kevin/Documents/COMP4601/WavletVHDL/imagecompression/imagecompression.srcs/sources_1/bd/system/ip/system_axi_ip_demo_1_1/src/floating_point_add_1/hdl/xbip_bram18k_v3_0_vh_rfs.vhd'. Please regenerate to continue.
WARNING: [IP_Flow 19-3664] IP 'floating_point_add' generated file not found 'c:/Users/Kevin/Documents/COMP4601/WavletVHDL/imagecompression/imagecompression.srcs/sources_1/bd/system/ip/system_axi_ip_demo_1_1/src/floating_point_add_1/hdl/mult_gen_v12_0_vh_rfs.vhd'. Please regenerate to continue.
WARNING: [IP_Flow 19-3664] IP 'floating_point_add' generated file not found 'c:/Users/Kevin/Documents/COMP4601/WavletVHDL/imagecompression/imagecompression.srcs/sources_1/bd/system/ip/system_axi_ip_demo_1_1/src/floating_point_add_1/hdl/floating_point_v7_1_vh_rfs.vhd'. Please regenerate to continue.
WARNING: [IP_Flow 19-3664] IP 'floating_point_add' generated file not found 'c:/Users/Kevin/Documents/COMP4601/WavletVHDL/imagecompression/imagecompression.srcs/sources_1/bd/system/ip/system_axi_ip_demo_1_1/src/floating_point_add_1/synth/floating_point_add.vhd'. Please regenerate to continue.
WARNING: [IP_Flow 19-3664] IP 'floating_point_add' generated file not found 'c:/Users/Kevin/Documents/COMP4601/WavletVHDL/imagecompression/imagecompression.srcs/sources_1/bd/system/ip/system_axi_ip_demo_1_1/src/floating_point_add_1/hdl/xbip_utils_v3_0_vh_rfs.vhd'. Please regenerate to continue.
WARNING: [IP_Flow 19-3664] IP 'floating_point_add' generated file not found 'c:/Users/Kevin/Documents/COMP4601/WavletVHDL/imagecompression/imagecompression.srcs/sources_1/bd/system/ip/system_axi_ip_demo_1_1/src/floating_point_add_1/hdl/axi_utils_v2_0_vh_rfs.vhd'. Please regenerate to continue.
WARNING: [IP_Flow 19-3664] IP 'floating_point_add' generated file not found 'c:/Users/Kevin/Documents/COMP4601/WavletVHDL/imagecompression/imagecompression.srcs/sources_1/bd/system/ip/system_axi_ip_demo_1_1/src/floating_point_add_1/hdl/xbip_pipe_v3_0_vh_rfs.vhd'. Please regenerate to continue.
WARNING: [IP_Flow 19-3664] IP 'floating_point_add' generated file not found 'c:/Users/Kevin/Documents/COMP4601/WavletVHDL/imagecompression/imagecompression.srcs/sources_1/bd/system/ip/system_axi_ip_demo_1_1/src/floating_point_add_1/hdl/xbip_dsp48_wrapper_v3_0_vh_rfs.vhd'. Please regenerate to continue.
WARNING: [IP_Flow 19-3664] IP 'floating_point_add' generated file not found 'c:/Users/Kevin/Documents/COMP4601/WavletVHDL/imagecompression/imagecompression.srcs/sources_1/bd/system/ip/system_axi_ip_demo_1_1/src/floating_point_add_1/hdl/xbip_dsp48_addsub_v3_0_vh_rfs.vhd'. Please regenerate to continue.
WARNING: [IP_Flow 19-3664] IP 'floating_point_add' generated file not found 'c:/Users/Kevin/Documents/COMP4601/WavletVHDL/imagecompression/imagecompression.srcs/sources_1/bd/system/ip/system_axi_ip_demo_1_1/src/floating_point_add_1/hdl/xbip_dsp48_multadd_v3_0_vh_rfs.vhd'. Please regenerate to continue.
WARNING: [IP_Flow 19-3664] IP 'floating_point_add' generated file not found 'c:/Users/Kevin/Documents/COMP4601/WavletVHDL/imagecompression/imagecompression.srcs/sources_1/bd/system/ip/system_axi_ip_demo_1_1/src/floating_point_add_1/hdl/xbip_bram18k_v3_0_vh_rfs.vhd'. Please regenerate to continue.
WARNING: [IP_Flow 19-3664] IP 'floating_point_add' generated file not found 'c:/Users/Kevin/Documents/COMP4601/WavletVHDL/imagecompression/imagecompression.srcs/sources_1/bd/system/ip/system_axi_ip_demo_1_1/src/floating_point_add_1/hdl/mult_gen_v12_0_vh_rfs.vhd'. Please regenerate to continue.
WARNING: [IP_Flow 19-3664] IP 'floating_point_add' generated file not found 'c:/Users/Kevin/Documents/COMP4601/WavletVHDL/imagecompression/imagecompression.srcs/sources_1/bd/system/ip/system_axi_ip_demo_1_1/src/floating_point_add_1/hdl/floating_point_v7_1_vh_rfs.vhd'. Please regenerate to continue.
WARNING: [IP_Flow 19-3664] IP 'floating_point_add' generated file not found 'c:/Users/Kevin/Documents/COMP4601/WavletVHDL/imagecompression/imagecompression.srcs/sources_1/bd/system/ip/system_axi_ip_demo_1_1/src/floating_point_add_1/sim/floating_point_add.vhd'. Please regenerate to continue.
WARNING: [IP_Flow 19-3664] IP 'floating_point_1' generated file not found 'c:/Users/Kevin/Documents/COMP4601/WavletVHDL/imagecompression/imagecompression.srcs/sources_1/bd/system/ip/system_axi_ip_demo_1_1/src/floating_point_1_1/hdl/xbip_utils_v3_0_vh_rfs.vhd'. Please regenerate to continue.
WARNING: [IP_Flow 19-3664] IP 'floating_point_1' generated file not found 'c:/Users/Kevin/Documents/COMP4601/WavletVHDL/imagecompression/imagecompression.srcs/sources_1/bd/system/ip/system_axi_ip_demo_1_1/src/floating_point_1_1/hdl/axi_utils_v2_0_vh_rfs.vhd'. Please regenerate to continue.
WARNING: [IP_Flow 19-3664] IP 'floating_point_1' generated file not found 'c:/Users/Kevin/Documents/COMP4601/WavletVHDL/imagecompression/imagecompression.srcs/sources_1/bd/system/ip/system_axi_ip_demo_1_1/src/floating_point_1_1/hdl/xbip_pipe_v3_0_vh_rfs.vhd'. Please regenerate to continue.
WARNING: [IP_Flow 19-3664] IP 'floating_point_1' generated file not found 'c:/Users/Kevin/Documents/COMP4601/WavletVHDL/imagecompression/imagecompression.srcs/sources_1/bd/system/ip/system_axi_ip_demo_1_1/src/floating_point_1_1/hdl/xbip_dsp48_wrapper_v3_0_vh_rfs.vhd'. Please regenerate to continue.
WARNING: [IP_Flow 19-3664] IP 'floating_point_1' generated file not found 'c:/Users/Kevin/Documents/COMP4601/WavletVHDL/imagecompression/imagecompression.srcs/sources_1/bd/system/ip/system_axi_ip_demo_1_1/src/floating_point_1_1/hdl/xbip_dsp48_addsub_v3_0_vh_rfs.vhd'. Please regenerate to continue.
WARNING: [IP_Flow 19-3664] IP 'floating_point_1' generated file not found 'c:/Users/Kevin/Documents/COMP4601/WavletVHDL/imagecompression/imagecompression.srcs/sources_1/bd/system/ip/system_axi_ip_demo_1_1/src/floating_point_1_1/hdl/xbip_dsp48_multadd_v3_0_vh_rfs.vhd'. Please regenerate to continue.
WARNING: [IP_Flow 19-3664] IP 'floating_point_1' generated file not found 'c:/Users/Kevin/Documents/COMP4601/WavletVHDL/imagecompression/imagecompression.srcs/sources_1/bd/system/ip/system_axi_ip_demo_1_1/src/floating_point_1_1/hdl/xbip_bram18k_v3_0_vh_rfs.vhd'. Please regenerate to continue.
WARNING: [IP_Flow 19-3664] IP 'floating_point_1' generated file not found 'c:/Users/Kevin/Documents/COMP4601/WavletVHDL/imagecompression/imagecompression.srcs/sources_1/bd/system/ip/system_axi_ip_demo_1_1/src/floating_point_1_1/hdl/mult_gen_v12_0_vh_rfs.vhd'. Please regenerate to continue.
WARNING: [IP_Flow 19-3664] IP 'floating_point_1' generated file not found 'c:/Users/Kevin/Documents/COMP4601/WavletVHDL/imagecompression/imagecompression.srcs/sources_1/bd/system/ip/system_axi_ip_demo_1_1/src/floating_point_1_1/hdl/floating_point_v7_1_vh_rfs.vhd'. Please regenerate to continue.
WARNING: [IP_Flow 19-3664] IP 'floating_point_1' generated file not found 'c:/Users/Kevin/Documents/COMP4601/WavletVHDL/imagecompression/imagecompression.srcs/sources_1/bd/system/ip/system_axi_ip_demo_1_1/src/floating_point_1_1/synth/floating_point_1.vhd'. Please regenerate to continue.
WARNING: [IP_Flow 19-3664] IP 'floating_point_1' generated file not found 'c:/Users/Kevin/Documents/COMP4601/WavletVHDL/imagecompression/imagecompression.srcs/sources_1/bd/system/ip/system_axi_ip_demo_1_1/src/floating_point_1_1/hdl/xbip_utils_v3_0_vh_rfs.vhd'. Please regenerate to continue.
WARNING: [IP_Flow 19-3664] IP 'floating_point_1' generated file not found 'c:/Users/Kevin/Documents/COMP4601/WavletVHDL/imagecompression/imagecompression.srcs/sources_1/bd/system/ip/system_axi_ip_demo_1_1/src/floating_point_1_1/hdl/axi_utils_v2_0_vh_rfs.vhd'. Please regenerate to continue.
WARNING: [IP_Flow 19-3664] IP 'floating_point_1' generated file not found 'c:/Users/Kevin/Documents/COMP4601/WavletVHDL/imagecompression/imagecompression.srcs/sources_1/bd/system/ip/system_axi_ip_demo_1_1/src/floating_point_1_1/hdl/xbip_pipe_v3_0_vh_rfs.vhd'. Please regenerate to continue.
WARNING: [IP_Flow 19-3664] IP 'floating_point_1' generated file not found 'c:/Users/Kevin/Documents/COMP4601/WavletVHDL/imagecompression/imagecompression.srcs/sources_1/bd/system/ip/system_axi_ip_demo_1_1/src/floating_point_1_1/hdl/xbip_dsp48_wrapper_v3_0_vh_rfs.vhd'. Please regenerate to continue.
WARNING: [IP_Flow 19-3664] IP 'floating_point_1' generated file not found 'c:/Users/Kevin/Documents/COMP4601/WavletVHDL/imagecompression/imagecompression.srcs/sources_1/bd/system/ip/system_axi_ip_demo_1_1/src/floating_point_1_1/hdl/xbip_dsp48_addsub_v3_0_vh_rfs.vhd'. Please regenerate to continue.
WARNING: [IP_Flow 19-3664] IP 'floating_point_1' generated file not found 'c:/Users/Kevin/Documents/COMP4601/WavletVHDL/imagecompression/imagecompression.srcs/sources_1/bd/system/ip/system_axi_ip_demo_1_1/src/floating_point_1_1/hdl/xbip_dsp48_multadd_v3_0_vh_rfs.vhd'. Please regenerate to continue.
WARNING: [IP_Flow 19-3664] IP 'floating_point_1' generated file not found 'c:/Users/Kevin/Documents/COMP4601/WavletVHDL/imagecompression/imagecompression.srcs/sources_1/bd/system/ip/system_axi_ip_demo_1_1/src/floating_point_1_1/hdl/xbip_bram18k_v3_0_vh_rfs.vhd'. Please regenerate to continue.
WARNING: [IP_Flow 19-3664] IP 'floating_point_1' generated file not found 'c:/Users/Kevin/Documents/COMP4601/WavletVHDL/imagecompression/imagecompression.srcs/sources_1/bd/system/ip/system_axi_ip_demo_1_1/src/floating_point_1_1/hdl/mult_gen_v12_0_vh_rfs.vhd'. Please regenerate to continue.
WARNING: [IP_Flow 19-3664] IP 'floating_point_1' generated file not found 'c:/Users/Kevin/Documents/COMP4601/WavletVHDL/imagecompression/imagecompression.srcs/sources_1/bd/system/ip/system_axi_ip_demo_1_1/src/floating_point_1_1/hdl/floating_point_v7_1_vh_rfs.vhd'. Please regenerate to continue.
WARNING: [IP_Flow 19-3664] IP 'floating_point_1' generated file not found 'c:/Users/Kevin/Documents/COMP4601/WavletVHDL/imagecompression/imagecompression.srcs/sources_1/bd/system/ip/system_axi_ip_demo_1_1/src/floating_point_1_1/sim/floating_point_1.vhd'. Please regenerate to continue.
WARNING: [IP_Flow 19-3664] IP 'system_auto_pc_0' generated file not found 'c:/Users/Kevin/Documents/COMP4601/WavletVHDL/imagecompression/imagecompression.srcs/sources_1/bd/system/ip/system_auto_pc_0/stats.txt'. Please regenerate to continue.
open_project: Time (s): cpu = 00:00:20 ; elapsed = 00:00:13 . Memory (MB): peak = 768.168 ; gain = 119.711
update_compile_order -fileset sources_1
open_bd_design {C:/Users/Kevin/Documents/COMP4601/WavletVHDL/imagecompression/imagecompression.srcs/sources_1/bd/system/system.bd}
Adding cell -- xilinx.com:ip:processing_system7:5.5 - processing_system7_0
Adding cell -- xilinx.com:ip:proc_sys_reset:5.0 - rst_ps7_0_100M
Adding cell -- user.org:user:axi_ip_demo:9.0 - axi_ip_demo_0
Adding cell -- user.org:user:axi_ip_demo:9.0 - axi_ip_demo_1
Adding cell -- xilinx.com:ip:axi_crossbar:2.1 - xbar
Adding cell -- xilinx.com:ip:axi_protocol_converter:2.1 - auto_pc
Successfully read diagram <system> from BD file <C:/Users/Kevin/Documents/COMP4601/WavletVHDL/imagecompression/imagecompression.srcs/sources_1/bd/system/system.bd>
open_bd_design: Time (s): cpu = 00:00:10 ; elapsed = 00:00:09 . Memory (MB): peak = 827.047 ; gain = 58.879
ipx::edit_ip_in_project -upgrade true -name axi_ip_demo_v9_0_project -directory C:/Users/Kevin/Documents/COMP4601/WavletVHDL/imagecompression/imagecompression.tmp/axi_ip_demo_v9_0_project c:/Users/Kevin/Documents/COMP4601/WavletVHDL/ip_repo/axi_ip_demo_1.0/component.xml
INFO: [ProjectBase 1-489] The host OS only allows 260 characters in a normal path. The project is stored in a path with more than 80 characters. If you experience issues with IP, Block Designs, or files not being found, please consider moving the project to a location with a shorter path. Alternately consider using the OS subst command to map part of the path to a drive letter.
Current project path is 'c:/users/kevin/documents/comp4601/wavletvhdl/imagecompression/imagecompression.tmp/axi_ip_demo_v9_0_project'
INFO: [IP_Flow 19-234] Refreshing IP repositories
INFO: [IP_Flow 19-1704] No user IP repositories specified
INFO: [IP_Flow 19-2313] Loaded Vivado IP repository 'C:/Xilinx/Vivado/2017.2/data/ip'.
INFO: [IP_Flow 19-234] Refreshing IP repositories
INFO: [IP_Flow 19-1700] Loaded user IP repository 'c:/Users/Kevin/Documents/COMP4601/WavletVHDL/ip_repo/axi_ip_demo_1.0'.
INFO: [IP_Flow 19-795] Syncing license key meta-data
INFO: [IP_Flow 19-793] Syncing display name meta-data
INFO: [IP_Flow 19-798] Syncing taxonomy meta-data
INFO: [IP_Flow 19-799] Syncing upgrade version meta-data
ipx::edit_ip_in_project: Time (s): cpu = 00:00:15 ; elapsed = 00:00:08 . Memory (MB): peak = 873.539 ; gain = 20.422
update_compile_order -fileset sources_1
set_property version 9.1 [ipx::current_core]
set_property display_name axi_ip_demo_v9.1 [ipx::current_core]
set_property previous_version_for_upgrade {user.org:user:axi_ip_demo:1.0 user.org:user:axi_ip_demo:2.0 user.org:user:axi_ip_demo:3.0 user.org:user:axi_ip_demo:3.5 user.org:user:axi_ip_demo:3.7 user.org:user:axi_ip_demo:4.0 user.org:user:axi_ip_demo:6.1 user.org:user:axi_ip_demo:6.2 user.org:user:axi_ip_demo:6.6 user.org:user:axi_ip_demo:6.7 user.org:user:axi_ip_demo:7.0 user.org:user:axi_ip_demo:7.6 user.org:user:axi_ip_demo:7.7 user.org:user:axi_ip_demo:7.8 user.org:user:axi_ip_demo:7.10 user.org:user:axi_ip_demo:9.0} [ipx::current_core]
set_property core_revision 1 [ipx::current_core]
ipx::create_xgui_files [ipx::current_core]
ipx::update_checksums [ipx::current_core]
ipx::save_core [ipx::current_core]
close_project -delete
update_ip_catalog -rebuild -repo_path c:/Users/Kevin/Documents/COMP4601/WavletVHDL/ip_repo/axi_ip_demo_1.0
INFO: [IP_Flow 19-725] Reloaded user IP repository 'c:/Users/Kevin/Documents/COMP4601/WavletVHDL/ip_repo/axi_ip_demo_1.0'
report_ip_status -name ip_status 
upgrade_ip [get_ips  {system_axi_ip_demo_1_1 system_axi_ip_demo_0_0}] -log ip_upgrade.log
Upgrading 'C:/Users/Kevin/Documents/COMP4601/WavletVHDL/imagecompression/imagecompression.srcs/sources_1/bd/system/system.bd'
INFO: [IP_Flow 19-1972] Upgraded system_axi_ip_demo_0_0 from axi_ip_demo_v9.1 9.0 to axi_ip_demo_v9.1 9.1
INFO: [IP_Flow 19-1972] Upgraded system_axi_ip_demo_1_1 from axi_ip_demo_v9.1 9.0 to axi_ip_demo_v9.1 9.1
Wrote  : <C:/Users/Kevin/Documents/COMP4601/WavletVHDL/imagecompression/imagecompression.srcs/sources_1/bd/system/system.bd> 
INFO: [Coretcl 2-1525] Wrote upgrade log to 'C:/Users/Kevin/Documents/COMP4601/WavletVHDL/imagecompression/ip_upgrade.log'.
export_ip_user_files -of_objects [get_ips {system_axi_ip_demo_1_1 system_axi_ip_demo_0_0}] -no_script -sync -force -quiet
report_ip_status -name ip_status 
reset_run synth_1
launch_runs impl_1 -to_step write_bitstream -jobs 2
Wrote  : <C:/Users/Kevin/Documents/COMP4601/WavletVHDL/imagecompression/imagecompression.srcs/sources_1/bd/system/system.bd> 
VHDL Output written to : C:/Users/Kevin/Documents/COMP4601/WavletVHDL/imagecompression/imagecompression.srcs/sources_1/bd/system/hdl/system.vhd
VHDL Output written to : C:/Users/Kevin/Documents/COMP4601/WavletVHDL/imagecompression/imagecompression.srcs/sources_1/bd/system/hdl/system_wrapper.vhd
INFO: [BD 41-1029] Generation completed for the IP Integrator block processing_system7_0 .
INFO: [BD 41-1029] Generation completed for the IP Integrator block axi_ip_demo_0 .
INFO: [BD 41-1029] Generation completed for the IP Integrator block rst_ps7_0_100M .
INFO: [BD 41-1029] Generation completed for the IP Integrator block ps7_0_axi_periph/xbar .
INFO: [BD 41-1029] Generation completed for the IP Integrator block axi_ip_demo_1 .
WARNING: [IP_Flow 19-4994] Overwriting existing constraint file 'c:/Users/Kevin/Documents/COMP4601/WavletVHDL/imagecompression/imagecompression.srcs/sources_1/bd/system/ip/system_auto_pc_0/system_auto_pc_0_ooc.xdc'
INFO: [BD 41-1029] Generation completed for the IP Integrator block ps7_0_axi_periph/s00_couplers/auto_pc .
Exporting to file C:/Users/Kevin/Documents/COMP4601/WavletVHDL/imagecompression/imagecompression.srcs/sources_1/bd/system/hw_handoff/system.hwh
Generated Block Design Tcl file C:/Users/Kevin/Documents/COMP4601/WavletVHDL/imagecompression/imagecompression.srcs/sources_1/bd/system/hw_handoff/system_bd.tcl
Generated Hardware Definition File C:/Users/Kevin/Documents/COMP4601/WavletVHDL/imagecompression/imagecompression.srcs/sources_1/bd/system/hdl/system.hwdef
INFO: [IP_Flow 19-4993] Using cached IP synthesis design for IP system_auto_pc_0, cache-ID = 7d88bb6ec6a33b6d; cache size = 104.184 MB.
[Sun May 27 22:21:33 2018] Launched system_axi_ip_demo_1_1_synth_1, system_axi_ip_demo_0_0_synth_1, synth_1...
Run output will be captured here:
system_axi_ip_demo_1_1_synth_1: C:/Users/Kevin/Documents/COMP4601/WavletVHDL/imagecompression/imagecompression.runs/system_axi_ip_demo_1_1_synth_1/runme.log
system_axi_ip_demo_0_0_synth_1: C:/Users/Kevin/Documents/COMP4601/WavletVHDL/imagecompression/imagecompression.runs/system_axi_ip_demo_0_0_synth_1/runme.log
synth_1: C:/Users/Kevin/Documents/COMP4601/WavletVHDL/imagecompression/imagecompression.runs/synth_1/runme.log
[Sun May 27 22:21:33 2018] Launched impl_1...
Run output will be captured here: C:/Users/Kevin/Documents/COMP4601/WavletVHDL/imagecompression/imagecompression.runs/impl_1/runme.log
launch_runs: Time (s): cpu = 00:00:21 ; elapsed = 00:00:23 . Memory (MB): peak = 1016.746 ; gain = 117.281
file copy -force C:/Users/Kevin/Documents/COMP4601/WavletVHDL/imagecompression/imagecompression.runs/impl_1/system_wrapper.bit C:/Users/Kevin/Documents/COMP4601/twoip.bit
startgroup
create_bd_cell -type ip -vlnv user.org:user:axi_ip_demo:9.1 axi_ip_demo_2
endgroup
startgroup
create_bd_cell -type ip -vlnv user.org:user:axi_ip_demo:9.1 axi_ip_demo_3
endgroup
startgroup
apply_bd_automation -rule xilinx.com:bd_rule:axi4 -config {Master "/processing_system7_0/M_AXI_GP0" intc_ip "/ps7_0_axi_periph" Clk_xbar "Auto" Clk_master "Auto" Clk_slave "Auto" }  [get_bd_intf_pins axi_ip_demo_2/S00_AXI]
</axi_ip_demo_2/S00_AXI/S00_AXI_reg> is being mapped into </processing_system7_0/Data> at <0x43C20000 [ 64K ]>
apply_bd_automation -rule xilinx.com:bd_rule:axi4 -config {Master "/processing_system7_0/M_AXI_GP0" intc_ip "/ps7_0_axi_periph" Clk_xbar "Auto" Clk_master "Auto" Clk_slave "Auto" }  [get_bd_intf_pins axi_ip_demo_3/S00_AXI]
</axi_ip_demo_3/S00_AXI/S00_AXI_reg> is being mapped into </processing_system7_0/Data> at <0x43C30000 [ 64K ]>
endgroup
report_ip_status -name ip_status 
save_bd_design
Wrote  : <C:/Users/Kevin/Documents/COMP4601/WavletVHDL/imagecompression/imagecompression.srcs/sources_1/bd/system/system.bd> 
Wrote  : <C:/Users/Kevin/Documents/COMP4601/WavletVHDL/imagecompression/imagecompression.srcs/sources_1/bd/system/ui/bd_c954508f.ui> 
reset_run synth_1
reset_run system_xbar_0_synth_1
launch_runs impl_1 -to_step write_bitstream -jobs 2
Wrote  : <C:/Users/Kevin/Documents/COMP4601/WavletVHDL/imagecompression/imagecompression.srcs/sources_1/bd/system/system.bd> 
VHDL Output written to : C:/Users/Kevin/Documents/COMP4601/WavletVHDL/imagecompression/imagecompression.srcs/sources_1/bd/system/hdl/system.vhd
VHDL Output written to : C:/Users/Kevin/Documents/COMP4601/WavletVHDL/imagecompression/imagecompression.srcs/sources_1/bd/system/hdl/system_wrapper.vhd
INFO: [BD 41-1029] Generation completed for the IP Integrator block processing_system7_0 .
INFO: [BD 41-1029] Generation completed for the IP Integrator block axi_ip_demo_0 .
INFO: [BD 41-1029] Generation completed for the IP Integrator block rst_ps7_0_100M .
INFO: [BD 41-1029] Generation completed for the IP Integrator block ps7_0_axi_periph/xbar .
INFO: [BD 41-1029] Generation completed for the IP Integrator block axi_ip_demo_1 .
INFO: [BD 41-1029] Generation completed for the IP Integrator block axi_ip_demo_2 .
INFO: [BD 41-1029] Generation completed for the IP Integrator block axi_ip_demo_3 .
WARNING: [IP_Flow 19-4994] Overwriting existing constraint file 'c:/Users/Kevin/Documents/COMP4601/WavletVHDL/imagecompression/imagecompression.srcs/sources_1/bd/system/ip/system_auto_pc_0/system_auto_pc_0_ooc.xdc'
INFO: [BD 41-1029] Generation completed for the IP Integrator block ps7_0_axi_periph/s00_couplers/auto_pc .
Exporting to file C:/Users/Kevin/Documents/COMP4601/WavletVHDL/imagecompression/imagecompression.srcs/sources_1/bd/system/hw_handoff/system.hwh
Generated Block Design Tcl file C:/Users/Kevin/Documents/COMP4601/WavletVHDL/imagecompression/imagecompression.srcs/sources_1/bd/system/hw_handoff/system_bd.tcl
Generated Hardware Definition File C:/Users/Kevin/Documents/COMP4601/WavletVHDL/imagecompression/imagecompression.srcs/sources_1/bd/system/hdl/system.hwdef
INFO: [IP_Flow 19-4993] Using cached IP synthesis design for IP system_auto_pc_0, cache-ID = 7d88bb6ec6a33b6d; cache size = 111.238 MB.
[Sun May 27 22:48:07 2018] Launched system_xbar_0_synth_1, system_axi_ip_demo_3_0_synth_1, system_axi_ip_demo_2_0_synth_1, synth_1...
Run output will be captured here:
system_xbar_0_synth_1: C:/Users/Kevin/Documents/COMP4601/WavletVHDL/imagecompression/imagecompression.runs/system_xbar_0_synth_1/runme.log
system_axi_ip_demo_3_0_synth_1: C:/Users/Kevin/Documents/COMP4601/WavletVHDL/imagecompression/imagecompression.runs/system_axi_ip_demo_3_0_synth_1/runme.log
system_axi_ip_demo_2_0_synth_1: C:/Users/Kevin/Documents/COMP4601/WavletVHDL/imagecompression/imagecompression.runs/system_axi_ip_demo_2_0_synth_1/runme.log
synth_1: C:/Users/Kevin/Documents/COMP4601/WavletVHDL/imagecompression/imagecompression.runs/synth_1/runme.log
[Sun May 27 22:48:08 2018] Launched impl_1...
Run output will be captured here: C:/Users/Kevin/Documents/COMP4601/WavletVHDL/imagecompression/imagecompression.runs/impl_1/runme.log
launch_runs: Time (s): cpu = 00:00:16 ; elapsed = 00:00:18 . Memory (MB): peak = 1064.887 ; gain = 21.324
file copy -force C:/Users/Kevin/Documents/COMP4601/WavletVHDL/imagecompression/imagecompression.runs/impl_1/system_wrapper.bit C:/Users/Kevin/Documents/COMP4601/fourip.bit
startgroup
create_bd_cell -type ip -vlnv user.org:user:axi_ip_demo:9.1 axi_ip_demo_4
endgroup
startgroup
create_bd_cell -type ip -vlnv user.org:user:axi_ip_demo:9.1 axi_ip_demo_5
endgroup
startgroup
create_bd_cell -type ip -vlnv user.org:user:axi_ip_demo:9.1 axi_ip_demo_6
endgroup
startgroup
create_bd_cell -type ip -vlnv user.org:user:axi_ip_demo:9.1 axi_ip_demo_7
endgroup
startgroup
apply_bd_automation -rule xilinx.com:bd_rule:axi4 -config {Master "/processing_system7_0/M_AXI_GP0" intc_ip "/ps7_0_axi_periph" Clk_xbar "Auto" Clk_master "Auto" Clk_slave "Auto" }  [get_bd_intf_pins axi_ip_demo_4/S00_AXI]
</axi_ip_demo_4/S00_AXI/S00_AXI_reg> is being mapped into </processing_system7_0/Data> at <0x43C40000 [ 64K ]>
apply_bd_automation -rule xilinx.com:bd_rule:axi4 -config {Master "/processing_system7_0/M_AXI_GP0" intc_ip "/ps7_0_axi_periph" Clk_xbar "Auto" Clk_master "Auto" Clk_slave "Auto" }  [get_bd_intf_pins axi_ip_demo_5/S00_AXI]
</axi_ip_demo_5/S00_AXI/S00_AXI_reg> is being mapped into </processing_system7_0/Data> at <0x43C50000 [ 64K ]>
apply_bd_automation -rule xilinx.com:bd_rule:axi4 -config {Master "/processing_system7_0/M_AXI_GP0" intc_ip "/ps7_0_axi_periph" Clk_xbar "Auto" Clk_master "Auto" Clk_slave "Auto" }  [get_bd_intf_pins axi_ip_demo_6/S00_AXI]
</axi_ip_demo_6/S00_AXI/S00_AXI_reg> is being mapped into </processing_system7_0/Data> at <0x43C60000 [ 64K ]>
apply_bd_automation -rule xilinx.com:bd_rule:axi4 -config {Master "/processing_system7_0/M_AXI_GP0" intc_ip "/ps7_0_axi_periph" Clk_xbar "Auto" Clk_master "Auto" Clk_slave "Auto" }  [get_bd_intf_pins axi_ip_demo_7/S00_AXI]
</axi_ip_demo_7/S00_AXI/S00_AXI_reg> is being mapped into </processing_system7_0/Data> at <0x43C70000 [ 64K ]>
endgroup
save_bd_design
Wrote  : <C:/Users/Kevin/Documents/COMP4601/WavletVHDL/imagecompression/imagecompression.srcs/sources_1/bd/system/system.bd> 
Wrote  : <C:/Users/Kevin/Documents/COMP4601/WavletVHDL/imagecompression/imagecompression.srcs/sources_1/bd/system/ui/bd_c954508f.ui> 
reset_run synth_1
reset_run system_xbar_0_synth_1
launch_runs impl_1 -to_step write_bitstream -jobs 2
Wrote  : <C:/Users/Kevin/Documents/COMP4601/WavletVHDL/imagecompression/imagecompression.srcs/sources_1/bd/system/system.bd> 
VHDL Output written to : C:/Users/Kevin/Documents/COMP4601/WavletVHDL/imagecompression/imagecompression.srcs/sources_1/bd/system/hdl/system.vhd
VHDL Output written to : C:/Users/Kevin/Documents/COMP4601/WavletVHDL/imagecompression/imagecompression.srcs/sources_1/bd/system/hdl/system_wrapper.vhd
INFO: [BD 41-1029] Generation completed for the IP Integrator block processing_system7_0 .
INFO: [BD 41-1029] Generation completed for the IP Integrator block axi_ip_demo_0 .
INFO: [BD 41-1029] Generation completed for the IP Integrator block rst_ps7_0_100M .
INFO: [BD 41-1029] Generation completed for the IP Integrator block ps7_0_axi_periph/xbar .
INFO: [BD 41-1029] Generation completed for the IP Integrator block axi_ip_demo_1 .
INFO: [BD 41-1029] Generation completed for the IP Integrator block axi_ip_demo_2 .
INFO: [BD 41-1029] Generation completed for the IP Integrator block axi_ip_demo_3 .
INFO: [BD 41-1029] Generation completed for the IP Integrator block axi_ip_demo_4 .
INFO: [BD 41-1029] Generation completed for the IP Integrator block axi_ip_demo_5 .
INFO: [BD 41-1029] Generation completed for the IP Integrator block axi_ip_demo_6 .
INFO: [BD 41-1029] Generation completed for the IP Integrator block axi_ip_demo_7 .
WARNING: [IP_Flow 19-4994] Overwriting existing constraint file 'c:/Users/Kevin/Documents/COMP4601/WavletVHDL/imagecompression/imagecompression.srcs/sources_1/bd/system/ip/system_auto_pc_0/system_auto_pc_0_ooc.xdc'
INFO: [BD 41-1029] Generation completed for the IP Integrator block ps7_0_axi_periph/s00_couplers/auto_pc .
Exporting to file C:/Users/Kevin/Documents/COMP4601/WavletVHDL/imagecompression/imagecompression.srcs/sources_1/bd/system/hw_handoff/system.hwh
Generated Block Design Tcl file C:/Users/Kevin/Documents/COMP4601/WavletVHDL/imagecompression/imagecompression.srcs/sources_1/bd/system/hw_handoff/system_bd.tcl
Generated Hardware Definition File C:/Users/Kevin/Documents/COMP4601/WavletVHDL/imagecompression/imagecompression.srcs/sources_1/bd/system/hdl/system.hwdef
INFO: [IP_Flow 19-4993] Using cached IP synthesis design for IP system_axi_ip_demo_4_0, cache-ID = e040d2f8d902c44a; cache size = 118.916 MB.
INFO: [IP_Flow 19-4993] Using cached IP synthesis design for IP system_axi_ip_demo_5_0, cache-ID = e040d2f8d902c44a; cache size = 118.916 MB.
INFO: [IP_Flow 19-4993] Using cached IP synthesis design for IP system_axi_ip_demo_6_0, cache-ID = e040d2f8d902c44a; cache size = 118.916 MB.
INFO: [IP_Flow 19-4993] Using cached IP synthesis design for IP system_axi_ip_demo_7_0, cache-ID = e040d2f8d902c44a; cache size = 118.916 MB.
INFO: [IP_Flow 19-4993] Using cached IP synthesis design for IP system_auto_pc_0, cache-ID = 7d88bb6ec6a33b6d; cache size = 118.916 MB.
[Sun May 27 23:23:03 2018] Launched system_xbar_0_synth_1, synth_1...
Run output will be captured here:
system_xbar_0_synth_1: C:/Users/Kevin/Documents/COMP4601/WavletVHDL/imagecompression/imagecompression.runs/system_xbar_0_synth_1/runme.log
synth_1: C:/Users/Kevin/Documents/COMP4601/WavletVHDL/imagecompression/imagecompression.runs/synth_1/runme.log
[Sun May 27 23:23:03 2018] Launched impl_1...
Run output will be captured here: C:/Users/Kevin/Documents/COMP4601/WavletVHDL/imagecompression/imagecompression.runs/impl_1/runme.log
launch_runs: Time (s): cpu = 00:00:24 ; elapsed = 00:00:30 . Memory (MB): peak = 1130.859 ; gain = 43.820
file copy -force C:/Users/Kevin/Documents/COMP4601/WavletVHDL/imagecompression/imagecompression.runs/impl_1/system_wrapper.bit C:/Users/Kevin/Documents/COMP4601/eightip.bit
startgroup
create_bd_cell -type ip -vlnv user.org:user:axi_ip_demo:9.1 axi_ip_demo_8
endgroup
startgroup
create_bd_cell -type ip -vlnv user.org:user:axi_ip_demo:9.1 axi_ip_demo_9
endgroup
startgroup
create_bd_cell -type ip -vlnv user.org:user:axi_ip_demo:9.1 axi_ip_demo_10
endgroup
startgroup
create_bd_cell -type ip -vlnv user.org:user:axi_ip_demo:9.1 axi_ip_demo_11
endgroup
startgroup
create_bd_cell -type ip -vlnv user.org:user:axi_ip_demo:9.1 axi_ip_demo_12
endgroup
startgroup
create_bd_cell -type ip -vlnv user.org:user:axi_ip_demo:9.1 axi_ip_demo_13
endgroup
startgroup
create_bd_cell -type ip -vlnv user.org:user:axi_ip_demo:9.1 axi_ip_demo_14
endgroup
startgroup
create_bd_cell -type ip -vlnv user.org:user:axi_ip_demo:9.1 axi_ip_demo_15
endgroup
startgroup
apply_bd_automation -rule xilinx.com:bd_rule:axi4 -config {Master "/processing_system7_0/M_AXI_GP0" intc_ip "/ps7_0_axi_periph" Clk_xbar "Auto" Clk_master "Auto" Clk_slave "Auto" }  [get_bd_intf_pins axi_ip_demo_8/S00_AXI]
</axi_ip_demo_8/S00_AXI/S00_AXI_reg> is being mapped into </processing_system7_0/Data> at <0x43C80000 [ 64K ]>
apply_bd_automation -rule xilinx.com:bd_rule:axi4 -config {Master "/processing_system7_0/M_AXI_GP0" intc_ip "/ps7_0_axi_periph" Clk_xbar "Auto" Clk_master "Auto" Clk_slave "Auto" }  [get_bd_intf_pins axi_ip_demo_9/S00_AXI]
</axi_ip_demo_9/S00_AXI/S00_AXI_reg> is being mapped into </processing_system7_0/Data> at <0x43C90000 [ 64K ]>
apply_bd_automation -rule xilinx.com:bd_rule:axi4 -config {Master "/processing_system7_0/M_AXI_GP0" intc_ip "/ps7_0_axi_periph" Clk_xbar "Auto" Clk_master "Auto" Clk_slave "Auto" }  [get_bd_intf_pins axi_ip_demo_10/S00_AXI]
</axi_ip_demo_10/S00_AXI/S00_AXI_reg> is being mapped into </processing_system7_0/Data> at <0x43CA0000 [ 64K ]>
apply_bd_automation -rule xilinx.com:bd_rule:axi4 -config {Master "/processing_system7_0/M_AXI_GP0" intc_ip "/ps7_0_axi_periph" Clk_xbar "Auto" Clk_master "Auto" Clk_slave "Auto" }  [get_bd_intf_pins axi_ip_demo_11/S00_AXI]
</axi_ip_demo_11/S00_AXI/S00_AXI_reg> is being mapped into </processing_system7_0/Data> at <0x43CB0000 [ 64K ]>
apply_bd_automation -rule xilinx.com:bd_rule:axi4 -config {Master "/processing_system7_0/M_AXI_GP0" intc_ip "/ps7_0_axi_periph" Clk_xbar "Auto" Clk_master "Auto" Clk_slave "Auto" }  [get_bd_intf_pins axi_ip_demo_12/S00_AXI]
</axi_ip_demo_12/S00_AXI/S00_AXI_reg> is being mapped into </processing_system7_0/Data> at <0x43CC0000 [ 64K ]>
apply_bd_automation -rule xilinx.com:bd_rule:axi4 -config {Master "/processing_system7_0/M_AXI_GP0" intc_ip "/ps7_0_axi_periph" Clk_xbar "Auto" Clk_master "Auto" Clk_slave "Auto" }  [get_bd_intf_pins axi_ip_demo_13/S00_AXI]
</axi_ip_demo_13/S00_AXI/S00_AXI_reg> is being mapped into </processing_system7_0/Data> at <0x43CD0000 [ 64K ]>
apply_bd_automation -rule xilinx.com:bd_rule:axi4 -config {Master "/processing_system7_0/M_AXI_GP0" intc_ip "/ps7_0_axi_periph" Clk_xbar "Auto" Clk_master "Auto" Clk_slave "Auto" }  [get_bd_intf_pins axi_ip_demo_14/S00_AXI]
</axi_ip_demo_14/S00_AXI/S00_AXI_reg> is being mapped into </processing_system7_0/Data> at <0x43CE0000 [ 64K ]>
apply_bd_automation -rule xilinx.com:bd_rule:axi4 -config {Master "/processing_system7_0/M_AXI_GP0" intc_ip "/ps7_0_axi_periph" Clk_xbar "Auto" Clk_master "Auto" Clk_slave "Auto" }  [get_bd_intf_pins axi_ip_demo_15/S00_AXI]
</axi_ip_demo_15/S00_AXI/S00_AXI_reg> is being mapped into </processing_system7_0/Data> at <0x43CF0000 [ 64K ]>
endgroup
save_bd_design
Wrote  : <C:/Users/Kevin/Documents/COMP4601/WavletVHDL/imagecompression/imagecompression.srcs/sources_1/bd/system/system.bd> 
Wrote  : <C:/Users/Kevin/Documents/COMP4601/WavletVHDL/imagecompression/imagecompression.srcs/sources_1/bd/system/ui/bd_c954508f.ui> 
reset_run synth_1
reset_run system_xbar_0_synth_1
launch_runs impl_1 -to_step write_bitstream -jobs 2
Wrote  : <C:/Users/Kevin/Documents/COMP4601/WavletVHDL/imagecompression/imagecompression.srcs/sources_1/bd/system/system.bd> 
VHDL Output written to : C:/Users/Kevin/Documents/COMP4601/WavletVHDL/imagecompression/imagecompression.srcs/sources_1/bd/system/hdl/system.vhd
VHDL Output written to : C:/Users/Kevin/Documents/COMP4601/WavletVHDL/imagecompression/imagecompression.srcs/sources_1/bd/system/hdl/system_wrapper.vhd
INFO: [BD 41-1029] Generation completed for the IP Integrator block processing_system7_0 .
INFO: [BD 41-1029] Generation completed for the IP Integrator block axi_ip_demo_0 .
INFO: [BD 41-1029] Generation completed for the IP Integrator block rst_ps7_0_100M .
INFO: [BD 41-1029] Generation completed for the IP Integrator block ps7_0_axi_periph/xbar .
INFO: [BD 41-1029] Generation completed for the IP Integrator block axi_ip_demo_1 .
INFO: [BD 41-1029] Generation completed for the IP Integrator block axi_ip_demo_2 .
INFO: [BD 41-1029] Generation completed for the IP Integrator block axi_ip_demo_3 .
INFO: [BD 41-1029] Generation completed for the IP Integrator block axi_ip_demo_4 .
INFO: [BD 41-1029] Generation completed for the IP Integrator block axi_ip_demo_5 .
INFO: [BD 41-1029] Generation completed for the IP Integrator block axi_ip_demo_6 .
INFO: [BD 41-1029] Generation completed for the IP Integrator block axi_ip_demo_7 .
INFO: [BD 41-1029] Generation completed for the IP Integrator block axi_ip_demo_8 .
INFO: [BD 41-1029] Generation completed for the IP Integrator block axi_ip_demo_9 .
INFO: [BD 41-1029] Generation completed for the IP Integrator block axi_ip_demo_10 .
INFO: [BD 41-1029] Generation completed for the IP Integrator block axi_ip_demo_11 .
INFO: [BD 41-1029] Generation completed for the IP Integrator block axi_ip_demo_12 .
INFO: [BD 41-1029] Generation completed for the IP Integrator block axi_ip_demo_13 .
INFO: [BD 41-1029] Generation completed for the IP Integrator block axi_ip_demo_14 .
INFO: [BD 41-1029] Generation completed for the IP Integrator block axi_ip_demo_15 .
WARNING: [IP_Flow 19-4994] Overwriting existing constraint file 'c:/Users/Kevin/Documents/COMP4601/WavletVHDL/imagecompression/imagecompression.srcs/sources_1/bd/system/ip/system_auto_pc_0/system_auto_pc_0_ooc.xdc'
INFO: [BD 41-1029] Generation completed for the IP Integrator block ps7_0_axi_periph/s00_couplers/auto_pc .
Exporting to file C:/Users/Kevin/Documents/COMP4601/WavletVHDL/imagecompression/imagecompression.srcs/sources_1/bd/system/hw_handoff/system.hwh
Generated Block Design Tcl file C:/Users/Kevin/Documents/COMP4601/WavletVHDL/imagecompression/imagecompression.srcs/sources_1/bd/system/hw_handoff/system_bd.tcl
Generated Hardware Definition File C:/Users/Kevin/Documents/COMP4601/WavletVHDL/imagecompression/imagecompression.srcs/sources_1/bd/system/hdl/system.hwdef
INFO: [IP_Flow 19-4993] Using cached IP synthesis design for IP system_axi_ip_demo_8_0, cache-ID = e040d2f8d902c44a; cache size = 119.745 MB.
INFO: [IP_Flow 19-4993] Using cached IP synthesis design for IP system_axi_ip_demo_9_0, cache-ID = e040d2f8d902c44a; cache size = 119.745 MB.
INFO: [IP_Flow 19-4993] Using cached IP synthesis design for IP system_axi_ip_demo_10_0, cache-ID = e040d2f8d902c44a; cache size = 119.745 MB.
INFO: [IP_Flow 19-4993] Using cached IP synthesis design for IP system_axi_ip_demo_11_0, cache-ID = e040d2f8d902c44a; cache size = 119.745 MB.
INFO: [IP_Flow 19-4993] Using cached IP synthesis design for IP system_axi_ip_demo_12_0, cache-ID = e040d2f8d902c44a; cache size = 119.745 MB.
INFO: [IP_Flow 19-4993] Using cached IP synthesis design for IP system_axi_ip_demo_13_0, cache-ID = e040d2f8d902c44a; cache size = 119.745 MB.
INFO: [IP_Flow 19-4993] Using cached IP synthesis design for IP system_axi_ip_demo_14_0, cache-ID = e040d2f8d902c44a; cache size = 119.745 MB.
INFO: [IP_Flow 19-4993] Using cached IP synthesis design for IP system_axi_ip_demo_15_0, cache-ID = e040d2f8d902c44a; cache size = 119.745 MB.
INFO: [IP_Flow 19-4993] Using cached IP synthesis design for IP system_auto_pc_0, cache-ID = 7d88bb6ec6a33b6d; cache size = 119.745 MB.
[Sun May 27 23:53:10 2018] Launched system_xbar_0_synth_1, synth_1...
Run output will be captured here:
system_xbar_0_synth_1: C:/Users/Kevin/Documents/COMP4601/WavletVHDL/imagecompression/imagecompression.runs/system_xbar_0_synth_1/runme.log
synth_1: C:/Users/Kevin/Documents/COMP4601/WavletVHDL/imagecompression/imagecompression.runs/synth_1/runme.log
[Sun May 27 23:53:10 2018] Launched impl_1...
Run output will be captured here: C:/Users/Kevin/Documents/COMP4601/WavletVHDL/imagecompression/imagecompression.runs/impl_1/runme.log
launch_runs: Time (s): cpu = 00:00:36 ; elapsed = 00:00:46 . Memory (MB): peak = 1194.996 ; gain = 53.930
file copy -force C:/Users/Kevin/Documents/COMP4601/WavletVHDL/imagecompression/imagecompression.runs/impl_1/system_wrapper.bit C:/Users/Kevin/Documents/COMP4601/sixteenip.bit
exit
INFO: [Common 17-206] Exiting Vivado at Mon May 28 01:03:20 2018...
