
*** Running vivado
    with args -log system_axi_ip_demo_0_0.vds -m64 -product Vivado -mode batch -messageDb vivado.pb -notrace -source system_axi_ip_demo_0_0.tcl


****** Vivado v2017.2 (64-bit)
  **** SW Build 1909853 on Thu Jun 15 18:39:09 MDT 2017
  **** IP Build 1909766 on Thu Jun 15 19:58:00 MDT 2017
    ** Copyright 1986-2017 Xilinx, Inc. All Rights Reserved.

source system_axi_ip_demo_0_0.tcl -notrace
Command: synth_design -top system_axi_ip_demo_0_0 -part xc7z020clg484-1 -mode out_of_context
Starting synth_design
Attempting to get a license for feature 'Synthesis' and/or device 'xc7z020-clg484'
INFO: [Common 17-349] Got license for feature 'Synthesis' and/or device 'xc7z020-clg484'
INFO: Launching helper process for spawning children vivado processes
INFO: Helper process launched with PID 35280 
---------------------------------------------------------------------------------
Starting RTL Elaboration : Time (s): cpu = 00:00:09 ; elapsed = 00:00:11 . Memory (MB): peak = 312.273 ; gain = 84.766
---------------------------------------------------------------------------------
INFO: [Synth 8-638] synthesizing module 'system_axi_ip_demo_0_0' [c:/Users/Ryan/Desktop/WavletVHDL/imagecompression/imagecompression.srcs/sources_1/bd/system/ip/system_axi_ip_demo_0_0/synth/system_axi_ip_demo_0_0.vhd:82]
INFO: [Synth 8-3491] module 'axi_ip_demo_v1_0' declared at 'c:/Users/Ryan/Desktop/WavletVHDL/imagecompression/imagecompression.srcs/sources_1/bd/system/ipshared/5ec6/hdl/axi_ip_demo_v1_0.vhd:5' bound to instance 'U0' of component 'axi_ip_demo_v1_0' [c:/Users/Ryan/Desktop/WavletVHDL/imagecompression/imagecompression.srcs/sources_1/bd/system/ip/system_axi_ip_demo_0_0/synth/system_axi_ip_demo_0_0.vhd:141]
INFO: [Synth 8-638] synthesizing module 'axi_ip_demo_v1_0' [c:/Users/Ryan/Desktop/WavletVHDL/imagecompression/imagecompression.srcs/sources_1/bd/system/ipshared/5ec6/hdl/axi_ip_demo_v1_0.vhd:49]
INFO: [Synth 8-3491] module 'axi_ip_demo_v1_0_S00_AXI' declared at 'c:/Users/Ryan/Desktop/WavletVHDL/imagecompression/imagecompression.srcs/sources_1/bd/system/ipshared/5ec6/hdl/axi_ip_demo_v1_0_S00_AXI.vhd:5' bound to instance 'axi_ip_demo_v1_0_S00_AXI_inst' of component 'axi_ip_demo_v1_0_S00_AXI' [c:/Users/Ryan/Desktop/WavletVHDL/imagecompression/imagecompression.srcs/sources_1/bd/system/ipshared/5ec6/hdl/axi_ip_demo_v1_0.vhd:203]
INFO: [Synth 8-638] synthesizing module 'axi_ip_demo_v1_0_S00_AXI' [c:/Users/Ryan/Desktop/WavletVHDL/imagecompression/imagecompression.srcs/sources_1/bd/system/ipshared/5ec6/hdl/axi_ip_demo_v1_0_S00_AXI.vhd:88]
INFO: [Synth 8-226] default block is never used [c:/Users/Ryan/Desktop/WavletVHDL/imagecompression/imagecompression.srcs/sources_1/bd/system/ipshared/5ec6/hdl/axi_ip_demo_v1_0_S00_AXI.vhd:267]
INFO: [Synth 8-226] default block is never used [c:/Users/Ryan/Desktop/WavletVHDL/imagecompression/imagecompression.srcs/sources_1/bd/system/ipshared/5ec6/hdl/axi_ip_demo_v1_0_S00_AXI.vhd:505]
WARNING: [Synth 8-6014] Unused sequential element loc_addr_reg was removed.  [c:/Users/Ryan/Desktop/WavletVHDL/imagecompression/imagecompression.srcs/sources_1/bd/system/ipshared/5ec6/hdl/axi_ip_demo_v1_0_S00_AXI.vhd:265]
WARNING: [Synth 8-6014] Unused sequential element loc_addr_reg was removed.  [c:/Users/Ryan/Desktop/WavletVHDL/imagecompression/imagecompression.srcs/sources_1/bd/system/ipshared/5ec6/hdl/axi_ip_demo_v1_0_S00_AXI.vhd:504]
INFO: [Synth 8-256] done synthesizing module 'axi_ip_demo_v1_0_S00_AXI' (1#1) [c:/Users/Ryan/Desktop/WavletVHDL/imagecompression/imagecompression.srcs/sources_1/bd/system/ipshared/5ec6/hdl/axi_ip_demo_v1_0_S00_AXI.vhd:88]
INFO: [Synth 8-3491] module 'bram' declared at 'c:/Users/Ryan/Desktop/WavletVHDL/imagecompression/imagecompression.srcs/sources_1/bd/system/ipshared/5ec6/src/bram.vhd:34' bound to instance 'bram_inst' of component 'bram' [c:/Users/Ryan/Desktop/WavletVHDL/imagecompression/imagecompression.srcs/sources_1/bd/system/ipshared/5ec6/hdl/axi_ip_demo_v1_0.vhd:268]
INFO: [Synth 8-638] synthesizing module 'bram' [c:/Users/Ryan/Desktop/WavletVHDL/imagecompression/imagecompression.srcs/sources_1/bd/system/ipshared/5ec6/src/bram.vhd:53]
WARNING: [Synth 8-614] signal 'bramActiveAddr' is read in the process but is not in the sensitivity list [c:/Users/Ryan/Desktop/WavletVHDL/imagecompression/imagecompression.srcs/sources_1/bd/system/ipshared/5ec6/src/bram.vhd:108]
INFO: [Synth 8-256] done synthesizing module 'bram' (2#1) [c:/Users/Ryan/Desktop/WavletVHDL/imagecompression/imagecompression.srcs/sources_1/bd/system/ipshared/5ec6/src/bram.vhd:53]
INFO: [Synth 8-3491] module 'controller' declared at 'c:/Users/Ryan/Desktop/WavletVHDL/imagecompression/imagecompression.srcs/sources_1/bd/system/ipshared/5ec6/src/Controller.vhd:34' bound to instance 'controller_inst' of component 'Controller' [c:/Users/Ryan/Desktop/WavletVHDL/imagecompression/imagecompression.srcs/sources_1/bd/system/ipshared/5ec6/hdl/axi_ip_demo_v1_0.vhd:283]
INFO: [Synth 8-638] synthesizing module 'controller' [c:/Users/Ryan/Desktop/WavletVHDL/imagecompression/imagecompression.srcs/sources_1/bd/system/ipshared/5ec6/src/Controller.vhd:47]
INFO: [Synth 8-3491] module 'quantize' declared at 'c:/Users/Ryan/Desktop/WavletVHDL/imagecompression/imagecompression.srcs/sources_1/bd/system/ipshared/5ec6/src/quantize.vhd:34' bound to instance 'quant' of component 'quantize' [c:/Users/Ryan/Desktop/WavletVHDL/imagecompression/imagecompression.srcs/sources_1/bd/system/ipshared/5ec6/src/Controller.vhd:73]
INFO: [Synth 8-638] synthesizing module 'quantize' [c:/Users/Ryan/Desktop/WavletVHDL/imagecompression/imagecompression.srcs/sources_1/bd/system/ipshared/5ec6/src/quantize.vhd:46]
INFO: [Synth 8-3491] module 'floating_point_1' declared at 'c:/Users/Ryan/Desktop/WavletVHDL/imagecompression/imagecompression.srcs/sources_1/bd/system/ip/system_axi_ip_demo_0_0/src/floating_point_1_1/synth/floating_point_1.vhd:59' bound to instance 'divider' of component 'floating_point_1' [c:/Users/Ryan/Desktop/WavletVHDL/imagecompression/imagecompression.srcs/sources_1/bd/system/ipshared/5ec6/src/quantize.vhd:135]
INFO: [Synth 8-638] synthesizing module 'floating_point_1' [c:/Users/Ryan/Desktop/WavletVHDL/imagecompression/imagecompression.srcs/sources_1/bd/system/ip/system_axi_ip_demo_0_0/src/floating_point_1_1/synth/floating_point_1.vhd:75]
INFO: [Synth 8-3491] module 'floating_point_v7_1_4' declared at 'c:/Users/Ryan/Desktop/WavletVHDL/imagecompression/imagecompression.srcs/sources_1/bd/system/ip/system_axi_ip_demo_0_0/src/floating_point_0_1/hdl/floating_point_v7_1_vh_rfs.vhd:91604' bound to instance 'U0' of component 'floating_point_v7_1_4' [c:/Users/Ryan/Desktop/WavletVHDL/imagecompression/imagecompression.srcs/sources_1/bd/system/ip/system_axi_ip_demo_0_0/src/floating_point_1_1/synth/floating_point_1.vhd:203]
INFO: [Synth 8-256] done synthesizing module 'floating_point_1' (17#1) [c:/Users/Ryan/Desktop/WavletVHDL/imagecompression/imagecompression.srcs/sources_1/bd/system/ip/system_axi_ip_demo_0_0/src/floating_point_1_1/synth/floating_point_1.vhd:75]
INFO: [Synth 8-3491] module 'floating_point_add' declared at 'c:/Users/Ryan/Desktop/WavletVHDL/imagecompression/imagecompression.srcs/sources_1/bd/system/ip/system_axi_ip_demo_0_0/src/floating_point_add_1/synth/floating_point_add.vhd:59' bound to instance 'adder' of component 'floating_point_add' [c:/Users/Ryan/Desktop/WavletVHDL/imagecompression/imagecompression.srcs/sources_1/bd/system/ipshared/5ec6/src/quantize.vhd:160]
INFO: [Synth 8-638] synthesizing module 'floating_point_add' [c:/Users/Ryan/Desktop/WavletVHDL/imagecompression/imagecompression.srcs/sources_1/bd/system/ip/system_axi_ip_demo_0_0/src/floating_point_add_1/synth/floating_point_add.vhd:75]
INFO: [Synth 8-3491] module 'floating_point_v7_1_4' declared at 'c:/Users/Ryan/Desktop/WavletVHDL/imagecompression/imagecompression.srcs/sources_1/bd/system/ip/system_axi_ip_demo_0_0/src/floating_point_0_1/hdl/floating_point_v7_1_vh_rfs.vhd:91604' bound to instance 'U0' of component 'floating_point_v7_1_4' [c:/Users/Ryan/Desktop/WavletVHDL/imagecompression/imagecompression.srcs/sources_1/bd/system/ip/system_axi_ip_demo_0_0/src/floating_point_add_1/synth/floating_point_add.vhd:203]
INFO: [Synth 8-256] done synthesizing module 'floating_point_add' (29#1) [c:/Users/Ryan/Desktop/WavletVHDL/imagecompression/imagecompression.srcs/sources_1/bd/system/ip/system_axi_ip_demo_0_0/src/floating_point_add_1/synth/floating_point_add.vhd:75]
INFO: [Synth 8-3491] module 'floating_point_0' declared at 'c:/Users/Ryan/Desktop/WavletVHDL/imagecompression/imagecompression.srcs/sources_1/bd/system/ip/system_axi_ip_demo_0_0/src/floating_point_0_1/synth/floating_point_0.vhd:59' bound to instance 'floattofixed' of component 'floating_point_0' [c:/Users/Ryan/Desktop/WavletVHDL/imagecompression/imagecompression.srcs/sources_1/bd/system/ipshared/5ec6/src/quantize.vhd:173]
INFO: [Synth 8-638] synthesizing module 'floating_point_0' [c:/Users/Ryan/Desktop/WavletVHDL/imagecompression/imagecompression.srcs/sources_1/bd/system/ip/system_axi_ip_demo_0_0/src/floating_point_0_1/synth/floating_point_0.vhd:71]
INFO: [Synth 8-3491] module 'floating_point_v7_1_4' declared at 'c:/Users/Ryan/Desktop/WavletVHDL/imagecompression/imagecompression.srcs/sources_1/bd/system/ip/system_axi_ip_demo_0_0/src/floating_point_0_1/hdl/floating_point_v7_1_vh_rfs.vhd:91604' bound to instance 'U0' of component 'floating_point_v7_1_4' [c:/Users/Ryan/Desktop/WavletVHDL/imagecompression/imagecompression.srcs/sources_1/bd/system/ip/system_axi_ip_demo_0_0/src/floating_point_0_1/synth/floating_point_0.vhd:195]
INFO: [Synth 8-256] done synthesizing module 'floating_point_0' (34#1) [c:/Users/Ryan/Desktop/WavletVHDL/imagecompression/imagecompression.srcs/sources_1/bd/system/ip/system_axi_ip_demo_0_0/src/floating_point_0_1/synth/floating_point_0.vhd:71]
WARNING: [Synth 8-6014] Unused sequential element temp_reg was removed.  [c:/Users/Ryan/Desktop/WavletVHDL/imagecompression/imagecompression.srcs/sources_1/bd/system/ipshared/5ec6/src/quantize.vhd:224]
WARNING: [Synth 8-6014] Unused sequential element quantizeOut_reg was removed.  [c:/Users/Ryan/Desktop/WavletVHDL/imagecompression/imagecompression.srcs/sources_1/bd/system/ipshared/5ec6/src/quantize.vhd:276]
INFO: [Synth 8-256] done synthesizing module 'quantize' (35#1) [c:/Users/Ryan/Desktop/WavletVHDL/imagecompression/imagecompression.srcs/sources_1/bd/system/ipshared/5ec6/src/quantize.vhd:46]
WARNING: [Synth 8-614] signal 'rst_soft' is read in the process but is not in the sensitivity list [c:/Users/Ryan/Desktop/WavletVHDL/imagecompression/imagecompression.srcs/sources_1/bd/system/ipshared/5ec6/src/Controller.vhd:85]
WARNING: [Synth 8-3848] Net baddr in module/entity controller does not have driver. [c:/Users/Ryan/Desktop/WavletVHDL/imagecompression/imagecompression.srcs/sources_1/bd/system/ipshared/5ec6/src/Controller.vhd:44]
INFO: [Synth 8-256] done synthesizing module 'controller' (36#1) [c:/Users/Ryan/Desktop/WavletVHDL/imagecompression/imagecompression.srcs/sources_1/bd/system/ipshared/5ec6/src/Controller.vhd:47]
WARNING: [Synth 8-3848] Net rst_soft in module/entity axi_ip_demo_v1_0 does not have driver. [c:/Users/Ryan/Desktop/WavletVHDL/imagecompression/imagecompression.srcs/sources_1/bd/system/ipshared/5ec6/hdl/axi_ip_demo_v1_0.vhd:181]
WARNING: [Synth 8-3848] Net startSoft in module/entity axi_ip_demo_v1_0 does not have driver. [c:/Users/Ryan/Desktop/WavletVHDL/imagecompression/imagecompression.srcs/sources_1/bd/system/ipshared/5ec6/hdl/axi_ip_demo_v1_0.vhd:182]
INFO: [Synth 8-256] done synthesizing module 'axi_ip_demo_v1_0' (37#1) [c:/Users/Ryan/Desktop/WavletVHDL/imagecompression/imagecompression.srcs/sources_1/bd/system/ipshared/5ec6/hdl/axi_ip_demo_v1_0.vhd:49]
INFO: [Synth 8-256] done synthesizing module 'system_axi_ip_demo_0_0' (38#1) [c:/Users/Ryan/Desktop/WavletVHDL/imagecompression/imagecompression.srcs/sources_1/bd/system/ip/system_axi_ip_demo_0_0/synth/system_axi_ip_demo_0_0.vhd:82]
WARNING: [Synth 8-3331] design xbip_pipe_v3_0_3_viv__parameterized11 has unconnected port SCLR
WARNING: [Synth 8-3331] design xbip_pipe_v3_0_3_viv__parameterized11 has unconnected port SSET
WARNING: [Synth 8-3331] design xbip_pipe_v3_0_3_viv__parameterized11 has unconnected port SINIT
WARNING: [Synth 8-3331] design xbip_pipe_v3_0_3_viv__parameterized123 has unconnected port SCLR
WARNING: [Synth 8-3331] design xbip_pipe_v3_0_3_viv__parameterized123 has unconnected port SSET
WARNING: [Synth 8-3331] design xbip_pipe_v3_0_3_viv__parameterized123 has unconnected port SINIT
WARNING: [Synth 8-3331] design xbip_pipe_v3_0_3_viv__parameterized5 has unconnected port CLK
WARNING: [Synth 8-3331] design xbip_pipe_v3_0_3_viv__parameterized5 has unconnected port CE
WARNING: [Synth 8-3331] design xbip_pipe_v3_0_3_viv__parameterized5 has unconnected port SCLR
WARNING: [Synth 8-3331] design xbip_pipe_v3_0_3_viv__parameterized5 has unconnected port SSET
WARNING: [Synth 8-3331] design xbip_pipe_v3_0_3_viv__parameterized5 has unconnected port SINIT
WARNING: [Synth 8-3331] design xbip_pipe_v3_0_3_viv__parameterized125 has unconnected port CLK
WARNING: [Synth 8-3331] design xbip_pipe_v3_0_3_viv__parameterized125 has unconnected port CE
WARNING: [Synth 8-3331] design xbip_pipe_v3_0_3_viv__parameterized125 has unconnected port SCLR
WARNING: [Synth 8-3331] design xbip_pipe_v3_0_3_viv__parameterized125 has unconnected port SSET
WARNING: [Synth 8-3331] design xbip_pipe_v3_0_3_viv__parameterized125 has unconnected port SINIT
WARNING: [Synth 8-3331] design xbip_pipe_v3_0_3_viv__parameterized127 has unconnected port SCLR
WARNING: [Synth 8-3331] design xbip_pipe_v3_0_3_viv__parameterized127 has unconnected port SSET
WARNING: [Synth 8-3331] design xbip_pipe_v3_0_3_viv__parameterized127 has unconnected port SINIT
WARNING: [Synth 8-3331] design carry_chain__parameterized11 has unconnected port B[33]
WARNING: [Synth 8-3331] design xbip_pipe_v3_0_3_viv__parameterized78 has unconnected port SCLR
WARNING: [Synth 8-3331] design xbip_pipe_v3_0_3_viv__parameterized78 has unconnected port SSET
WARNING: [Synth 8-3331] design xbip_pipe_v3_0_3_viv__parameterized78 has unconnected port SINIT
WARNING: [Synth 8-3331] design xbip_pipe_v3_0_3_viv__parameterized61 has unconnected port CLK
WARNING: [Synth 8-3331] design xbip_pipe_v3_0_3_viv__parameterized61 has unconnected port CE
WARNING: [Synth 8-3331] design xbip_pipe_v3_0_3_viv__parameterized61 has unconnected port SCLR
WARNING: [Synth 8-3331] design xbip_pipe_v3_0_3_viv__parameterized61 has unconnected port SSET
WARNING: [Synth 8-3331] design xbip_pipe_v3_0_3_viv__parameterized61 has unconnected port SINIT
WARNING: [Synth 8-3331] design xbip_pipe_v3_0_3_viv__parameterized92 has unconnected port SCLR
WARNING: [Synth 8-3331] design xbip_pipe_v3_0_3_viv__parameterized92 has unconnected port SSET
WARNING: [Synth 8-3331] design xbip_pipe_v3_0_3_viv__parameterized92 has unconnected port SINIT
WARNING: [Synth 8-3331] design xbip_pipe_v3_0_3_viv__parameterized121 has unconnected port SCLR
WARNING: [Synth 8-3331] design xbip_pipe_v3_0_3_viv__parameterized121 has unconnected port SSET
WARNING: [Synth 8-3331] design xbip_pipe_v3_0_3_viv__parameterized121 has unconnected port SINIT
WARNING: [Synth 8-3331] design xbip_pipe_v3_0_3_viv__parameterized47 has unconnected port CLK
WARNING: [Synth 8-3331] design xbip_pipe_v3_0_3_viv__parameterized47 has unconnected port CE
WARNING: [Synth 8-3331] design xbip_pipe_v3_0_3_viv__parameterized47 has unconnected port SCLR
WARNING: [Synth 8-3331] design xbip_pipe_v3_0_3_viv__parameterized47 has unconnected port SSET
WARNING: [Synth 8-3331] design xbip_pipe_v3_0_3_viv__parameterized47 has unconnected port SINIT
WARNING: [Synth 8-3331] design xbip_pipe_v3_0_3_viv__parameterized68 has unconnected port SCLR
WARNING: [Synth 8-3331] design xbip_pipe_v3_0_3_viv__parameterized68 has unconnected port SSET
WARNING: [Synth 8-3331] design xbip_pipe_v3_0_3_viv__parameterized68 has unconnected port SINIT
WARNING: [Synth 8-3331] design xbip_pipe_v3_0_3_viv__parameterized119 has unconnected port CLK
WARNING: [Synth 8-3331] design xbip_pipe_v3_0_3_viv__parameterized119 has unconnected port CE
WARNING: [Synth 8-3331] design xbip_pipe_v3_0_3_viv__parameterized119 has unconnected port SCLR
WARNING: [Synth 8-3331] design xbip_pipe_v3_0_3_viv__parameterized119 has unconnected port SSET
WARNING: [Synth 8-3331] design xbip_pipe_v3_0_3_viv__parameterized119 has unconnected port SINIT
WARNING: [Synth 8-3331] design zero_det_sel has unconnected port ZEROS_DET_IP[13]
WARNING: [Synth 8-3331] design zero_det_sel has unconnected port ZEROS_DET_IP[12]
WARNING: [Synth 8-3331] design zero_det_sel has unconnected port ZEROS_DET_IP[11]
WARNING: [Synth 8-3331] design zero_det_sel has unconnected port ZEROS_DET_IP[10]
WARNING: [Synth 8-3331] design zero_det_sel has unconnected port ZEROS_DET_IP[9]
WARNING: [Synth 8-3331] design zero_det_sel has unconnected port ZEROS_DET_IP[8]
WARNING: [Synth 8-3331] design zero_det_sel has unconnected port ZEROS_DET_IP[7]
WARNING: [Synth 8-3331] design zero_det_sel has unconnected port ZEROS_DET_IP[6]
WARNING: [Synth 8-3331] design zero_det_sel has unconnected port ZEROS_DET_IP[5]
WARNING: [Synth 8-3331] design zero_det_sel has unconnected port ZEROS_DET_IP[4]
WARNING: [Synth 8-3331] design zero_det_sel has unconnected port ZEROS_DET_IP[3]
WARNING: [Synth 8-3331] design zero_det_sel has unconnected port ZEROS_DET_IP[2]
WARNING: [Synth 8-3331] design zero_det_sel has unconnected port ZEROS_DET_IP[1]
WARNING: [Synth 8-3331] design zero_det_sel has unconnected port ZEROS_DET_IP[0]
WARNING: [Synth 8-3331] design xbip_pipe_v3_0_3_viv__parameterized117 has unconnected port SCLR
WARNING: [Synth 8-3331] design xbip_pipe_v3_0_3_viv__parameterized117 has unconnected port SSET
WARNING: [Synth 8-3331] design xbip_pipe_v3_0_3_viv__parameterized117 has unconnected port SINIT
WARNING: [Synth 8-3331] design xbip_pipe_v3_0_3_viv__parameterized115 has unconnected port SCLR
WARNING: [Synth 8-3331] design xbip_pipe_v3_0_3_viv__parameterized115 has unconnected port SSET
WARNING: [Synth 8-3331] design xbip_pipe_v3_0_3_viv__parameterized115 has unconnected port SINIT
WARNING: [Synth 8-3331] design xbip_pipe_v3_0_3_viv__parameterized108 has unconnected port SCLR
WARNING: [Synth 8-3331] design xbip_pipe_v3_0_3_viv__parameterized108 has unconnected port SSET
WARNING: [Synth 8-3331] design xbip_pipe_v3_0_3_viv__parameterized108 has unconnected port SINIT
WARNING: [Synth 8-3331] design xbip_pipe_v3_0_3_viv__parameterized17 has unconnected port SCLR
WARNING: [Synth 8-3331] design xbip_pipe_v3_0_3_viv__parameterized17 has unconnected port SSET
WARNING: [Synth 8-3331] design xbip_pipe_v3_0_3_viv__parameterized17 has unconnected port SINIT
WARNING: [Synth 8-3331] design xbip_pipe_v3_0_3_viv__parameterized72 has unconnected port CLK
WARNING: [Synth 8-3331] design xbip_pipe_v3_0_3_viv__parameterized72 has unconnected port CE
WARNING: [Synth 8-3331] design xbip_pipe_v3_0_3_viv__parameterized72 has unconnected port SCLR
WARNING: [Synth 8-3331] design xbip_pipe_v3_0_3_viv__parameterized72 has unconnected port SSET
WARNING: [Synth 8-3331] design xbip_pipe_v3_0_3_viv__parameterized72 has unconnected port SINIT
WARNING: [Synth 8-3331] design carry_chain__parameterized9 has unconnected port CARRYS_OUT[2]
WARNING: [Synth 8-3331] design carry_chain__parameterized9 has unconnected port CARRYS_OUT[1]
WARNING: [Synth 8-3331] design carry_chain__parameterized9 has unconnected port CARRYS_OUT[0]
WARNING: [Synth 8-3331] design compare_eq_im__parameterized1 has unconnected port CARRYS_OUT[0]
WARNING: [Synth 8-3331] design special_detect__parameterized1 has unconnected port A[31]
WARNING: [Synth 8-3331] design xbip_pipe_v3_0_3_viv__parameterized1 has unconnected port SCLR
WARNING: [Synth 8-3331] design xbip_pipe_v3_0_3_viv__parameterized1 has unconnected port SSET
WARNING: [Synth 8-3331] design xbip_pipe_v3_0_3_viv__parameterized1 has unconnected port SINIT
WARNING: [Synth 8-3331] design axi_slave_2to1 has unconnected port s_axis_a_tuser[0]
WARNING: [Synth 8-3331] design axi_slave_2to1 has unconnected port s_axis_a_tlast
WARNING: [Synth 8-3331] design axi_slave_2to1 has unconnected port s_axis_b_tuser[0]
WARNING: [Synth 8-3331] design axi_slave_2to1 has unconnected port s_axis_b_tlast
WARNING: [Synth 8-3331] design xbip_pipe_v3_0_3_viv__parameterized113 has unconnected port SCLR
WARNING: [Synth 8-3331] design xbip_pipe_v3_0_3_viv__parameterized113 has unconnected port SSET
WARNING: [Synth 8-3331] design xbip_pipe_v3_0_3_viv__parameterized113 has unconnected port SINIT
WARNING: [Synth 8-3331] design floating_point_v7_1_4_viv__parameterized3 has unconnected port m_axis_result_tuser[0]
WARNING: [Synth 8-3331] design floating_point_v7_1_4_viv__parameterized3 has unconnected port m_axis_result_tlast
WARNING: [Synth 8-3331] design floating_point_v7_1_4_viv__parameterized3 has unconnected port aclken
WARNING: [Synth 8-3331] design floating_point_v7_1_4_viv__parameterized3 has unconnected port aresetn
WARNING: [Synth 8-3331] design floating_point_v7_1_4_viv__parameterized3 has unconnected port s_axis_b_tvalid
WARNING: [Synth 8-3331] design floating_point_v7_1_4_viv__parameterized3 has unconnected port s_axis_b_tdata[31]
WARNING: [Synth 8-3331] design floating_point_v7_1_4_viv__parameterized3 has unconnected port s_axis_b_tdata[30]
INFO: [Common 17-14] Message 'Synth 8-3331' appears 100 times and further instances of the messages will be disabled. Use the Tcl command set_msg_config to change the current settings.
---------------------------------------------------------------------------------
Finished RTL Elaboration : Time (s): cpu = 00:00:26 ; elapsed = 00:00:29 . Memory (MB): peak = 444.715 ; gain = 217.207
---------------------------------------------------------------------------------

Report Check Netlist: 
+------+------------------+-------+---------+-------+------------------+
|      |Item              |Errors |Warnings |Status |Description       |
+------+------------------+-------+---------+-------+------------------+
|1     |multi_driven_nets |      0|        0|Passed |Multi driven nets |
+------+------------------+-------+---------+-------+------------------+
WARNING: [Synth 8-3295] tying undriven pin controller_inst:rst_soft to constant 0 [c:/Users/Ryan/Desktop/WavletVHDL/imagecompression/imagecompression.srcs/sources_1/bd/system/ipshared/5ec6/hdl/axi_ip_demo_v1_0.vhd:283]
WARNING: [Synth 8-3295] tying undriven pin controller_inst:start_soft to constant 0 [c:/Users/Ryan/Desktop/WavletVHDL/imagecompression/imagecompression.srcs/sources_1/bd/system/ipshared/5ec6/hdl/axi_ip_demo_v1_0.vhd:283]
---------------------------------------------------------------------------------
Finished RTL Optimization Phase 1 : Time (s): cpu = 00:00:27 ; elapsed = 00:00:30 . Memory (MB): peak = 444.715 ; gain = 217.207
---------------------------------------------------------------------------------
INFO: [Netlist 29-17] Analyzing 1518 Unisim elements for replacement
INFO: [Netlist 29-28] Unisim Transformation completed in 0 CPU seconds
INFO: [Device 21-403] Loading part xc7z020clg484-1
INFO: [Project 1-570] Preparing netlist for logic optimization

Processing XDC Constraints
Initializing timing engine
Parsing XDC File [C:/Users/Ryan/Desktop/WavletVHDL/imagecompression/imagecompression.runs/system_axi_ip_demo_0_0_synth_1/dont_touch.xdc]
Finished Parsing XDC File [C:/Users/Ryan/Desktop/WavletVHDL/imagecompression/imagecompression.runs/system_axi_ip_demo_0_0_synth_1/dont_touch.xdc]
Completed Processing XDC Constraints

INFO: [Project 1-111] Unisim Transformation Summary:
  A total of 20 instances were transformed.
  FDE => FDRE: 20 instances

Constraint Validation Runtime : Time (s): cpu = 00:00:01 ; elapsed = 00:00:00.543 . Memory (MB): peak = 687.074 ; gain = 2.215
---------------------------------------------------------------------------------
Finished Constraint Validation : Time (s): cpu = 00:00:49 ; elapsed = 00:01:16 . Memory (MB): peak = 687.074 ; gain = 459.566
---------------------------------------------------------------------------------
---------------------------------------------------------------------------------
Start Loading Part and Timing Information
---------------------------------------------------------------------------------
Loading part: xc7z020clg484-1
---------------------------------------------------------------------------------
Finished Loading Part and Timing Information : Time (s): cpu = 00:00:49 ; elapsed = 00:01:16 . Memory (MB): peak = 687.074 ; gain = 459.566
---------------------------------------------------------------------------------
---------------------------------------------------------------------------------
Start Applying 'set_property' XDC Constraints
---------------------------------------------------------------------------------
Applied set_property DONT_TOUCH = true for U0/controller_inst/quant/adder. (constraint file  auto generated constraint, line ).
Applied set_property DONT_TOUCH = true for U0/controller_inst/quant/divider. (constraint file  auto generated constraint, line ).
Applied set_property DONT_TOUCH = true for U0/controller_inst/quant/floattofixed. (constraint file  auto generated constraint, line ).
---------------------------------------------------------------------------------
Finished applying 'set_property' XDC Constraints : Time (s): cpu = 00:00:49 ; elapsed = 00:01:16 . Memory (MB): peak = 687.074 ; gain = 459.566
---------------------------------------------------------------------------------
INFO: [Synth 8-5544] ROM "bramdata" won't be mapped to Block RAM because address size (3) smaller than threshold (5)
INFO: [Synth 8-5546] ROM "exp_all_one_ip" won't be mapped to RAM because it is too sparse
INFO: [Synth 8-5546] ROM "exp_all_zero_ip" won't be mapped to RAM because it is too sparse
INFO: [Synth 8-5545] ROM "chunk_is_zero_ip" won't be mapped to RAM because address size (36) is larger than maximum supported(25)
INFO: [Synth 8-5546] ROM "flow_sig" won't be mapped to RAM because it is too sparse
INFO: [Synth 8-5546] ROM "flow_sig" won't be mapped to RAM because it is too sparse
INFO: [Synth 8-5546] ROM "flow_sig" won't be mapped to RAM because it is too sparse
INFO: [Synth 8-5546] ROM "flow_sig" won't be mapped to RAM because it is too sparse
INFO: [Synth 8-5544] ROM "state_det" won't be mapped to Block RAM because address size (1) smaller than threshold (5)
INFO: [Synth 8-5544] ROM "state_det" won't be mapped to Block RAM because address size (1) smaller than threshold (5)
INFO: [Synth 8-5544] ROM "state_int_up" won't be mapped to Block RAM because address size (1) smaller than threshold (5)
INFO: [Synth 8-5546] ROM "exp_all_one_ip" won't be mapped to RAM because it is too sparse
INFO: [Synth 8-5546] ROM "exp_all_zero_ip" won't be mapped to RAM because it is too sparse
INFO: [Synth 8-5546] ROM "exp_over_int" won't be mapped to RAM because it is too sparse
INFO: [Synth 8-5546] ROM "ip_sig" won't be mapped to RAM because it is too sparse
INFO: [Synth 8-5546] ROM "exp_over_int" won't be mapped to RAM because it is too sparse
INFO: [Synth 8-5546] ROM "ip_sig" won't be mapped to RAM because it is too sparse
INFO: [Synth 8-5544] ROM "det_state" won't be mapped to Block RAM because address size (1) smaller than threshold (5)
INFO: [Synth 8-5546] ROM "exp_all_one_ip" won't be mapped to RAM because it is too sparse
INFO: [Synth 8-5546] ROM "exp_all_zero_ip" won't be mapped to RAM because it is too sparse
INFO: [Synth 8-4471] merging register 'b_div_valid_reg' into 'a_div_valid_reg' [c:/Users/Ryan/Desktop/WavletVHDL/imagecompression/imagecompression.srcs/sources_1/bd/system/ipshared/5ec6/src/quantize.vhd:147]
WARNING: [Synth 8-6014] Unused sequential element b_div_valid_reg was removed.  [c:/Users/Ryan/Desktop/WavletVHDL/imagecompression/imagecompression.srcs/sources_1/bd/system/ipshared/5ec6/src/quantize.vhd:147]
INFO: [Synth 8-802] inferred FSM for state register 'state_reg' in module 'controller'
WARNING: [Synth 8-6014] Unused sequential element state_reg was removed.  [c:/Users/Ryan/Desktop/WavletVHDL/imagecompression/imagecompression.srcs/sources_1/bd/system/ipshared/5ec6/src/Controller.vhd:88]
INFO: [Synth 8-5544] ROM "currAddr" won't be mapped to Block RAM because address size (3) smaller than threshold (5)
INFO: [Synth 8-5544] ROM "state" won't be mapped to Block RAM because address size (3) smaller than threshold (5)
INFO: [Synth 8-5544] ROM "bre" won't be mapped to Block RAM because address size (3) smaller than threshold (5)
INFO: [Synth 8-5544] ROM "qStart" won't be mapped to Block RAM because address size (3) smaller than threshold (5)
INFO: [Synth 8-5544] ROM "input" won't be mapped to Block RAM because address size (3) smaller than threshold (5)
INFO: [Synth 8-5544] ROM "bwe" won't be mapped to Block RAM because address size (3) smaller than threshold (5)
INFO: [Synth 8-5544] ROM "qdata_out" won't be mapped to Block RAM because address size (3) smaller than threshold (5)
INFO: [Synth 8-5544] ROM "done_soft" won't be mapped to Block RAM because address size (3) smaller than threshold (5)
INFO: [Synth 8-5544] ROM "state" won't be mapped to Block RAM because address size (1) smaller than threshold (5)
INFO: [Synth 8-5545] ROM "state" won't be mapped to RAM because address size (32) is larger than maximum supported(25)
WARNING: [Synth 8-327] inferring latch for variable 'bramContdata_reg' [c:/Users/Ryan/Desktop/WavletVHDL/imagecompression/imagecompression.srcs/sources_1/bd/system/ipshared/5ec6/src/bram.vhd:113]
WARNING: [Synth 8-327] inferring latch for variable 'bramdata_reg' [c:/Users/Ryan/Desktop/WavletVHDL/imagecompression/imagecompression.srcs/sources_1/bd/system/ipshared/5ec6/src/bram.vhd:111]
WARNING: [Synth 8-6014] Unused sequential element state_reg was removed.  [c:/Users/Ryan/Desktop/WavletVHDL/imagecompression/imagecompression.srcs/sources_1/bd/system/ipshared/5ec6/src/Controller.vhd:88]
WARNING: [Synth 8-6014] Unused sequential element state_reg was removed.  [c:/Users/Ryan/Desktop/WavletVHDL/imagecompression/imagecompression.srcs/sources_1/bd/system/ipshared/5ec6/src/Controller.vhd:88]
---------------------------------------------------------------------------------------------------
                   State |                     New Encoding |                Previous Encoding 
---------------------------------------------------------------------------------------------------
                    idle |                               01 |                              000
                   reads |                               10 |                              001
---------------------------------------------------------------------------------------------------
INFO: [Synth 8-3354] encoded FSM with state register 'state_reg' using encoding 'one-hot' in module 'controller'
WARNING: [Synth 8-6014] Unused sequential element state_reg was removed.  [c:/Users/Ryan/Desktop/WavletVHDL/imagecompression/imagecompression.srcs/sources_1/bd/system/ipshared/5ec6/src/Controller.vhd:88]
---------------------------------------------------------------------------------
Finished RTL Optimization Phase 2 : Time (s): cpu = 00:00:53 ; elapsed = 00:01:21 . Memory (MB): peak = 687.074 ; gain = 459.566
---------------------------------------------------------------------------------
INFO: [Synth 8-223] decloning instance 'U0/controller_inst/quant/divider/U0/i_synth/DELAY_ACCUM_OVERFLOW' (delay__parameterized22) to 'U0/controller_inst/quant/divider/U0/i_synth/DELAY_ACCUM_INPUT_OVERFLOW'
INFO: [Synth 8-223] decloning instance 'U0/controller_inst/quant/divider/U0/i_synth/DIV_OP.SPD.OP/ROUND/EXTRA_LSB_BIT_DEL' (delay__parameterized22) to 'U0/controller_inst/quant/divider/U0/i_synth/DIV_OP.SPD.OP/ROUND/EXTRA_LSB_RND1_DEL'
INFO: [Synth 8-223] decloning instance 'U0/controller_inst/quant/divider/U0/i_synth/DIV_OP.SPD.OP/ROUND/EXP_INC_DELAY' (delay__parameterized22) to 'U0/controller_inst/quant/divider/U0/i_synth/DIV_OP.SPD.OP/ROUND/EXP_INC_RND1_DELAY'
INFO: [Synth 8-223] decloning instance 'U0/controller_inst/quant/divider/U0/i_synth/DIV_OP.SPD.OP/ROUND/NORMALIZE_DEL' (delay__parameterized26) to 'U0/controller_inst/quant/divider/U0/i_synth/DIV_OP.SPD.OP/ROUND/NORMALIZE_RND1_DEL'
INFO: [Synth 8-223] decloning instance 'U0/controller_inst/quant/adder/U0/i_synth/DELAY_DIVIDE_BY_ZERO' (delay__parameterized22) to 'U0/controller_inst/quant/adder/U0/i_synth/DELAY_ACCUM_OVERFLOW'
INFO: [Synth 8-223] decloning instance 'U0/controller_inst/quant/adder/U0/i_synth/DELAY_DIVIDE_BY_ZERO' (delay__parameterized22) to 'U0/controller_inst/quant/adder/U0/i_synth/DELAY_ACCUM_INPUT_OVERFLOW'
INFO: [Synth 8-223] decloning instance 'U0/controller_inst/quant/floattofixed/U0/i_synth/DELAY_DIVIDE_BY_ZERO' (delay__parameterized22) to 'U0/controller_inst/quant/floattofixed/U0/i_synth/DELAY_ACCUM_OVERFLOW'
INFO: [Synth 8-223] decloning instance 'U0/controller_inst/quant/floattofixed/U0/i_synth/DELAY_DIVIDE_BY_ZERO' (delay__parameterized22) to 'U0/controller_inst/quant/floattofixed/U0/i_synth/DELAY_ACCUM_INPUT_OVERFLOW'

Report RTL Partitions: 
+-+--------------+------------+----------+
| |RTL Partition |Replication |Instances |
+-+--------------+------------+----------+
+-+--------------+------------+----------+
---------------------------------------------------------------------------------
Start RTL Component Statistics 
---------------------------------------------------------------------------------
---------------------------------------------------------------------------------
Finished RTL Component Statistics 
---------------------------------------------------------------------------------
---------------------------------------------------------------------------------
Start RTL Hierarchical Component Statistics 
---------------------------------------------------------------------------------
---------------------------------------------------------------------------------
Finished RTL Hierarchical Component Statistics
---------------------------------------------------------------------------------
---------------------------------------------------------------------------------
Start Part Resource Summary
---------------------------------------------------------------------------------
Part Resources:
DSPs: 220 (col length:60)
BRAMs: 280 (col length: RAMB18 60 RAMB36 30)
---------------------------------------------------------------------------------
Finished Part Resource Summary
---------------------------------------------------------------------------------
---------------------------------------------------------------------------------
Start Cross Boundary and Area Optimization
---------------------------------------------------------------------------------
INFO: [Synth 8-5546] ROM "COND_DET_A/exp_all_one_ip" won't be mapped to RAM because it is too sparse
INFO: [Synth 8-5546] ROM "COND_DET_A/exp_all_zero_ip" won't be mapped to RAM because it is too sparse
INFO: [Synth 8-5546] ROM "COND_DET_B/exp_all_one_ip" won't be mapped to RAM because it is too sparse
INFO: [Synth 8-5546] ROM "COND_DET_B/exp_all_zero_ip" won't be mapped to RAM because it is too sparse
INFO: [Synth 8-5546] ROM "flow_sig" won't be mapped to RAM because it is too sparse
INFO: [Synth 8-5546] ROM "flow_sig" won't be mapped to RAM because it is too sparse
INFO: [Synth 8-5546] ROM "ADDSUB_OP.ADDSUB/SPEED_OP.DSP.OP/DSP48E1_BODY.EXP/COND_DET_A/exp_all_one_ip" won't be mapped to RAM because it is too sparse
INFO: [Synth 8-5546] ROM "ADDSUB_OP.ADDSUB/SPEED_OP.DSP.OP/DSP48E1_BODY.EXP/COND_DET_A/exp_all_zero_ip" won't be mapped to RAM because it is too sparse
INFO: [Synth 8-5546] ROM "ADDSUB_OP.ADDSUB/SPEED_OP.DSP.OP/DSP48E1_BODY.EXP/COND_DET_B/exp_all_one_ip" won't be mapped to RAM because it is too sparse
INFO: [Synth 8-5546] ROM "ADDSUB_OP.ADDSUB/SPEED_OP.DSP.OP/DSP48E1_BODY.EXP/COND_DET_B/exp_all_zero_ip" won't be mapped to RAM because it is too sparse
INFO: [Synth 8-5546] ROM "ADDSUB_OP.ADDSUB/SPEED_OP.DSP.OP/DSP48E1_BODY.EXP/exp_over_int" won't be mapped to RAM because it is too sparse
INFO: [Synth 8-5546] ROM "ADDSUB_OP.ADDSUB/SPEED_OP.DSP.OP/DSP48E1_BODY.EXP/ip_sig" won't be mapped to RAM because it is too sparse
INFO: [Synth 8-5546] ROM "FLT_TO_FIX_OP.SPD.OP/COND_DET/exp_all_one_ip" won't be mapped to RAM because it is too sparse
INFO: [Synth 8-5546] ROM "FLT_TO_FIX_OP.SPD.OP/COND_DET/exp_all_zero_ip" won't be mapped to RAM because it is too sparse
WARNING: [Synth 8-6014] Unused sequential element U0/controller_inst/done_soft_reg was removed.  [c:/Users/Ryan/Desktop/WavletVHDL/imagecompression/imagecompression.srcs/sources_1/bd/system/ipshared/5ec6/src/Controller.vhd:135]
INFO: [Synth 8-3936] Found unconnected internal register 'U0/controller_inst/quant/outVal_reg' and it is trimmed from '35' to '32' bits. [c:/Users/Ryan/Desktop/WavletVHDL/imagecompression/imagecompression.srcs/sources_1/bd/system/ipshared/5ec6/src/quantize.vhd:277]
INFO: [Synth 8-3333] propagating constant 0 across sequential element (\U0/controller_inst/input_reg[0] )
INFO: [Synth 8-3333] propagating constant 0 across sequential element (\U0/controller_inst/input_reg[1] )
INFO: [Synth 8-3333] propagating constant 0 across sequential element (\U0/controller_inst/input_reg[2] )
INFO: [Synth 8-3333] propagating constant 0 across sequential element (\U0/controller_inst/input_reg[3] )
INFO: [Synth 8-3333] propagating constant 0 across sequential element (\U0/controller_inst/input_reg[4] )
INFO: [Synth 8-3333] propagating constant 0 across sequential element (\U0/controller_inst/input_reg[5] )
INFO: [Synth 8-3333] propagating constant 0 across sequential element (\U0/controller_inst/input_reg[6] )
INFO: [Synth 8-3333] propagating constant 0 across sequential element (\U0/controller_inst/input_reg[7] )
INFO: [Synth 8-3333] propagating constant 0 across sequential element (\U0/controller_inst/input_reg[8] )
INFO: [Synth 8-3333] propagating constant 0 across sequential element (\U0/controller_inst/input_reg[9] )
INFO: [Synth 8-3333] propagating constant 0 across sequential element (\U0/controller_inst/input_reg[10] )
INFO: [Synth 8-3333] propagating constant 0 across sequential element (\U0/controller_inst/input_reg[11] )
INFO: [Synth 8-3333] propagating constant 0 across sequential element (\U0/controller_inst/input_reg[12] )
INFO: [Synth 8-3333] propagating constant 0 across sequential element (\U0/controller_inst/input_reg[13] )
INFO: [Synth 8-3333] propagating constant 0 across sequential element (\U0/controller_inst/input_reg[14] )
INFO: [Synth 8-3333] propagating constant 0 across sequential element (\U0/controller_inst/input_reg[15] )
INFO: [Synth 8-3333] propagating constant 0 across sequential element (\U0/controller_inst/input_reg[16] )
INFO: [Synth 8-3333] propagating constant 0 across sequential element (\U0/controller_inst/input_reg[17] )
INFO: [Synth 8-3333] propagating constant 0 across sequential element (\U0/controller_inst/input_reg[18] )
INFO: [Synth 8-3333] propagating constant 0 across sequential element (\U0/controller_inst/input_reg[19] )
INFO: [Synth 8-3333] propagating constant 0 across sequential element (\U0/controller_inst/input_reg[20] )
INFO: [Synth 8-3333] propagating constant 0 across sequential element (\U0/controller_inst/input_reg[22] )
INFO: [Synth 8-3333] propagating constant 0 across sequential element (\U0/controller_inst/input_reg[24] )
INFO: [Synth 8-3333] propagating constant 0 across sequential element (\U0/controller_inst/input_reg[25] )
INFO: [Synth 8-3333] propagating constant 0 across sequential element (\U0/controller_inst/input_reg[26] )
INFO: [Synth 8-3333] propagating constant 0 across sequential element (\U0/controller_inst/input_reg[27] )
INFO: [Synth 8-3333] propagating constant 0 across sequential element (\U0/controller_inst/input_reg[28] )
INFO: [Synth 8-3333] propagating constant 0 across sequential element (\U0/controller_inst/input_reg[29] )
INFO: [Synth 8-3333] propagating constant 0 across sequential element (\U0/controller_inst/input_reg[31] )
INFO: [Synth 8-3886] merging instance 'U0/controller_inst/quant/adder_data_a_reg[0]' (FDE) to 'U0/controller_inst/quant/adder_data_a_reg[1]'
INFO: [Synth 8-3886] merging instance 'U0/controller_inst/quant/adder_data_a_reg[1]' (FDE) to 'U0/controller_inst/quant/adder_data_a_reg[2]'
INFO: [Synth 8-3886] merging instance 'U0/controller_inst/quant/adder_data_a_reg[2]' (FDE) to 'U0/controller_inst/quant/adder_data_a_reg[3]'
INFO: [Synth 8-3886] merging instance 'U0/controller_inst/quant/adder_data_a_reg[3]' (FDE) to 'U0/controller_inst/quant/adder_data_a_reg[4]'
INFO: [Synth 8-3886] merging instance 'U0/controller_inst/quant/adder_data_a_reg[4]' (FDE) to 'U0/controller_inst/quant/adder_data_a_reg[5]'
INFO: [Synth 8-3886] merging instance 'U0/controller_inst/quant/adder_data_a_reg[5]' (FDE) to 'U0/controller_inst/quant/adder_data_a_reg[6]'
INFO: [Synth 8-3886] merging instance 'U0/controller_inst/quant/adder_data_a_reg[6]' (FDE) to 'U0/controller_inst/quant/adder_data_a_reg[7]'
INFO: [Synth 8-3886] merging instance 'U0/controller_inst/quant/adder_data_a_reg[7]' (FDE) to 'U0/controller_inst/quant/adder_data_a_reg[8]'
INFO: [Synth 8-3886] merging instance 'U0/controller_inst/quant/adder_data_a_reg[8]' (FDE) to 'U0/controller_inst/quant/adder_data_a_reg[9]'
INFO: [Synth 8-3886] merging instance 'U0/controller_inst/quant/adder_data_a_reg[9]' (FDE) to 'U0/controller_inst/quant/adder_data_a_reg[10]'
INFO: [Synth 8-3886] merging instance 'U0/controller_inst/quant/adder_data_a_reg[10]' (FDE) to 'U0/controller_inst/quant/adder_data_a_reg[11]'
INFO: [Synth 8-3886] merging instance 'U0/controller_inst/quant/adder_data_a_reg[11]' (FDE) to 'U0/controller_inst/quant/adder_data_a_reg[12]'
INFO: [Synth 8-3886] merging instance 'U0/controller_inst/quant/adder_data_a_reg[12]' (FDE) to 'U0/controller_inst/quant/adder_data_a_reg[13]'
INFO: [Synth 8-3886] merging instance 'U0/controller_inst/quant/adder_data_a_reg[13]' (FDE) to 'U0/controller_inst/quant/adder_data_a_reg[14]'
INFO: [Synth 8-3886] merging instance 'U0/controller_inst/quant/adder_data_a_reg[14]' (FDE) to 'U0/controller_inst/quant/adder_data_a_reg[15]'
INFO: [Synth 8-3886] merging instance 'U0/controller_inst/quant/adder_data_a_reg[15]' (FDE) to 'U0/controller_inst/quant/adder_data_a_reg[16]'
INFO: [Synth 8-3886] merging instance 'U0/controller_inst/quant/adder_data_a_reg[16]' (FDE) to 'U0/controller_inst/quant/adder_data_a_reg[17]'
INFO: [Synth 8-3886] merging instance 'U0/controller_inst/quant/adder_data_a_reg[17]' (FDE) to 'U0/controller_inst/quant/adder_data_a_reg[18]'
INFO: [Synth 8-3886] merging instance 'U0/controller_inst/quant/adder_data_a_reg[18]' (FDE) to 'U0/controller_inst/quant/adder_data_a_reg[19]'
INFO: [Synth 8-3886] merging instance 'U0/controller_inst/quant/adder_data_a_reg[19]' (FDE) to 'U0/controller_inst/quant/adder_data_a_reg[20]'
INFO: [Synth 8-3886] merging instance 'U0/controller_inst/quant/adder_data_a_reg[20]' (FDE) to 'U0/controller_inst/quant/adder_data_a_reg[21]'
INFO: [Synth 8-3886] merging instance 'U0/controller_inst/quant/adder_data_a_reg[21]' (FDE) to 'U0/controller_inst/quant/adder_data_a_reg[22]'
INFO: [Synth 8-3886] merging instance 'U0/controller_inst/quant/adder_data_a_reg[22]' (FDE) to 'U0/controller_inst/quant/adder_data_a_reg[23]'
INFO: [Synth 8-3886] merging instance 'U0/controller_inst/quant/adder_data_a_reg[23]' (FDE) to 'U0/controller_inst/quant/adder_data_a_reg[26]'
INFO: [Synth 8-3886] merging instance 'U0/controller_inst/quant/adder_data_a_reg[24]' (FDE) to 'U0/controller_inst/quant/adder_data_a_reg[25]'
INFO: [Synth 8-3886] merging instance 'U0/controller_inst/quant/adder_data_a_reg[25]' (FDE) to 'U0/controller_inst/quant/adder_data_a_reg[30]'
INFO: [Synth 8-3886] merging instance 'U0/controller_inst/quant/adder_data_a_reg[26]' (FDE) to 'U0/controller_inst/quant/adder_data_a_reg[27]'
INFO: [Synth 8-3886] merging instance 'U0/controller_inst/quant/adder_data_a_reg[27]' (FDE) to 'U0/controller_inst/quant/adder_data_a_reg[28]'
INFO: [Synth 8-3886] merging instance 'U0/controller_inst/quant/adder_data_a_reg[28]' (FDE) to 'U0/controller_inst/quant/adder_data_a_reg[29]'
INFO: [Synth 8-3886] merging instance 'U0/controller_inst/quant/adder_data_a_reg[29]' (FDE) to 'U0/controller_inst/quant/adder_data_a_reg[31]'
INFO: [Synth 8-3333] propagating constant 1 across sequential element (\U0/controller_inst/quant/adder_data_a_reg[30] )
INFO: [Synth 8-3333] propagating constant 0 across sequential element (\U0/controller_inst/quant/adder_data_a_reg[31] )
INFO: [Synth 8-3886] merging instance 'U0/controller_inst/quant/div_data_b_reg[0]' (FDE) to 'U0/controller_inst/quant/div_data_b_reg[1]'
INFO: [Synth 8-3886] merging instance 'U0/controller_inst/quant/div_data_b_reg[1]' (FDE) to 'U0/controller_inst/quant/div_data_b_reg[2]'
INFO: [Synth 8-3886] merging instance 'U0/controller_inst/quant/div_data_b_reg[2]' (FDE) to 'U0/controller_inst/quant/div_data_b_reg[3]'
INFO: [Synth 8-3886] merging instance 'U0/controller_inst/quant/div_data_b_reg[3]' (FDE) to 'U0/controller_inst/quant/div_data_b_reg[4]'
INFO: [Synth 8-3886] merging instance 'U0/controller_inst/quant/div_data_b_reg[4]' (FDE) to 'U0/controller_inst/quant/div_data_b_reg[5]'
INFO: [Synth 8-3886] merging instance 'U0/controller_inst/quant/div_data_b_reg[5]' (FDE) to 'U0/controller_inst/quant/div_data_b_reg[6]'
INFO: [Synth 8-3886] merging instance 'U0/controller_inst/quant/div_data_b_reg[6]' (FDE) to 'U0/controller_inst/quant/div_data_b_reg[7]'
INFO: [Synth 8-3886] merging instance 'U0/controller_inst/quant/div_data_b_reg[7]' (FDE) to 'U0/controller_inst/quant/div_data_b_reg[8]'
INFO: [Synth 8-3886] merging instance 'U0/controller_inst/quant/div_data_b_reg[8]' (FDE) to 'U0/controller_inst/quant/div_data_b_reg[9]'
INFO: [Synth 8-3886] merging instance 'U0/controller_inst/quant/div_data_b_reg[9]' (FDE) to 'U0/controller_inst/quant/div_data_b_reg[10]'
INFO: [Synth 8-3886] merging instance 'U0/controller_inst/quant/div_data_b_reg[10]' (FDE) to 'U0/controller_inst/quant/div_data_b_reg[11]'
INFO: [Synth 8-3886] merging instance 'U0/controller_inst/quant/div_data_b_reg[11]' (FDE) to 'U0/controller_inst/quant/div_data_b_reg[12]'
INFO: [Synth 8-3886] merging instance 'U0/controller_inst/quant/div_data_b_reg[12]' (FDE) to 'U0/controller_inst/quant/div_data_b_reg[13]'
INFO: [Synth 8-3886] merging instance 'U0/controller_inst/quant/div_data_b_reg[13]' (FDE) to 'U0/controller_inst/quant/div_data_b_reg[14]'
INFO: [Synth 8-3886] merging instance 'U0/controller_inst/quant/div_data_b_reg[14]' (FDE) to 'U0/controller_inst/quant/div_data_b_reg[15]'
INFO: [Synth 8-3886] merging instance 'U0/controller_inst/quant/div_data_b_reg[15]' (FDE) to 'U0/controller_inst/quant/div_data_b_reg[16]'
INFO: [Synth 8-3886] merging instance 'U0/controller_inst/quant/div_data_b_reg[16]' (FDE) to 'U0/controller_inst/quant/div_data_b_reg[17]'
INFO: [Synth 8-3886] merging instance 'U0/controller_inst/quant/div_data_b_reg[17]' (FDE) to 'U0/controller_inst/quant/div_data_b_reg[18]'
INFO: [Synth 8-3886] merging instance 'U0/controller_inst/quant/div_data_b_reg[18]' (FDE) to 'U0/controller_inst/quant/div_data_b_reg[19]'
INFO: [Synth 8-3886] merging instance 'U0/controller_inst/quant/div_data_b_reg[19]' (FDE) to 'U0/controller_inst/quant/div_data_b_reg[20]'
INFO: [Synth 8-3886] merging instance 'U0/controller_inst/quant/div_data_b_reg[20]' (FDE) to 'U0/controller_inst/quant/div_data_b_reg[22]'
INFO: [Synth 8-3886] merging instance 'U0/controller_inst/quant/div_data_b_reg[22]' (FDE) to 'U0/controller_inst/quant/div_data_b_reg[24]'
INFO: [Synth 8-3886] merging instance 'U0/controller_inst/quant/div_data_b_reg[23]' (FDE) to 'U0/controller_inst/quant/div_data_b_reg[30]'
INFO: [Synth 8-3886] merging instance 'U0/controller_inst/quant/div_data_b_reg[24]' (FDE) to 'U0/controller_inst/quant/div_data_b_reg[25]'
INFO: [Synth 8-3886] merging instance 'U0/controller_inst/quant/div_data_b_reg[25]' (FDE) to 'U0/controller_inst/quant/div_data_b_reg[26]'
INFO: [Synth 8-3886] merging instance 'U0/controller_inst/quant/div_data_b_reg[26]' (FDE) to 'U0/controller_inst/quant/div_data_b_reg[27]'
INFO: [Synth 8-3886] merging instance 'U0/controller_inst/quant/div_data_b_reg[27]' (FDE) to 'U0/controller_inst/quant/div_data_b_reg[28]'
INFO: [Synth 8-3886] merging instance 'U0/controller_inst/quant/div_data_b_reg[28]' (FDE) to 'U0/controller_inst/quant/div_data_b_reg[29]'
INFO: [Synth 8-3886] merging instance 'U0/controller_inst/quant/div_data_b_reg[29]' (FDE) to 'U0/controller_inst/quant/div_data_a_reg[0]'
INFO: [Synth 8-3333] propagating constant 1 across sequential element (\U0/controller_inst/quant/div_data_b_reg[30] )
INFO: [Synth 8-3886] merging instance 'U0/controller_inst/quant/div_data_a_reg[0]' (FDE) to 'U0/controller_inst/quant/div_data_a_reg[1]'
INFO: [Synth 8-3886] merging instance 'U0/controller_inst/quant/div_data_a_reg[1]' (FDE) to 'U0/controller_inst/quant/div_data_a_reg[2]'
INFO: [Synth 8-3886] merging instance 'U0/controller_inst/quant/div_data_a_reg[2]' (FDE) to 'U0/controller_inst/quant/div_data_a_reg[3]'
INFO: [Synth 8-3886] merging instance 'U0/controller_inst/quant/div_data_a_reg[3]' (FDE) to 'U0/controller_inst/quant/div_data_a_reg[4]'
INFO: [Synth 8-3886] merging instance 'U0/controller_inst/quant/div_data_a_reg[4]' (FDE) to 'U0/controller_inst/quant/div_data_a_reg[5]'
INFO: [Synth 8-3886] merging instance 'U0/controller_inst/quant/div_data_a_reg[5]' (FDE) to 'U0/controller_inst/quant/div_data_a_reg[6]'
INFO: [Synth 8-3886] merging instance 'U0/controller_inst/quant/div_data_a_reg[6]' (FDE) to 'U0/controller_inst/quant/div_data_a_reg[7]'
INFO: [Synth 8-3886] merging instance 'U0/controller_inst/quant/div_data_a_reg[7]' (FDE) to 'U0/controller_inst/quant/div_data_a_reg[8]'
INFO: [Synth 8-3886] merging instance 'U0/controller_inst/quant/div_data_a_reg[8]' (FDE) to 'U0/controller_inst/quant/div_data_a_reg[9]'
INFO: [Synth 8-3886] merging instance 'U0/controller_inst/quant/div_data_a_reg[9]' (FDE) to 'U0/controller_inst/quant/div_data_a_reg[10]'
INFO: [Synth 8-3886] merging instance 'U0/controller_inst/quant/div_data_a_reg[10]' (FDE) to 'U0/controller_inst/quant/div_data_a_reg[11]'
INFO: [Synth 8-3886] merging instance 'U0/controller_inst/quant/div_data_a_reg[11]' (FDE) to 'U0/controller_inst/quant/div_data_a_reg[12]'
INFO: [Synth 8-3886] merging instance 'U0/controller_inst/quant/div_data_a_reg[12]' (FDE) to 'U0/controller_inst/quant/div_data_a_reg[13]'
INFO: [Synth 8-3886] merging instance 'U0/controller_inst/quant/div_data_a_reg[13]' (FDE) to 'U0/controller_inst/quant/div_data_a_reg[14]'
INFO: [Synth 8-3886] merging instance 'U0/controller_inst/quant/div_data_a_reg[14]' (FDE) to 'U0/controller_inst/quant/div_data_a_reg[15]'
INFO: [Synth 8-3886] merging instance 'U0/controller_inst/quant/div_data_a_reg[15]' (FDE) to 'U0/controller_inst/quant/div_data_a_reg[16]'
INFO: [Synth 8-3886] merging instance 'U0/controller_inst/quant/div_data_a_reg[16]' (FDE) to 'U0/controller_inst/quant/div_data_a_reg[17]'
INFO: [Synth 8-3886] merging instance 'U0/controller_inst/quant/div_data_a_reg[17]' (FDE) to 'U0/controller_inst/quant/div_data_a_reg[18]'
INFO: [Synth 8-3886] merging instance 'U0/controller_inst/quant/div_data_a_reg[18]' (FDE) to 'U0/controller_inst/quant/div_data_a_reg[19]'
INFO: [Synth 8-3886] merging instance 'U0/controller_inst/quant/div_data_a_reg[19]' (FDE) to 'U0/controller_inst/quant/div_data_a_reg[20]'
INFO: [Synth 8-3886] merging instance 'U0/controller_inst/quant/div_data_a_reg[20]' (FDE) to 'U0/controller_inst/quant/div_data_a_reg[22]'
INFO: [Synth 8-3886] merging instance 'U0/controller_inst/quant/div_data_a_reg[22]' (FDE) to 'U0/controller_inst/quant/div_data_a_reg[24]'
INFO: [Synth 8-3886] merging instance 'U0/controller_inst/quant/div_data_a_reg[24]' (FDE) to 'U0/controller_inst/quant/div_data_a_reg[25]'
INFO: [Synth 8-3886] merging instance 'U0/controller_inst/quant/div_data_a_reg[25]' (FDE) to 'U0/controller_inst/quant/div_data_a_reg[26]'
INFO: [Synth 8-3886] merging instance 'U0/controller_inst/quant/div_data_a_reg[26]' (FDE) to 'U0/controller_inst/quant/div_data_a_reg[27]'
INFO: [Synth 8-3886] merging instance 'U0/controller_inst/quant/div_data_a_reg[27]' (FDE) to 'U0/controller_inst/quant/div_data_a_reg[28]'
INFO: [Synth 8-3886] merging instance 'U0/controller_inst/quant/div_data_a_reg[28]' (FDE) to 'U0/controller_inst/quant/div_data_a_reg[29]'
INFO: [Synth 8-3886] merging instance 'U0/controller_inst/quant/div_data_a_reg[29]' (FDE) to 'U0/controller_inst/quant/div_data_a_reg[31]'
INFO: [Synth 8-3333] propagating constant 0 across sequential element (\U0/controller_inst/qStart_reg )
INFO: [Synth 8-3333] propagating constant 0 across sequential element (\U0/controller_inst/qdata_out_reg[0] )
INFO: [Synth 8-3333] propagating constant 0 across sequential element (\U0/controller_inst/qdata_out_reg[1] )
INFO: [Synth 8-3333] propagating constant 0 across sequential element (\U0/controller_inst/qdata_out_reg[2] )
INFO: [Synth 8-3333] propagating constant 0 across sequential element (\U0/controller_inst/qdata_out_reg[3] )
INFO: [Synth 8-3333] propagating constant 0 across sequential element (\U0/controller_inst/qdata_out_reg[4] )
INFO: [Synth 8-3333] propagating constant 0 across sequential element (\U0/controller_inst/qdata_out_reg[5] )
INFO: [Synth 8-3333] propagating constant 0 across sequential element (\U0/controller_inst/qdata_out_reg[6] )
INFO: [Synth 8-3333] propagating constant 0 across sequential element (\U0/controller_inst/qdata_out_reg[7] )
INFO: [Synth 8-3333] propagating constant 0 across sequential element (\U0/controller_inst/qdata_out_reg[8] )
INFO: [Synth 8-3333] propagating constant 0 across sequential element (\U0/controller_inst/qdata_out_reg[9] )
INFO: [Synth 8-3333] propagating constant 0 across sequential element (\U0/controller_inst/qdata_out_reg[10] )
INFO: [Synth 8-3333] propagating constant 0 across sequential element (\U0/controller_inst/qdata_out_reg[11] )
INFO: [Synth 8-3333] propagating constant 0 across sequential element (\U0/controller_inst/qdata_out_reg[12] )
INFO: [Synth 8-3333] propagating constant 0 across sequential element (\U0/controller_inst/qdata_out_reg[13] )
INFO: [Synth 8-3333] propagating constant 0 across sequential element (\U0/controller_inst/qdata_out_reg[14] )
INFO: [Synth 8-3333] propagating constant 0 across sequential element (\U0/controller_inst/qdata_out_reg[15] )
INFO: [Synth 8-3333] propagating constant 0 across sequential element (\U0/controller_inst/qdata_out_reg[16] )
INFO: [Synth 8-3333] propagating constant 0 across sequential element (\U0/controller_inst/qdata_out_reg[17] )
INFO: [Synth 8-3333] propagating constant 0 across sequential element (\U0/controller_inst/qdata_out_reg[18] )
INFO: [Synth 8-3333] propagating constant 0 across sequential element (\U0/controller_inst/qdata_out_reg[19] )
INFO: [Synth 8-3333] propagating constant 0 across sequential element (\U0/controller_inst/qdata_out_reg[20] )
INFO: [Synth 8-3333] propagating constant 0 across sequential element (\U0/controller_inst/qdata_out_reg[21] )
INFO: [Synth 8-3333] propagating constant 0 across sequential element (\U0/controller_inst/qdata_out_reg[22] )
INFO: [Synth 8-3333] propagating constant 0 across sequential element (\U0/controller_inst/qdata_out_reg[23] )
INFO: [Synth 8-3333] propagating constant 0 across sequential element (\U0/controller_inst/qdata_out_reg[24] )
INFO: [Synth 8-3333] propagating constant 0 across sequential element (\U0/controller_inst/qdata_out_reg[25] )
INFO: [Synth 8-3333] propagating constant 0 across sequential element (\U0/controller_inst/qdata_out_reg[26] )
INFO: [Synth 8-3333] propagating constant 0 across sequential element (\U0/controller_inst/qdata_out_reg[27] )
INFO: [Synth 8-3333] propagating constant 0 across sequential element (\U0/controller_inst/qdata_out_reg[28] )
INFO: [Synth 8-3333] propagating constant 0 across sequential element (\U0/controller_inst/qdata_out_reg[29] )
INFO: [Synth 8-3333] propagating constant 0 across sequential element (\U0/controller_inst/qdata_out_reg[30] )
INFO: [Synth 8-3333] propagating constant 0 across sequential element (\U0/controller_inst/qdata_out_reg[31] )
INFO: [Synth 8-3333] propagating constant 1 across sequential element (\U0/controller_inst/bre_reg )
INFO: [Synth 8-3333] propagating constant 0 across sequential element (\U0/controller_inst/bwe_reg )
INFO: [Synth 8-3333] propagating constant 1 across sequential element (\U0/controller_inst/bae_reg )
INFO: [Synth 8-3333] propagating constant 1 across sequential element (\U0/axi_ip_demo_v1_0_S00_AXI_inst/aw_en_reg )
INFO: [Synth 8-3886] merging instance 'U0/axi_ip_demo_v1_0_S00_AXI_inst/axi_rresp_reg[0]' (FDRE) to 'U0/axi_ip_demo_v1_0_S00_AXI_inst/axi_rresp_reg[1]'
INFO: [Synth 8-3333] propagating constant 0 across sequential element (\U0/axi_ip_demo_v1_0_S00_AXI_inst/axi_rresp_reg[1] )
INFO: [Synth 8-3886] merging instance 'U0/axi_ip_demo_v1_0_S00_AXI_inst/axi_bresp_reg[0]' (FDRE) to 'U0/axi_ip_demo_v1_0_S00_AXI_inst/axi_bresp_reg[1]'
INFO: [Synth 8-3333] propagating constant 0 across sequential element (\U0/axi_ip_demo_v1_0_S00_AXI_inst/axi_bresp_reg[1] )
INFO: [Synth 8-3886] merging instance 'U0i_0/U0/bram_inst/bramActiveAddr_reg[0]' (FDE) to 'U0i_0/U0/bram_inst/bramActiveAddr_reg[31]'
INFO: [Synth 8-3886] merging instance 'U0i_0/U0/bram_inst/bramActiveAddr_reg[1]' (FDE) to 'U0i_0/U0/bram_inst/bramActiveAddr_reg[31]'
INFO: [Synth 8-3886] merging instance 'U0i_0/U0/bram_inst/bramActiveAddr_reg[2]' (FDE) to 'U0i_0/U0/bram_inst/bramActiveAddr_reg[31]'
INFO: [Synth 8-3886] merging instance 'U0i_0/U0/bram_inst/bramActiveAddr_reg[3]' (FDE) to 'U0i_0/U0/bram_inst/bramActiveAddr_reg[31]'
INFO: [Synth 8-3886] merging instance 'U0i_0/U0/bram_inst/bramActiveAddr_reg[4]' (FDE) to 'U0i_0/U0/bram_inst/bramActiveAddr_reg[31]'
INFO: [Synth 8-3886] merging instance 'U0i_0/U0/bram_inst/bramActiveAddr_reg[5]' (FDE) to 'U0i_0/U0/bram_inst/bramActiveAddr_reg[31]'
INFO: [Synth 8-3886] merging instance 'U0i_0/U0/bram_inst/bramActiveAddr_reg[6]' (FDE) to 'U0i_0/U0/bram_inst/bramActiveAddr_reg[31]'
INFO: [Synth 8-3886] merging instance 'U0i_0/U0/bram_inst/bramActiveAddr_reg[7]' (FDE) to 'U0i_0/U0/bram_inst/bramActiveAddr_reg[31]'
INFO: [Synth 8-3886] merging instance 'U0i_0/U0/bram_inst/bramActiveAddr_reg[8]' (FDE) to 'U0i_0/U0/bram_inst/bramActiveAddr_reg[31]'
INFO: [Synth 8-3886] merging instance 'U0i_0/U0/bram_inst/bramActiveAddr_reg[9]' (FDE) to 'U0i_0/U0/bram_inst/bramActiveAddr_reg[31]'
INFO: [Synth 8-3886] merging instance 'U0i_0/U0/bram_inst/bramActiveAddr_reg[10]' (FDE) to 'U0i_0/U0/bram_inst/bramActiveAddr_reg[31]'
INFO: [Common 17-14] Message 'Synth 8-3886' appears 100 times and further instances of the messages will be disabled. Use the Tcl command set_msg_config to change the current settings.
INFO: [Synth 8-3333] propagating constant 0 across sequential element (U0i_0/\U0/bram_inst/bramActiveAddr_reg[31] )
INFO: [Synth 8-3332] Sequential element (U0/axi_ip_demo_v1_0_S00_AXI_inst/aw_en_reg) is unused and will be removed from module system_axi_ip_demo_0_0.
INFO: [Synth 8-3332] Sequential element (U0/axi_ip_demo_v1_0_S00_AXI_inst/axi_bresp_reg[1]) is unused and will be removed from module system_axi_ip_demo_0_0.
INFO: [Synth 8-3332] Sequential element (U0/axi_ip_demo_v1_0_S00_AXI_inst/axi_araddr_reg[1]) is unused and will be removed from module system_axi_ip_demo_0_0.
INFO: [Synth 8-3332] Sequential element (U0/axi_ip_demo_v1_0_S00_AXI_inst/axi_araddr_reg[0]) is unused and will be removed from module system_axi_ip_demo_0_0.
INFO: [Synth 8-3332] Sequential element (U0/axi_ip_demo_v1_0_S00_AXI_inst/axi_rresp_reg[1]) is unused and will be removed from module system_axi_ip_demo_0_0.
INFO: [Synth 8-3332] Sequential element (U0/axi_ip_demo_v1_0_S00_AXI_inst/axi_awaddr_reg[1]) is unused and will be removed from module system_axi_ip_demo_0_0.
INFO: [Synth 8-3332] Sequential element (U0/axi_ip_demo_v1_0_S00_AXI_inst/axi_awaddr_reg[0]) is unused and will be removed from module system_axi_ip_demo_0_0.
INFO: [Synth 8-3332] Sequential element (U0/axi_ip_demo_v1_0_S00_AXI_inst/slv_reg0_reg[31]) is unused and will be removed from module system_axi_ip_demo_0_0.
INFO: [Synth 8-3332] Sequential element (U0/axi_ip_demo_v1_0_S00_AXI_inst/slv_reg0_reg[30]) is unused and will be removed from module system_axi_ip_demo_0_0.
INFO: [Synth 8-3332] Sequential element (U0/axi_ip_demo_v1_0_S00_AXI_inst/slv_reg0_reg[29]) is unused and will be removed from module system_axi_ip_demo_0_0.
INFO: [Synth 8-3332] Sequential element (U0/axi_ip_demo_v1_0_S00_AXI_inst/slv_reg0_reg[28]) is unused and will be removed from module system_axi_ip_demo_0_0.
INFO: [Synth 8-3332] Sequential element (U0/axi_ip_demo_v1_0_S00_AXI_inst/slv_reg0_reg[27]) is unused and will be removed from module system_axi_ip_demo_0_0.
INFO: [Synth 8-3332] Sequential element (U0/axi_ip_demo_v1_0_S00_AXI_inst/slv_reg0_reg[26]) is unused and will be removed from module system_axi_ip_demo_0_0.
INFO: [Synth 8-3332] Sequential element (U0/axi_ip_demo_v1_0_S00_AXI_inst/slv_reg0_reg[25]) is unused and will be removed from module system_axi_ip_demo_0_0.
INFO: [Synth 8-3332] Sequential element (U0/axi_ip_demo_v1_0_S00_AXI_inst/slv_reg0_reg[24]) is unused and will be removed from module system_axi_ip_demo_0_0.
INFO: [Synth 8-3332] Sequential element (U0/axi_ip_demo_v1_0_S00_AXI_inst/slv_reg0_reg[23]) is unused and will be removed from module system_axi_ip_demo_0_0.
INFO: [Synth 8-3332] Sequential element (U0/axi_ip_demo_v1_0_S00_AXI_inst/slv_reg0_reg[22]) is unused and will be removed from module system_axi_ip_demo_0_0.
INFO: [Synth 8-3332] Sequential element (U0/axi_ip_demo_v1_0_S00_AXI_inst/slv_reg0_reg[21]) is unused and will be removed from module system_axi_ip_demo_0_0.
INFO: [Synth 8-3332] Sequential element (U0/axi_ip_demo_v1_0_S00_AXI_inst/slv_reg0_reg[20]) is unused and will be removed from module system_axi_ip_demo_0_0.
INFO: [Synth 8-3332] Sequential element (U0/axi_ip_demo_v1_0_S00_AXI_inst/slv_reg0_reg[19]) is unused and will be removed from module system_axi_ip_demo_0_0.
INFO: [Synth 8-3332] Sequential element (U0/axi_ip_demo_v1_0_S00_AXI_inst/slv_reg0_reg[18]) is unused and will be removed from module system_axi_ip_demo_0_0.
INFO: [Synth 8-3332] Sequential element (U0/axi_ip_demo_v1_0_S00_AXI_inst/slv_reg0_reg[17]) is unused and will be removed from module system_axi_ip_demo_0_0.
INFO: [Synth 8-3332] Sequential element (U0/axi_ip_demo_v1_0_S00_AXI_inst/slv_reg0_reg[16]) is unused and will be removed from module system_axi_ip_demo_0_0.
INFO: [Synth 8-3332] Sequential element (U0/axi_ip_demo_v1_0_S00_AXI_inst/slv_reg0_reg[15]) is unused and will be removed from module system_axi_ip_demo_0_0.
INFO: [Synth 8-3332] Sequential element (U0/axi_ip_demo_v1_0_S00_AXI_inst/slv_reg0_reg[14]) is unused and will be removed from module system_axi_ip_demo_0_0.
INFO: [Synth 8-3332] Sequential element (U0/axi_ip_demo_v1_0_S00_AXI_inst/slv_reg0_reg[13]) is unused and will be removed from module system_axi_ip_demo_0_0.
INFO: [Synth 8-3332] Sequential element (U0/axi_ip_demo_v1_0_S00_AXI_inst/slv_reg0_reg[12]) is unused and will be removed from module system_axi_ip_demo_0_0.
INFO: [Synth 8-3332] Sequential element (U0/axi_ip_demo_v1_0_S00_AXI_inst/slv_reg0_reg[11]) is unused and will be removed from module system_axi_ip_demo_0_0.
INFO: [Synth 8-3332] Sequential element (U0/axi_ip_demo_v1_0_S00_AXI_inst/slv_reg0_reg[10]) is unused and will be removed from module system_axi_ip_demo_0_0.
INFO: [Synth 8-3332] Sequential element (U0/axi_ip_demo_v1_0_S00_AXI_inst/slv_reg0_reg[9]) is unused and will be removed from module system_axi_ip_demo_0_0.
INFO: [Synth 8-3332] Sequential element (U0/axi_ip_demo_v1_0_S00_AXI_inst/slv_reg0_reg[8]) is unused and will be removed from module system_axi_ip_demo_0_0.
INFO: [Synth 8-3332] Sequential element (U0/axi_ip_demo_v1_0_S00_AXI_inst/slv_reg0_reg[7]) is unused and will be removed from module system_axi_ip_demo_0_0.
INFO: [Synth 8-3332] Sequential element (U0/axi_ip_demo_v1_0_S00_AXI_inst/slv_reg0_reg[6]) is unused and will be removed from module system_axi_ip_demo_0_0.
INFO: [Synth 8-3332] Sequential element (U0/axi_ip_demo_v1_0_S00_AXI_inst/slv_reg0_reg[5]) is unused and will be removed from module system_axi_ip_demo_0_0.
INFO: [Synth 8-3332] Sequential element (U0/axi_ip_demo_v1_0_S00_AXI_inst/slv_reg0_reg[4]) is unused and will be removed from module system_axi_ip_demo_0_0.
INFO: [Synth 8-3332] Sequential element (U0/axi_ip_demo_v1_0_S00_AXI_inst/slv_reg0_reg[3]) is unused and will be removed from module system_axi_ip_demo_0_0.
INFO: [Synth 8-3332] Sequential element (U0/axi_ip_demo_v1_0_S00_AXI_inst/slv_reg0_reg[2]) is unused and will be removed from module system_axi_ip_demo_0_0.
INFO: [Synth 8-3332] Sequential element (U0/axi_ip_demo_v1_0_S00_AXI_inst/slv_reg0_reg[1]) is unused and will be removed from module system_axi_ip_demo_0_0.
INFO: [Synth 8-3332] Sequential element (U0/axi_ip_demo_v1_0_S00_AXI_inst/slv_reg0_reg[0]) is unused and will be removed from module system_axi_ip_demo_0_0.
INFO: [Synth 8-3332] Sequential element (U0/axi_ip_demo_v1_0_S00_AXI_inst/slv_reg1_reg[31]) is unused and will be removed from module system_axi_ip_demo_0_0.
INFO: [Synth 8-3332] Sequential element (U0/axi_ip_demo_v1_0_S00_AXI_inst/slv_reg1_reg[30]) is unused and will be removed from module system_axi_ip_demo_0_0.
INFO: [Synth 8-3332] Sequential element (U0/axi_ip_demo_v1_0_S00_AXI_inst/slv_reg1_reg[29]) is unused and will be removed from module system_axi_ip_demo_0_0.
INFO: [Synth 8-3332] Sequential element (U0/axi_ip_demo_v1_0_S00_AXI_inst/slv_reg1_reg[28]) is unused and will be removed from module system_axi_ip_demo_0_0.
INFO: [Synth 8-3332] Sequential element (U0/axi_ip_demo_v1_0_S00_AXI_inst/slv_reg1_reg[27]) is unused and will be removed from module system_axi_ip_demo_0_0.
INFO: [Synth 8-3332] Sequential element (U0/axi_ip_demo_v1_0_S00_AXI_inst/slv_reg1_reg[26]) is unused and will be removed from module system_axi_ip_demo_0_0.
INFO: [Synth 8-3332] Sequential element (U0/axi_ip_demo_v1_0_S00_AXI_inst/slv_reg1_reg[25]) is unused and will be removed from module system_axi_ip_demo_0_0.
INFO: [Synth 8-3332] Sequential element (U0/axi_ip_demo_v1_0_S00_AXI_inst/slv_reg1_reg[24]) is unused and will be removed from module system_axi_ip_demo_0_0.
INFO: [Synth 8-3332] Sequential element (U0/axi_ip_demo_v1_0_S00_AXI_inst/slv_reg1_reg[23]) is unused and will be removed from module system_axi_ip_demo_0_0.
INFO: [Synth 8-3332] Sequential element (U0/axi_ip_demo_v1_0_S00_AXI_inst/slv_reg1_reg[22]) is unused and will be removed from module system_axi_ip_demo_0_0.
INFO: [Synth 8-3332] Sequential element (U0/axi_ip_demo_v1_0_S00_AXI_inst/slv_reg1_reg[21]) is unused and will be removed from module system_axi_ip_demo_0_0.
INFO: [Synth 8-3332] Sequential element (U0/axi_ip_demo_v1_0_S00_AXI_inst/slv_reg1_reg[20]) is unused and will be removed from module system_axi_ip_demo_0_0.
INFO: [Synth 8-3332] Sequential element (U0/axi_ip_demo_v1_0_S00_AXI_inst/slv_reg1_reg[19]) is unused and will be removed from module system_axi_ip_demo_0_0.
INFO: [Synth 8-3332] Sequential element (U0/axi_ip_demo_v1_0_S00_AXI_inst/slv_reg1_reg[18]) is unused and will be removed from module system_axi_ip_demo_0_0.
INFO: [Synth 8-3332] Sequential element (U0/axi_ip_demo_v1_0_S00_AXI_inst/slv_reg1_reg[17]) is unused and will be removed from module system_axi_ip_demo_0_0.
INFO: [Synth 8-3332] Sequential element (U0/axi_ip_demo_v1_0_S00_AXI_inst/slv_reg1_reg[16]) is unused and will be removed from module system_axi_ip_demo_0_0.
INFO: [Synth 8-3332] Sequential element (U0/axi_ip_demo_v1_0_S00_AXI_inst/slv_reg1_reg[15]) is unused and will be removed from module system_axi_ip_demo_0_0.
INFO: [Synth 8-3332] Sequential element (U0/axi_ip_demo_v1_0_S00_AXI_inst/slv_reg1_reg[14]) is unused and will be removed from module system_axi_ip_demo_0_0.
INFO: [Synth 8-3332] Sequential element (U0/axi_ip_demo_v1_0_S00_AXI_inst/slv_reg1_reg[13]) is unused and will be removed from module system_axi_ip_demo_0_0.
INFO: [Synth 8-3332] Sequential element (U0/axi_ip_demo_v1_0_S00_AXI_inst/slv_reg1_reg[12]) is unused and will be removed from module system_axi_ip_demo_0_0.
INFO: [Synth 8-3332] Sequential element (U0/axi_ip_demo_v1_0_S00_AXI_inst/slv_reg1_reg[11]) is unused and will be removed from module system_axi_ip_demo_0_0.
INFO: [Synth 8-3332] Sequential element (U0/axi_ip_demo_v1_0_S00_AXI_inst/slv_reg1_reg[10]) is unused and will be removed from module system_axi_ip_demo_0_0.
INFO: [Synth 8-3332] Sequential element (U0/axi_ip_demo_v1_0_S00_AXI_inst/slv_reg1_reg[9]) is unused and will be removed from module system_axi_ip_demo_0_0.
INFO: [Synth 8-3332] Sequential element (U0/axi_ip_demo_v1_0_S00_AXI_inst/slv_reg1_reg[8]) is unused and will be removed from module system_axi_ip_demo_0_0.
INFO: [Synth 8-3332] Sequential element (U0/axi_ip_demo_v1_0_S00_AXI_inst/slv_reg1_reg[7]) is unused and will be removed from module system_axi_ip_demo_0_0.
INFO: [Synth 8-3332] Sequential element (U0/axi_ip_demo_v1_0_S00_AXI_inst/slv_reg1_reg[6]) is unused and will be removed from module system_axi_ip_demo_0_0.
INFO: [Synth 8-3332] Sequential element (U0/axi_ip_demo_v1_0_S00_AXI_inst/slv_reg1_reg[5]) is unused and will be removed from module system_axi_ip_demo_0_0.
INFO: [Synth 8-3332] Sequential element (U0/axi_ip_demo_v1_0_S00_AXI_inst/slv_reg1_reg[4]) is unused and will be removed from module system_axi_ip_demo_0_0.
INFO: [Synth 8-3332] Sequential element (U0/axi_ip_demo_v1_0_S00_AXI_inst/slv_reg1_reg[3]) is unused and will be removed from module system_axi_ip_demo_0_0.
INFO: [Synth 8-3332] Sequential element (U0/axi_ip_demo_v1_0_S00_AXI_inst/slv_reg1_reg[2]) is unused and will be removed from module system_axi_ip_demo_0_0.
INFO: [Synth 8-3332] Sequential element (U0/axi_ip_demo_v1_0_S00_AXI_inst/slv_reg1_reg[1]) is unused and will be removed from module system_axi_ip_demo_0_0.
INFO: [Synth 8-3332] Sequential element (U0/axi_ip_demo_v1_0_S00_AXI_inst/slv_reg1_reg[0]) is unused and will be removed from module system_axi_ip_demo_0_0.
INFO: [Synth 8-3332] Sequential element (U0/axi_ip_demo_v1_0_S00_AXI_inst/slv_reg2_reg[31]) is unused and will be removed from module system_axi_ip_demo_0_0.
INFO: [Synth 8-3332] Sequential element (U0/axi_ip_demo_v1_0_S00_AXI_inst/slv_reg2_reg[30]) is unused and will be removed from module system_axi_ip_demo_0_0.
INFO: [Synth 8-3332] Sequential element (U0/axi_ip_demo_v1_0_S00_AXI_inst/slv_reg2_reg[29]) is unused and will be removed from module system_axi_ip_demo_0_0.
INFO: [Synth 8-3332] Sequential element (U0/axi_ip_demo_v1_0_S00_AXI_inst/slv_reg2_reg[28]) is unused and will be removed from module system_axi_ip_demo_0_0.
INFO: [Synth 8-3332] Sequential element (U0/axi_ip_demo_v1_0_S00_AXI_inst/slv_reg2_reg[27]) is unused and will be removed from module system_axi_ip_demo_0_0.
INFO: [Synth 8-3332] Sequential element (U0/axi_ip_demo_v1_0_S00_AXI_inst/slv_reg2_reg[26]) is unused and will be removed from module system_axi_ip_demo_0_0.
INFO: [Synth 8-3332] Sequential element (U0/axi_ip_demo_v1_0_S00_AXI_inst/slv_reg2_reg[25]) is unused and will be removed from module system_axi_ip_demo_0_0.
INFO: [Synth 8-3332] Sequential element (U0/axi_ip_demo_v1_0_S00_AXI_inst/slv_reg2_reg[24]) is unused and will be removed from module system_axi_ip_demo_0_0.
INFO: [Synth 8-3332] Sequential element (U0/axi_ip_demo_v1_0_S00_AXI_inst/slv_reg2_reg[23]) is unused and will be removed from module system_axi_ip_demo_0_0.
INFO: [Synth 8-3332] Sequential element (U0/axi_ip_demo_v1_0_S00_AXI_inst/slv_reg2_reg[22]) is unused and will be removed from module system_axi_ip_demo_0_0.
INFO: [Synth 8-3332] Sequential element (U0/axi_ip_demo_v1_0_S00_AXI_inst/slv_reg2_reg[21]) is unused and will be removed from module system_axi_ip_demo_0_0.
INFO: [Synth 8-3332] Sequential element (U0/axi_ip_demo_v1_0_S00_AXI_inst/slv_reg2_reg[20]) is unused and will be removed from module system_axi_ip_demo_0_0.
INFO: [Synth 8-3332] Sequential element (U0/axi_ip_demo_v1_0_S00_AXI_inst/slv_reg2_reg[19]) is unused and will be removed from module system_axi_ip_demo_0_0.
INFO: [Synth 8-3332] Sequential element (U0/axi_ip_demo_v1_0_S00_AXI_inst/slv_reg2_reg[18]) is unused and will be removed from module system_axi_ip_demo_0_0.
INFO: [Synth 8-3332] Sequential element (U0/axi_ip_demo_v1_0_S00_AXI_inst/slv_reg2_reg[17]) is unused and will be removed from module system_axi_ip_demo_0_0.
INFO: [Synth 8-3332] Sequential element (U0/axi_ip_demo_v1_0_S00_AXI_inst/slv_reg2_reg[16]) is unused and will be removed from module system_axi_ip_demo_0_0.
INFO: [Synth 8-3332] Sequential element (U0/axi_ip_demo_v1_0_S00_AXI_inst/slv_reg2_reg[15]) is unused and will be removed from module system_axi_ip_demo_0_0.
INFO: [Synth 8-3332] Sequential element (U0/axi_ip_demo_v1_0_S00_AXI_inst/slv_reg2_reg[14]) is unused and will be removed from module system_axi_ip_demo_0_0.
INFO: [Synth 8-3332] Sequential element (U0/axi_ip_demo_v1_0_S00_AXI_inst/slv_reg2_reg[13]) is unused and will be removed from module system_axi_ip_demo_0_0.
INFO: [Synth 8-3332] Sequential element (U0/axi_ip_demo_v1_0_S00_AXI_inst/slv_reg2_reg[12]) is unused and will be removed from module system_axi_ip_demo_0_0.
INFO: [Synth 8-3332] Sequential element (U0/axi_ip_demo_v1_0_S00_AXI_inst/slv_reg2_reg[11]) is unused and will be removed from module system_axi_ip_demo_0_0.
INFO: [Synth 8-3332] Sequential element (U0/axi_ip_demo_v1_0_S00_AXI_inst/slv_reg2_reg[10]) is unused and will be removed from module system_axi_ip_demo_0_0.
INFO: [Synth 8-3332] Sequential element (U0/axi_ip_demo_v1_0_S00_AXI_inst/slv_reg2_reg[9]) is unused and will be removed from module system_axi_ip_demo_0_0.
INFO: [Synth 8-3332] Sequential element (U0/axi_ip_demo_v1_0_S00_AXI_inst/slv_reg2_reg[8]) is unused and will be removed from module system_axi_ip_demo_0_0.
INFO: [Synth 8-3332] Sequential element (U0/axi_ip_demo_v1_0_S00_AXI_inst/slv_reg2_reg[7]) is unused and will be removed from module system_axi_ip_demo_0_0.
INFO: [Synth 8-3332] Sequential element (U0/axi_ip_demo_v1_0_S00_AXI_inst/slv_reg2_reg[6]) is unused and will be removed from module system_axi_ip_demo_0_0.
INFO: [Synth 8-3332] Sequential element (U0/axi_ip_demo_v1_0_S00_AXI_inst/slv_reg2_reg[5]) is unused and will be removed from module system_axi_ip_demo_0_0.
INFO: [Synth 8-3332] Sequential element (U0/axi_ip_demo_v1_0_S00_AXI_inst/slv_reg2_reg[4]) is unused and will be removed from module system_axi_ip_demo_0_0.
INFO: [Synth 8-3332] Sequential element (U0/axi_ip_demo_v1_0_S00_AXI_inst/slv_reg2_reg[3]) is unused and will be removed from module system_axi_ip_demo_0_0.
INFO: [Common 17-14] Message 'Synth 8-3332' appears 100 times and further instances of the messages will be disabled. Use the Tcl command set_msg_config to change the current settings.
INFO: [Synth 8-3333] propagating constant 0 across sequential element (\U0/controller_inst/quant/divider /U0/i_synth/\DIV_OP.SPD.OP/ROUND/EXP_IN_DELAY.EXP_OFF_OP_DEL/i_pipe/opt_has_pipe.first_q_reg[0] )
INFO: [Synth 8-3333] propagating constant 0 across sequential element (\U0/controller_inst/quant/divider /U0/i_synth/\DIV_OP.SPD.OP/ROUND/EXP_IN_DELAY.EXP_OFF_OP_DEL/i_pipe/opt_has_pipe.first_q_reg[7] )
INFO: [Synth 8-3333] propagating constant 0 across sequential element (\U0/controller_inst/quant/divider /U0/i_synth/\DIV_OP.SPD.OP/EXP/STATE_DEC_DELAY/i_pipe/opt_has_pipe.first_q_reg[6] )
INFO: [Synth 8-3333] propagating constant 0 across sequential element (\U0/controller_inst/quant/divider /U0/i_synth/\DIV_OP.SPD.OP/EXP/STATE_DEC_DELAY/i_pipe/opt_has_pipe.first_q_reg[7] )
INFO: [Synth 8-3333] propagating constant 0 across sequential element (\U0/controller_inst/quant/adder /U0/i_synth/\ADDSUB_OP.ADDSUB/SPEED_OP.DSP.OP/DSP48E1_BODY.EXP/DEC_STATE_PRE_OP_DELAY/i_pipe/opt_has_pipe.first_q_reg[7] )
---------------------------------------------------------------------------------
Finished Cross Boundary and Area Optimization : Time (s): cpu = 00:01:01 ; elapsed = 00:01:30 . Memory (MB): peak = 687.074 ; gain = 459.566
---------------------------------------------------------------------------------

Report RTL Partitions: 
+-+--------------+------------+----------+
| |RTL Partition |Replication |Instances |
+-+--------------+------------+----------+
+-+--------------+------------+----------+
---------------------------------------------------------------------------------
Start Applying XDC Timing Constraints
---------------------------------------------------------------------------------
---------------------------------------------------------------------------------
Finished Applying XDC Timing Constraints : Time (s): cpu = 00:01:23 ; elapsed = 00:01:52 . Memory (MB): peak = 779.855 ; gain = 552.348
---------------------------------------------------------------------------------
---------------------------------------------------------------------------------
Start Timing Optimization
---------------------------------------------------------------------------------
---------------------------------------------------------------------------------
Finished Timing Optimization : Time (s): cpu = 00:01:23 ; elapsed = 00:01:53 . Memory (MB): peak = 782.813 ; gain = 555.305
---------------------------------------------------------------------------------

Report RTL Partitions: 
+-+--------------+------------+----------+
| |RTL Partition |Replication |Instances |
+-+--------------+------------+----------+
+-+--------------+------------+----------+
---------------------------------------------------------------------------------
Start Technology Mapping
---------------------------------------------------------------------------------
---------------------------------------------------------------------------------
Finished Technology Mapping : Time (s): cpu = 00:01:25 ; elapsed = 00:01:55 . Memory (MB): peak = 806.254 ; gain = 578.746
---------------------------------------------------------------------------------

Report RTL Partitions: 
+-+--------------+------------+----------+
| |RTL Partition |Replication |Instances |
+-+--------------+------------+----------+
+-+--------------+------------+----------+
---------------------------------------------------------------------------------
Start IO Insertion
---------------------------------------------------------------------------------
---------------------------------------------------------------------------------
Start Flattening Before IO Insertion
---------------------------------------------------------------------------------
---------------------------------------------------------------------------------
Finished Flattening Before IO Insertion
---------------------------------------------------------------------------------
---------------------------------------------------------------------------------
Start Final Netlist Cleanup
---------------------------------------------------------------------------------
INFO: [Synth 8-5365] Flop ADDSUB_OP.ADDSUB/SPEED_OP.DSP.OP/DSP48E1_BODY.EXP/merged_sub_mux.mux_DELAY/i_pipe/opt_has_pipe.first_q_reg[0] is being inverted and renamed to ADDSUB_OP.ADDSUB/SPEED_OP.DSP.OP/DSP48E1_BODY.EXP/merged_sub_mux.mux_DELAY/i_pipe/opt_has_pipe.first_q_reg[0]_inv.
---------------------------------------------------------------------------------
Finished Final Netlist Cleanup
---------------------------------------------------------------------------------
---------------------------------------------------------------------------------
Finished IO Insertion : Time (s): cpu = 00:01:26 ; elapsed = 00:01:56 . Memory (MB): peak = 806.254 ; gain = 578.746
---------------------------------------------------------------------------------

Report Check Netlist: 
+------+------------------+-------+---------+-------+------------------+
|      |Item              |Errors |Warnings |Status |Description       |
+------+------------------+-------+---------+-------+------------------+
|1     |multi_driven_nets |      0|        0|Passed |Multi driven nets |
+------+------------------+-------+---------+-------+------------------+
---------------------------------------------------------------------------------
Start Renaming Generated Instances
---------------------------------------------------------------------------------
---------------------------------------------------------------------------------
Finished Renaming Generated Instances : Time (s): cpu = 00:01:26 ; elapsed = 00:01:56 . Memory (MB): peak = 806.254 ; gain = 578.746
---------------------------------------------------------------------------------

Report RTL Partitions: 
+-+--------------+------------+----------+
| |RTL Partition |Replication |Instances |
+-+--------------+------------+----------+
+-+--------------+------------+----------+
---------------------------------------------------------------------------------
Start Rebuilding User Hierarchy
---------------------------------------------------------------------------------
---------------------------------------------------------------------------------
Finished Rebuilding User Hierarchy : Time (s): cpu = 00:01:27 ; elapsed = 00:01:57 . Memory (MB): peak = 806.254 ; gain = 578.746
---------------------------------------------------------------------------------
---------------------------------------------------------------------------------
Start Renaming Generated Ports
---------------------------------------------------------------------------------
---------------------------------------------------------------------------------
Finished Renaming Generated Ports : Time (s): cpu = 00:01:27 ; elapsed = 00:01:57 . Memory (MB): peak = 806.254 ; gain = 578.746
---------------------------------------------------------------------------------
---------------------------------------------------------------------------------
Start Handling Custom Attributes
---------------------------------------------------------------------------------
---------------------------------------------------------------------------------
Finished Handling Custom Attributes : Time (s): cpu = 00:01:28 ; elapsed = 00:01:57 . Memory (MB): peak = 806.254 ; gain = 578.746
---------------------------------------------------------------------------------
---------------------------------------------------------------------------------
Start Renaming Generated Nets
---------------------------------------------------------------------------------
---------------------------------------------------------------------------------
Finished Renaming Generated Nets : Time (s): cpu = 00:01:28 ; elapsed = 00:01:57 . Memory (MB): peak = 806.254 ; gain = 578.746
---------------------------------------------------------------------------------
---------------------------------------------------------------------------------
Start Writing Synthesis Report
---------------------------------------------------------------------------------

Report BlackBoxes: 
+-+--------------+----------+
| |BlackBox name |Instances |
+-+--------------+----------+
+-+--------------+----------+

Report Cell Usage: 
+------+----------+------+
|      |Cell      |Count |
+------+----------+------+
|1     |CARRY4    |     7|
|2     |DSP48E1   |     1|
|3     |DSP48E1_1 |     1|
|4     |LUT1      |    12|
|5     |LUT2      |   193|
|6     |LUT3      |   909|
|7     |LUT4      |    90|
|8     |LUT5      |   139|
|9     |LUT6      |   254|
|10    |MUXCY     |   754|
|11    |MUXF7     |    66|
|12    |MUXF8     |    33|
|13    |RAM256X1S |    32|
|14    |SRL16E    |    32|
|15    |SRLC32E   |    21|
|16    |XORCY     |   732|
|17    |FDE       |    19|
|18    |FDRE      |  2725|
|19    |FDSE      |     4|
|20    |LD        |    32|
+------+----------+------+
---------------------------------------------------------------------------------
Finished Writing Synthesis Report : Time (s): cpu = 00:01:28 ; elapsed = 00:01:57 . Memory (MB): peak = 806.254 ; gain = 578.746
---------------------------------------------------------------------------------
Synthesis finished with 0 errors, 0 critical warnings and 213 warnings.
Synthesis Optimization Runtime : Time (s): cpu = 00:00:43 ; elapsed = 00:01:16 . Memory (MB): peak = 806.254 ; gain = 336.387
Synthesis Optimization Complete : Time (s): cpu = 00:01:28 ; elapsed = 00:01:58 . Memory (MB): peak = 806.254 ; gain = 578.746
INFO: [Project 1-571] Translating synthesized netlist
INFO: [Netlist 29-17] Analyzing 1578 Unisim elements for replacement
INFO: [Netlist 29-28] Unisim Transformation completed in 0 CPU seconds
INFO: [Project 1-570] Preparing netlist for logic optimization
INFO: [Opt 31-138] Pushed 0 inverter(s) to 0 load pin(s).
INFO: [Project 1-111] Unisim Transformation Summary:
  A total of 301 instances were transformed.
  (MUXCY,XORCY) => CARRY4: 218 instances
  FDE => FDRE: 19 instances
  LD => LDCE: 32 instances
  RAM256X1S => RAM256X1S (MUXF7, MUXF7, MUXF8, RAMS64E, RAMS64E, RAMS64E, RAMS64E): 32 instances

380 Infos, 119 Warnings, 0 Critical Warnings and 0 Errors encountered.
synth_design completed successfully
synth_design: Time (s): cpu = 00:01:35 ; elapsed = 00:02:05 . Memory (MB): peak = 806.254 ; gain = 582.188
INFO: [Common 17-1381] The checkpoint 'C:/Users/Ryan/Desktop/WavletVHDL/imagecompression/imagecompression.runs/system_axi_ip_demo_0_0_synth_1/system_axi_ip_demo_0_0.dcp' has been generated.
