Copyright 1986-2017 Xilinx, Inc. All Rights Reserved.
-------------------------------------------------------------------------------------------
| Tool Version : Vivado v.2017.2 (win64) Build 1909853 Thu Jun 15 18:39:09 MDT 2017
| Date         : Wed May 23 18:08:24 2018
| Host         : RYAN-HP running 64-bit major release  (build 9200)
| Command      : report_control_sets -verbose -file system_wrapper_control_sets_placed.rpt
| Design       : system_wrapper
| Device       : xc7z020
-------------------------------------------------------------------------------------------

Control Set Information

Table of Contents
-----------------
1. Summary
2. Flip-Flop Distribution
3. Detailed Control Set Information

1. Summary
----------

+----------------------------------------------------------+-------+
|                          Status                          | Count |
+----------------------------------------------------------+-------+
| Number of unique control sets                            |    81 |
| Unused register locations in slices containing registers |    69 |
+----------------------------------------------------------+-------+


2. Flip-Flop Distribution
-------------------------

+--------------+-----------------------+------------------------+-----------------+--------------+
| Clock Enable | Synchronous Set/Reset | Asynchronous Set/Reset | Total Registers | Total Slices |
+--------------+-----------------------+------------------------+-----------------+--------------+
| No           | No                    | No                     |             136 |           51 |
| No           | No                    | Yes                    |               0 |            0 |
| No           | Yes                   | No                     |              73 |           20 |
| Yes          | No                    | No                     |             300 |           69 |
| Yes          | No                    | Yes                    |               0 |            0 |
| Yes          | Yes                   | No                     |             446 |          137 |
+--------------+-----------------------+------------------------+-----------------+--------------+


3. Detailed Control Set Information
-----------------------------------

+---------------------------------------------------------------+-------------------------------------------------------------------------------------------------------------------------------------------------------------+----------------------------------------------------------------------------------------------------------------------------------------+------------------+----------------+
|                          Clock Signal                         |                                                                        Enable Signal                                                                        |                                                            Set/Reset Signal                                                            | Slice Load Count | Bel Load Count |
+---------------------------------------------------------------+-------------------------------------------------------------------------------------------------------------------------------------------------------------+----------------------------------------------------------------------------------------------------------------------------------------+------------------+----------------+
|  system_i/processing_system7_0/inst/FCLK_CLK0                 | system_i/ps7_0_axi_periph/s00_couplers/auto_pc/inst/gen_axilite.gen_b2s_conv.axilite_b2s/WR.b_channel_0/bid_fifo_0/bresp_push                               |                                                                                                                                        |                1 |              2 |
|  system_i/processing_system7_0/inst/FCLK_CLK0                 | system_i/ps7_0_axi_periph/s00_couplers/auto_pc/inst/gen_axilite.gen_b2s_conv.axilite_b2s/WR.aw_channel_0/aw_cmd_fsm_0/axaddr_wrap_reg[0]                    | system_i/ps7_0_axi_periph/s00_couplers/auto_pc/inst/gen_axilite.gen_b2s_conv.axilite_b2s/WR.aw_channel_0/aw_cmd_fsm_0/axlen_cnt_reg[7] |                2 |              4 |
|  system_i/processing_system7_0/inst/FCLK_CLK0                 |                                                                                                                                                             | system_i/ps7_0_axi_periph/s00_couplers/auto_pc/inst/gen_axilite.gen_b2s_conv.axilite_b2s/SI_REG/ar_pipe/m_valid_i_reg_0                |                2 |              4 |
|  system_i/processing_system7_0/inst/FCLK_CLK0                 |                                                                                                                                                             | system_i/rst_ps7_0_100M/U0/EXT_LPF/lpf_int                                                                                             |                1 |              4 |
|  system_i/processing_system7_0/inst/FCLK_CLK0                 |                                                                                                                                                             | system_i/ps7_0_axi_periph/s00_couplers/auto_pc/inst/gen_axilite.gen_b2s_conv.axilite_b2s/SI_REG/aw_pipe/s_ready_i_reg_0                |                2 |              4 |
|  system_i/processing_system7_0/inst/FCLK_CLK0                 | system_i/axi_ip_demo_0/U0/axi_ip_demo_v1_0_S00_AXI_inst/axi_arready_i_1_n_0                                                                                 | system_i/axi_ip_demo_0/U0/axi_ip_demo_v1_0_S00_AXI_inst/p_0_in                                                                         |                1 |              4 |
|  system_i/processing_system7_0/inst/FCLK_CLK0                 | system_i/axi_ip_demo_0/U0/axi_ip_demo_v1_0_S00_AXI_inst/axi_awready0                                                                                        | system_i/axi_ip_demo_0/U0/axi_ip_demo_v1_0_S00_AXI_inst/p_0_in                                                                         |                1 |              4 |
|  system_i/processing_system7_0/inst/FCLK_CLK0                 | system_i/ps7_0_axi_periph/s00_couplers/auto_pc/inst/gen_axilite.gen_b2s_conv.axilite_b2s/RD.ar_channel_0/ar_cmd_fsm_0/axlen_cnt_reg[4][0]                   | system_i/ps7_0_axi_periph/s00_couplers/auto_pc/inst/gen_axilite.gen_b2s_conv.axilite_b2s/RD.ar_channel_0/ar_cmd_fsm_0/axlen_cnt_reg[7] |                2 |              4 |
|  system_i/processing_system7_0/inst/FCLK_CLK0                 |                                                                                                                                                             | system_i/axi_ip_demo_0/U0/axi_ip_demo_v1_0_S00_AXI_inst/p_0_in                                                                         |                3 |              5 |
|  system_i/processing_system7_0/inst/FCLK_CLK0                 | system_i/rst_ps7_0_100M/U0/SEQ/seq_cnt_en                                                                                                                   | system_i/rst_ps7_0_100M/U0/SEQ/SEQ_COUNTER/clear                                                                                       |                1 |              6 |
|  system_i/processing_system7_0/inst/FCLK_CLK0                 | system_i/axi_ip_demo_0/U0/axi_ip_demo_v1_0_S00_AXI_inst/slv_reg12[23]_i_1_n_0                                                                               | system_i/axi_ip_demo_0/U0/axi_ip_demo_v1_0_S00_AXI_inst/p_0_in                                                                         |                1 |              8 |
|  system_i/processing_system7_0/inst/FCLK_CLK0                 | system_i/axi_ip_demo_0/U0/axi_ip_demo_v1_0_S00_AXI_inst/slv_reg12[15]_i_1_n_0                                                                               | system_i/axi_ip_demo_0/U0/axi_ip_demo_v1_0_S00_AXI_inst/p_0_in                                                                         |                2 |              8 |
|  system_i/processing_system7_0/inst/FCLK_CLK0                 | system_i/axi_ip_demo_0/U0/axi_ip_demo_v1_0_S00_AXI_inst/slv_reg11[15]_i_1_n_0                                                                               | system_i/axi_ip_demo_0/U0/axi_ip_demo_v1_0_S00_AXI_inst/p_0_in                                                                         |                2 |              8 |
|  system_i/processing_system7_0/inst/FCLK_CLK0                 | system_i/axi_ip_demo_0/U0/axi_ip_demo_v1_0_S00_AXI_inst/slv_reg12[31]_i_1_n_0                                                                               | system_i/axi_ip_demo_0/U0/axi_ip_demo_v1_0_S00_AXI_inst/p_0_in                                                                         |                1 |              8 |
|  system_i/processing_system7_0/inst/FCLK_CLK0                 | system_i/axi_ip_demo_0/U0/axi_ip_demo_v1_0_S00_AXI_inst/slv_reg12[7]_i_1_n_0                                                                                | system_i/axi_ip_demo_0/U0/axi_ip_demo_v1_0_S00_AXI_inst/p_0_in                                                                         |                2 |              8 |
|  system_i/processing_system7_0/inst/FCLK_CLK0                 | system_i/axi_ip_demo_0/U0/axi_ip_demo_v1_0_S00_AXI_inst/slv_reg13[15]_i_1_n_0                                                                               | system_i/axi_ip_demo_0/U0/axi_ip_demo_v1_0_S00_AXI_inst/p_0_in                                                                         |                3 |              8 |
|  system_i/processing_system7_0/inst/FCLK_CLK0                 | system_i/axi_ip_demo_0/U0/axi_ip_demo_v1_0_S00_AXI_inst/slv_reg13[23]_i_1_n_0                                                                               | system_i/axi_ip_demo_0/U0/axi_ip_demo_v1_0_S00_AXI_inst/p_0_in                                                                         |                1 |              8 |
|  system_i/processing_system7_0/inst/FCLK_CLK0                 | system_i/axi_ip_demo_0/U0/axi_ip_demo_v1_0_S00_AXI_inst/slv_reg11[7]_i_1_n_0                                                                                | system_i/axi_ip_demo_0/U0/axi_ip_demo_v1_0_S00_AXI_inst/p_0_in                                                                         |                1 |              8 |
|  system_i/processing_system7_0/inst/FCLK_CLK0                 | system_i/axi_ip_demo_0/U0/axi_ip_demo_v1_0_S00_AXI_inst/slv_reg10[15]_i_1_n_0                                                                               | system_i/axi_ip_demo_0/U0/axi_ip_demo_v1_0_S00_AXI_inst/p_0_in                                                                         |                2 |              8 |
|  system_i/processing_system7_0/inst/FCLK_CLK0                 | system_i/axi_ip_demo_0/U0/axi_ip_demo_v1_0_S00_AXI_inst/slv_reg10[23]_i_1_n_0                                                                               | system_i/axi_ip_demo_0/U0/axi_ip_demo_v1_0_S00_AXI_inst/p_0_in                                                                         |                1 |              8 |
|  system_i/processing_system7_0/inst/FCLK_CLK0                 | system_i/axi_ip_demo_0/U0/axi_ip_demo_v1_0_S00_AXI_inst/slv_reg10[31]_i_1_n_0                                                                               | system_i/axi_ip_demo_0/U0/axi_ip_demo_v1_0_S00_AXI_inst/p_0_in                                                                         |                3 |              8 |
|  system_i/processing_system7_0/inst/FCLK_CLK0                 | system_i/axi_ip_demo_0/U0/axi_ip_demo_v1_0_S00_AXI_inst/slv_reg10[7]_i_1_n_0                                                                                | system_i/axi_ip_demo_0/U0/axi_ip_demo_v1_0_S00_AXI_inst/p_0_in                                                                         |                1 |              8 |
|  system_i/processing_system7_0/inst/FCLK_CLK0                 | system_i/axi_ip_demo_0/U0/axi_ip_demo_v1_0_S00_AXI_inst/slv_reg11[23]_i_1_n_0                                                                               | system_i/axi_ip_demo_0/U0/axi_ip_demo_v1_0_S00_AXI_inst/p_0_in                                                                         |                2 |              8 |
|  system_i/processing_system7_0/inst/FCLK_CLK0                 | system_i/axi_ip_demo_0/U0/axi_ip_demo_v1_0_S00_AXI_inst/slv_reg11[31]_i_1_n_0                                                                               | system_i/axi_ip_demo_0/U0/axi_ip_demo_v1_0_S00_AXI_inst/p_0_in                                                                         |                1 |              8 |
|  system_i/processing_system7_0/inst/FCLK_CLK0                 | system_i/axi_ip_demo_0/U0/axi_ip_demo_v1_0_S00_AXI_inst/slv_reg3[7]_i_1_n_0                                                                                 | system_i/axi_ip_demo_0/U0/axi_ip_demo_v1_0_S00_AXI_inst/p_0_in                                                                         |                3 |              8 |
|  system_i/processing_system7_0/inst/FCLK_CLK0                 | system_i/axi_ip_demo_0/U0/axi_ip_demo_v1_0_S00_AXI_inst/slv_reg4[31]_i_1_n_0                                                                                | system_i/axi_ip_demo_0/U0/axi_ip_demo_v1_0_S00_AXI_inst/p_0_in                                                                         |                2 |              8 |
|  system_i/processing_system7_0/inst/FCLK_CLK0                 | system_i/axi_ip_demo_0/U0/axi_ip_demo_v1_0_S00_AXI_inst/slv_reg5[7]_i_1_n_0                                                                                 | system_i/axi_ip_demo_0/U0/axi_ip_demo_v1_0_S00_AXI_inst/p_0_in                                                                         |                2 |              8 |
|  system_i/processing_system7_0/inst/FCLK_CLK0                 | system_i/axi_ip_demo_0/U0/axi_ip_demo_v1_0_S00_AXI_inst/slv_reg3[15]_i_1_n_0                                                                                | system_i/axi_ip_demo_0/U0/axi_ip_demo_v1_0_S00_AXI_inst/p_0_in                                                                         |                3 |              8 |
|  system_i/processing_system7_0/inst/FCLK_CLK0                 | system_i/axi_ip_demo_0/U0/axi_ip_demo_v1_0_S00_AXI_inst/slv_reg4[15]_i_1_n_0                                                                                | system_i/axi_ip_demo_0/U0/axi_ip_demo_v1_0_S00_AXI_inst/p_0_in                                                                         |                2 |              8 |
|  system_i/processing_system7_0/inst/FCLK_CLK0                 | system_i/axi_ip_demo_0/U0/axi_ip_demo_v1_0_S00_AXI_inst/slv_reg5[23]_i_1_n_0                                                                                | system_i/axi_ip_demo_0/U0/axi_ip_demo_v1_0_S00_AXI_inst/p_0_in                                                                         |                2 |              8 |
|  system_i/processing_system7_0/inst/FCLK_CLK0                 | system_i/axi_ip_demo_0/U0/axi_ip_demo_v1_0_S00_AXI_inst/slv_reg5[15]_i_1_n_0                                                                                | system_i/axi_ip_demo_0/U0/axi_ip_demo_v1_0_S00_AXI_inst/p_0_in                                                                         |                1 |              8 |
|  system_i/processing_system7_0/inst/FCLK_CLK0                 | system_i/axi_ip_demo_0/U0/axi_ip_demo_v1_0_S00_AXI_inst/slv_reg7[31]_i_1_n_0                                                                                | system_i/axi_ip_demo_0/U0/axi_ip_demo_v1_0_S00_AXI_inst/p_0_in                                                                         |                2 |              8 |
|  system_i/processing_system7_0/inst/FCLK_CLK0                 | system_i/axi_ip_demo_0/U0/axi_ip_demo_v1_0_S00_AXI_inst/slv_reg8[7]_i_1_n_0                                                                                 | system_i/axi_ip_demo_0/U0/axi_ip_demo_v1_0_S00_AXI_inst/p_0_in                                                                         |                2 |              8 |
|  system_i/processing_system7_0/inst/FCLK_CLK0                 | system_i/axi_ip_demo_0/U0/axi_ip_demo_v1_0_S00_AXI_inst/slv_reg14[15]_i_1_n_0                                                                               | system_i/axi_ip_demo_0/U0/axi_ip_demo_v1_0_S00_AXI_inst/p_0_in                                                                         |                2 |              8 |
|  system_i/processing_system7_0/inst/FCLK_CLK0                 | system_i/axi_ip_demo_0/U0/axi_ip_demo_v1_0_S00_AXI_inst/slv_reg13[7]_i_1_n_0                                                                                | system_i/axi_ip_demo_0/U0/axi_ip_demo_v1_0_S00_AXI_inst/p_0_in                                                                         |                1 |              8 |
|  system_i/processing_system7_0/inst/FCLK_CLK0                 | system_i/axi_ip_demo_0/U0/axi_ip_demo_v1_0_S00_AXI_inst/slv_reg8[31]_i_1_n_0                                                                                | system_i/axi_ip_demo_0/U0/axi_ip_demo_v1_0_S00_AXI_inst/p_0_in                                                                         |                2 |              8 |
|  system_i/processing_system7_0/inst/FCLK_CLK0                 | system_i/axi_ip_demo_0/U0/axi_ip_demo_v1_0_S00_AXI_inst/slv_reg14[31]_i_1_n_0                                                                               | system_i/axi_ip_demo_0/U0/axi_ip_demo_v1_0_S00_AXI_inst/p_0_in                                                                         |                4 |              8 |
|  system_i/processing_system7_0/inst/FCLK_CLK0                 | system_i/axi_ip_demo_0/U0/axi_ip_demo_v1_0_S00_AXI_inst/slv_reg9[7]_i_1_n_0                                                                                 | system_i/axi_ip_demo_0/U0/axi_ip_demo_v1_0_S00_AXI_inst/p_0_in                                                                         |                3 |              8 |
|  system_i/processing_system7_0/inst/FCLK_CLK0                 | system_i/axi_ip_demo_0/U0/axi_ip_demo_v1_0_S00_AXI_inst/slv_reg8[15]_i_1_n_0                                                                                | system_i/axi_ip_demo_0/U0/axi_ip_demo_v1_0_S00_AXI_inst/p_0_in                                                                         |                1 |              8 |
|  system_i/processing_system7_0/inst/FCLK_CLK0                 | system_i/axi_ip_demo_0/U0/axi_ip_demo_v1_0_S00_AXI_inst/slv_reg13[31]_i_1_n_0                                                                               | system_i/axi_ip_demo_0/U0/axi_ip_demo_v1_0_S00_AXI_inst/p_0_in                                                                         |                2 |              8 |
|  system_i/processing_system7_0/inst/FCLK_CLK0                 | system_i/axi_ip_demo_0/U0/axi_ip_demo_v1_0_S00_AXI_inst/slv_reg7[23]_i_1_n_0                                                                                | system_i/axi_ip_demo_0/U0/axi_ip_demo_v1_0_S00_AXI_inst/p_0_in                                                                         |                4 |              8 |
|  system_i/processing_system7_0/inst/FCLK_CLK0                 | system_i/axi_ip_demo_0/U0/axi_ip_demo_v1_0_S00_AXI_inst/slv_reg9[23]_i_1_n_0                                                                                | system_i/axi_ip_demo_0/U0/axi_ip_demo_v1_0_S00_AXI_inst/p_0_in                                                                         |                3 |              8 |
|  system_i/processing_system7_0/inst/FCLK_CLK0                 | system_i/axi_ip_demo_0/U0/axi_ip_demo_v1_0_S00_AXI_inst/slv_reg3[23]_i_1_n_0                                                                                | system_i/axi_ip_demo_0/U0/axi_ip_demo_v1_0_S00_AXI_inst/p_0_in                                                                         |                1 |              8 |
|  system_i/processing_system7_0/inst/FCLK_CLK0                 | system_i/axi_ip_demo_0/U0/axi_ip_demo_v1_0_S00_AXI_inst/slv_reg15[15]_i_1_n_0                                                                               | system_i/axi_ip_demo_0/U0/axi_ip_demo_v1_0_S00_AXI_inst/p_0_in                                                                         |                1 |              8 |
|  system_i/processing_system7_0/inst/FCLK_CLK0                 | system_i/axi_ip_demo_0/U0/axi_ip_demo_v1_0_S00_AXI_inst/slv_reg9[31]_i_1_n_0                                                                                | system_i/axi_ip_demo_0/U0/axi_ip_demo_v1_0_S00_AXI_inst/p_0_in                                                                         |                4 |              8 |
|  system_i/processing_system7_0/inst/FCLK_CLK0                 | system_i/axi_ip_demo_0/U0/axi_ip_demo_v1_0_S00_AXI_inst/slv_reg4[7]_i_1_n_0                                                                                 | system_i/axi_ip_demo_0/U0/axi_ip_demo_v1_0_S00_AXI_inst/p_0_in                                                                         |                3 |              8 |
|  system_i/processing_system7_0/inst/FCLK_CLK0                 | system_i/axi_ip_demo_0/U0/axi_ip_demo_v1_0_S00_AXI_inst/slv_reg7[7]_i_1_n_0                                                                                 | system_i/axi_ip_demo_0/U0/axi_ip_demo_v1_0_S00_AXI_inst/p_0_in                                                                         |                2 |              8 |
|  system_i/processing_system7_0/inst/FCLK_CLK0                 | system_i/axi_ip_demo_0/U0/axi_ip_demo_v1_0_S00_AXI_inst/slv_reg8[23]_i_1_n_0                                                                                | system_i/axi_ip_demo_0/U0/axi_ip_demo_v1_0_S00_AXI_inst/p_0_in                                                                         |                4 |              8 |
|  system_i/processing_system7_0/inst/FCLK_CLK0                 | system_i/axi_ip_demo_0/U0/axi_ip_demo_v1_0_S00_AXI_inst/slv_reg3[31]_i_1_n_0                                                                                | system_i/axi_ip_demo_0/U0/axi_ip_demo_v1_0_S00_AXI_inst/p_0_in                                                                         |                1 |              8 |
|  system_i/processing_system7_0/inst/FCLK_CLK0                 | system_i/axi_ip_demo_0/U0/axi_ip_demo_v1_0_S00_AXI_inst/slv_reg14[23]_i_1_n_0                                                                               | system_i/axi_ip_demo_0/U0/axi_ip_demo_v1_0_S00_AXI_inst/p_0_in                                                                         |                2 |              8 |
|  system_i/processing_system7_0/inst/FCLK_CLK0                 | system_i/axi_ip_demo_0/U0/axi_ip_demo_v1_0_S00_AXI_inst/slv_reg4[23]_i_1_n_0                                                                                | system_i/axi_ip_demo_0/U0/axi_ip_demo_v1_0_S00_AXI_inst/p_0_in                                                                         |                2 |              8 |
|  system_i/processing_system7_0/inst/FCLK_CLK0                 | system_i/axi_ip_demo_0/U0/axi_ip_demo_v1_0_S00_AXI_inst/slv_reg15[23]_i_1_n_0                                                                               | system_i/axi_ip_demo_0/U0/axi_ip_demo_v1_0_S00_AXI_inst/p_0_in                                                                         |                2 |              8 |
|  system_i/processing_system7_0/inst/FCLK_CLK0                 | system_i/axi_ip_demo_0/U0/axi_ip_demo_v1_0_S00_AXI_inst/slv_reg15[31]_i_1_n_0                                                                               | system_i/axi_ip_demo_0/U0/axi_ip_demo_v1_0_S00_AXI_inst/p_0_in                                                                         |                2 |              8 |
|  system_i/processing_system7_0/inst/FCLK_CLK0                 | system_i/axi_ip_demo_0/U0/axi_ip_demo_v1_0_S00_AXI_inst/slv_reg14[7]_i_1_n_0                                                                                | system_i/axi_ip_demo_0/U0/axi_ip_demo_v1_0_S00_AXI_inst/p_0_in                                                                         |                2 |              8 |
|  system_i/processing_system7_0/inst/FCLK_CLK0                 | system_i/axi_ip_demo_0/U0/axi_ip_demo_v1_0_S00_AXI_inst/slv_reg15[7]_i_1_n_0                                                                                | system_i/axi_ip_demo_0/U0/axi_ip_demo_v1_0_S00_AXI_inst/p_0_in                                                                         |                1 |              8 |
|  system_i/processing_system7_0/inst/FCLK_CLK0                 | system_i/axi_ip_demo_0/U0/axi_ip_demo_v1_0_S00_AXI_inst/slv_reg5[31]_i_1_n_0                                                                                | system_i/axi_ip_demo_0/U0/axi_ip_demo_v1_0_S00_AXI_inst/p_0_in                                                                         |                1 |              8 |
|  system_i/processing_system7_0/inst/FCLK_CLK0                 | system_i/axi_ip_demo_0/U0/axi_ip_demo_v1_0_S00_AXI_inst/slv_reg7[15]_i_1_n_0                                                                                | system_i/axi_ip_demo_0/U0/axi_ip_demo_v1_0_S00_AXI_inst/p_0_in                                                                         |                2 |              8 |
|  system_i/processing_system7_0/inst/FCLK_CLK0                 | system_i/axi_ip_demo_0/U0/axi_ip_demo_v1_0_S00_AXI_inst/slv_reg9[15]_i_1_n_0                                                                                | system_i/axi_ip_demo_0/U0/axi_ip_demo_v1_0_S00_AXI_inst/p_0_in                                                                         |                2 |              8 |
|  system_i/processing_system7_0/inst/FCLK_CLK0                 | system_i/ps7_0_axi_periph/s00_couplers/auto_pc/inst/gen_axilite.gen_b2s_conv.axilite_b2s/RD.ar_channel_0/ar_cmd_fsm_0/axaddr_incr_reg[11]                   |                                                                                                                                        |                2 |              8 |
|  system_i/processing_system7_0/inst/FCLK_CLK0                 | system_i/ps7_0_axi_periph/s00_couplers/auto_pc/inst/gen_axilite.gen_b2s_conv.axilite_b2s/RD.ar_channel_0/ar_cmd_fsm_0/E[0]                                  |                                                                                                                                        |                4 |              8 |
|  system_i/processing_system7_0/inst/FCLK_CLK0                 | system_i/ps7_0_axi_periph/s00_couplers/auto_pc/inst/gen_axilite.gen_b2s_conv.axilite_b2s/WR.b_channel_0/mhandshake_r                                        | system_i/ps7_0_axi_periph/s00_couplers/auto_pc/inst/gen_axilite.gen_b2s_conv.axilite_b2s/WR.b_channel_0/bid_fifo_0/SR[0]               |                2 |              8 |
|  system_i/processing_system7_0/inst/FCLK_CLK0                 | system_i/ps7_0_axi_periph/s00_couplers/auto_pc/inst/gen_axilite.gen_b2s_conv.axilite_b2s/WR.aw_channel_0/cmd_translator_0/incr_cmd_0/axaddr_incr[0]_i_1_n_0 |                                                                                                                                        |                2 |              8 |
|  system_i/processing_system7_0/inst/FCLK_CLK0                 | system_i/ps7_0_axi_periph/s00_couplers/auto_pc/inst/gen_axilite.gen_b2s_conv.axilite_b2s/WR.aw_channel_0/aw_cmd_fsm_0/E[0]                                  |                                                                                                                                        |                3 |              8 |
|  system_i/processing_system7_0/inst/FCLK_CLK0                 | system_i/ps7_0_axi_periph/s00_couplers/auto_pc/inst/gen_axilite.gen_b2s_conv.axilite_b2s/RD.r_channel_0/r_push_r                                            |                                                                                                                                        |                4 |             13 |
|  system_i/processing_system7_0/inst/FCLK_CLK0                 | system_i/ps7_0_axi_periph/s00_couplers/auto_pc/inst/gen_axilite.gen_b2s_conv.axilite_b2s/SI_REG/b_pipe/p_1_in                                               |                                                                                                                                        |                2 |             14 |
|  system_i/processing_system7_0/inst/FCLK_CLK0                 | system_i/ps7_0_axi_periph/s00_couplers/auto_pc/inst/gen_axilite.gen_b2s_conv.axilite_b2s/SI_REG/b_pipe/skid_buffer_reg[0]_0                                 |                                                                                                                                        |                3 |             14 |
|  system_i/processing_system7_0/inst/FCLK_CLK0                 | system_i/ps7_0_axi_periph/s00_couplers/auto_pc/inst/gen_axilite.gen_b2s_conv.axilite_b2s/WR.aw_channel_0/aw_cmd_fsm_0/b_push                                |                                                                                                                                        |                3 |             16 |
|  system_i/processing_system7_0/inst/FCLK_CLK0                 | system_i/ps7_0_axi_periph/s00_couplers/auto_pc/inst/gen_axilite.gen_b2s_conv.axilite_b2s/RD.ar_channel_0/ar_cmd_fsm_0/axlen_cnt_reg[4][0]                   |                                                                                                                                        |                6 |             17 |
|  system_i/processing_system7_0/inst/FCLK_CLK0                 | system_i/ps7_0_axi_periph/s00_couplers/auto_pc/inst/gen_axilite.gen_b2s_conv.axilite_b2s/WR.aw_channel_0/aw_cmd_fsm_0/axaddr_wrap_reg[0]                    |                                                                                                                                        |                7 |             17 |
|  system_i/processing_system7_0/inst/FCLK_CLK0                 | system_i/ps7_0_axi_periph/s00_couplers/auto_pc/inst/gen_axilite.gen_b2s_conv.axilite_b2s/RD.ar_channel_0/ar_cmd_fsm_0/m_payload_i_reg[0]_1[0]               |                                                                                                                                        |                6 |             28 |
|  system_i/processing_system7_0/inst/FCLK_CLK0                 | system_i/ps7_0_axi_periph/s00_couplers/auto_pc/inst/gen_axilite.gen_b2s_conv.axilite_b2s/SI_REG/ar_pipe/s_axi_arready                                       |                                                                                                                                        |                6 |             28 |
|  system_i/processing_system7_0/inst/FCLK_CLK0                 | system_i/ps7_0_axi_periph/s00_couplers/auto_pc/inst/gen_axilite.gen_b2s_conv.axilite_b2s/WR.aw_channel_0/aw_cmd_fsm_0/m_payload_i_reg[0][0]                 |                                                                                                                                        |                5 |             28 |
|  system_i/processing_system7_0/inst/FCLK_CLK0                 | system_i/ps7_0_axi_periph/s00_couplers/auto_pc/inst/gen_axilite.gen_b2s_conv.axilite_b2s/SI_REG/aw_pipe/s_axi_awready                                       |                                                                                                                                        |                7 |             28 |
|  system_i/axi_ip_demo_0/U0/bram_inst/bramdata_reg[31]_i_1_n_0 |                                                                                                                                                             |                                                                                                                                        |               21 |             32 |
|  system_i/processing_system7_0/inst/FCLK_CLK0                 | system_i/axi_ip_demo_0/U0/axi_ip_demo_v1_0_S00_AXI_inst/slv_reg_rden                                                                                        | system_i/axi_ip_demo_0/U0/axi_ip_demo_v1_0_S00_AXI_inst/p_0_in                                                                         |               32 |             32 |
|  system_i/processing_system7_0/inst/FCLK_CLK0                 | system_i/ps7_0_axi_periph/s00_couplers/auto_pc/inst/gen_axilite.gen_b2s_conv.axilite_b2s/RD.r_channel_0/rd_data_fifo_0/wr_en0                               |                                                                                                                                        |                9 |             34 |
|  system_i/processing_system7_0/inst/FCLK_CLK0                 | system_i/ps7_0_axi_periph/s00_couplers/auto_pc/inst/gen_axilite.gen_b2s_conv.axilite_b2s/SI_REG/r_pipe/skid_buffer_reg[0]_0                                 |                                                                                                                                        |                8 |             47 |
|  system_i/processing_system7_0/inst/FCLK_CLK0                 | system_i/ps7_0_axi_periph/s00_couplers/auto_pc/inst/gen_axilite.gen_b2s_conv.axilite_b2s/SI_REG/r_pipe/p_1_in                                               |                                                                                                                                        |                8 |             47 |
|  system_i/processing_system7_0/inst/FCLK_CLK0                 |                                                                                                                                                             | system_i/ps7_0_axi_periph/s00_couplers/auto_pc/inst/gen_axilite.gen_b2s_conv.axilite_b2s/areset_d1                                     |               12 |             56 |
|  system_i/processing_system7_0/inst/FCLK_CLK0                 |                                                                                                                                                             |                                                                                                                                        |               31 |            105 |
|  system_i/processing_system7_0/inst/FCLK_CLK0                 | system_i/axi_ip_demo_0/U0/bram_inst/bram_reg_0_255_0_0_i_1_n_0                                                                                              |                                                                                                                                        |               32 |            128 |
+---------------------------------------------------------------+-------------------------------------------------------------------------------------------------------------------------------------------------------------+----------------------------------------------------------------------------------------------------------------------------------------+------------------+----------------+


+--------+-----------------------+
| Fanout | Number of ControlSets |
+--------+-----------------------+
| 2      |                     1 |
| 4      |                     7 |
| 5      |                     1 |
| 6      |                     1 |
| 8      |                    53 |
| 13     |                     1 |
| 14     |                     2 |
| 16+    |                    15 |
+--------+-----------------------+


